{'level': 'SEVERE', 'message': "file:///Applications/lghub.app/Contents/Resources/app.asar/app.min.js 1 WebSocket connection to 'ws://localhost:9010/' failed: Error in connection establishment: net::ERR_CONNECTION_REFUSED", 'source': 'javascript', 'timestamp': 1635511876011}
{'level': 'SEVERE', 'message': 'file:///Applications/lghub.app/Contents/Resources/app.asar/app.min.js 1:420262 "INVALID_STATE_ERR : Pausing to reconnect websocket"', 'source': 'console-api', 'timestamp': 1635511876011}
{'level': 'SEVERE', 'message': 'file:///Applications/lghub.app/Contents/Resources/app.asar/app.min.js 1:420262 "The above error occurred in task fZ\\n    created by e\\n    created by R1\\nTasks cancelled due to error:\\ne\\nzj\\neK\\ne\\ne\\ne\\ne\\ne\\ne\\ne\\ne\\ne\\ne\\ne\\ne\\ne\\ne\\ne\\ne\\ne\\ne\\ne\\ne\\ne\\ne\\ne\\ne\\ne\\ne\\ne\\ne\\ne\\ne\\ne\\ne\\ne\\ne\\ne\\ne\\ne\\ne\\ne\\ne\\ne\\ne\\ne\\ne\\ne\\ne\\ne\\ne\\ne\\ne\\ne\\ne\\ne\\ne\\ne\\ne\\ne\\ne\\ne\\ne\\ne\\ne\\ne\\ne\\ne\\ne\\ne\\ne\\ne\\ne\\ne\\ne\\ne\\ne\\ne\\ne\\ne\\ne\\ne\\ne\\ne\\ne\\ne\\ne\\ne\\ne\\ne\\ne\\ne\\ne\\ne\\ne\\ne\\ne\\ne\\ne\\ne\\ne\\ne\\ne\\ne\\ne\\ne\\ne\\ne\\ne\\ne\\ne\\ne\\ne\\ne\\ne\\ne\\ne\\ne\\ne\\ne\\ne\\ne\\ne\\ne\\ne\\ne\\ne\\ne\\ne\\ne\\ne\\ne\\ne\\ne\\ne\\ne\\ne\\ne\\ne\\ne\\ne\\ne\\ne\\ne\\ne\\ne\\ne\\ne\\ne\\ne\\ne\\ne\\ne\\ne\\ne\\ne\\ne\\ne\\ne\\ne\\ne\\ne\\ne\\ne\\ne\\ne\\ne\\ne\\ne\\ne\\ne\\ne\\ne\\ne\\ne\\ne\\ne\\ne\\ne\\ne\\ne\\ne\\ne\\ne\\ne\\ne\\ne\\ne\\ne\\ne\\ne\\ne\\ne\\ne\\ne"', 'source': 'console-api', 'timestamp': 1635511876012}
{'level': 'SEVERE', 'message': "file:///Applications/lghub.app/Contents/Resources/app.asar/app.min.js 1 WebSocket connection to 'ws://localhost:9010/' failed: Error in connection establishment: net::ERR_CONNECTION_REFUSED", 'source': 'javascript', 'timestamp': 1635511877136}
{'level': 'SEVERE', 'message': "file:///Applications/lghub.app/Contents/Resources/app.asar/app.min.js 1 WebSocket connection to 'ws://localhost:9010/' failed: Error in connection establishment: net::ERR_CONNECTION_REFUSED", 'source': 'javascript', 'timestamp': 1635511877269}
{'level': 'WARNING', 'message': "file:///Applications/lghub.app/Contents/Resources/app.asar/app.min.js 1 WebSocket connection to 'ws://localhost:9010/' failed: WebSocket is closed before the connection is established.", 'source': 'javascript', 'timestamp': 1635512306461}
{'level': 'SEVERE', 'message': "file:///Applications/lghub.app/Contents/Resources/app.asar/app.min.js 1 WebSocket connection to 'ws://localhost:9010/' failed: Error in connection establishment: net::ERR_CONNECTION_REFUSED", 'source': 'javascript', 'timestamp': 1635512306462}
{'level': 'SEVERE', 'message': "file:///Applications/lghub.app/Contents/Resources/app.asar/app.min.js 1 WebSocket connection to 'ws://localhost:9010/' failed: Error in connection establishment: net::ERR_CONNECTION_REFUSED", 'source': 'javascript', 'timestamp': 1635512306462}
{'level': 'SEVERE', 'message': "file:///Applications/lghub.app/Contents/Resources/app.asar/app.min.js 1 WebSocket connection to 'ws://localhost:9010/' failed: Error in connection establishment: net::ERR_CONNECTION_REFUSED", 'source': 'javascript', 'timestamp': 1635512306462}
{'level': 'SEVERE', 'message': "file:///Applications/lghub.app/Contents/Resources/app.asar/app.min.js 1 WebSocket connection to 'ws://localhost:9010/' failed: Error in connection establishment: net::ERR_CONNECTION_REFUSED", 'source': 'javascript', 'timestamp': 1635512306462}
{'level': 'SEVERE', 'message': "file:///Applications/lghub.app/Contents/Resources/app.asar/app.min.js 1 WebSocket connection to 'ws://localhost:9010/' failed: Error in connection establishment: net::ERR_CONNECTION_REFUSED", 'source': 'javascript', 'timestamp': 1635512306462}
{'level': 'SEVERE', 'message': "file:///Applications/lghub.app/Contents/Resources/app.asar/app.min.js 1 WebSocket connection to 'ws://localhost:9010/' failed: Error in connection establishment: net::ERR_CONNECTION_REFUSED", 'source': 'javascript', 'timestamp': 1635512306462}
{'level': 'SEVERE', 'message': "file:///Applications/lghub.app/Contents/Resources/app.asar/app.min.js 1 WebSocket connection to 'ws://localhost:9010/' failed: Error in connection establishment: net::ERR_CONNECTION_REFUSED", 'source': 'javascript', 'timestamp': 1635512306462}
{'level': 'SEVERE', 'message': "file:///Applications/lghub.app/Contents/Resources/app.asar/app.min.js 1 WebSocket connection to 'ws://localhost:9010/' failed: Error in connection establishment: net::ERR_CONNECTION_REFUSED", 'source': 'javascript', 'timestamp': 1635512306462}
{'level': 'SEVERE', 'message': "file:///Applications/lghub.app/Contents/Resources/app.asar/app.min.js 1 WebSocket connection to 'ws://localhost:9010/' failed: Error in connection establishment: net::ERR_CONNECTION_REFUSED", 'source': 'javascript', 'timestamp': 1635512306462}
{'level': 'SEVERE', 'message': "file:///Applications/lghub.app/Contents/Resources/app.asar/app.min.js 1 WebSocket connection to 'ws://localhost:9010/' failed: Error in connection establishment: net::ERR_CONNECTION_REFUSED", 'source': 'javascript', 'timestamp': 1635512306462}
{'level': 'WARNING', 'message': "file:///Applications/lghub.app/Contents/Resources/app.asar/app.min.js 1 WebSocket connection to 'ws://localhost:9010/' failed: WebSocket is closed before the connection is established.", 'source': 'javascript', 'timestamp': 1635512306462}
{'level': 'WARNING', 'message': "file:///Applications/lghub.app/Contents/Resources/app.asar/app.min.js 1 WebSocket connection to 'ws://localhost:9010/' failed: WebSocket is closed before the connection is established.", 'source': 'javascript', 'timestamp': 1635512306462}
{'level': 'SEVERE', 'message': "file:///Applications/lghub.app/Contents/Resources/app.asar/app.min.js 1 WebSocket connection to 'ws://localhost:9010/' failed: Error in connection establishment: net::ERR_CONNECTION_REFUSED", 'source': 'javascript', 'timestamp': 1635512306462}
{'level': 'WARNING', 'message': "file:///Applications/lghub.app/Contents/Resources/app.asar/app.min.js 1 WebSocket connection to 'ws://localhost:9010/' failed: WebSocket is closed before the connection is established.", 'source': 'javascript', 'timestamp': 1635512306462}
{'level': 'WARNING', 'message': "file:///Applications/lghub.app/Contents/Resources/app.asar/app.min.js 1 WebSocket connection to 'ws://localhost:9010/' failed: WebSocket is closed before the connection is established.", 'source': 'javascript', 'timestamp': 1635512306462}
{'level': 'WARNING', 'message': "file:///Applications/lghub.app/Contents/Resources/app.asar/app.min.js 1 WebSocket connection to 'ws://localhost:9010/' failed: WebSocket is closed before the connection is established.", 'source': 'javascript', 'timestamp': 1635512306462}
{'level': 'WARNING', 'message': "file:///Applications/lghub.app/Contents/Resources/app.asar/app.min.js 1 WebSocket connection to 'ws://localhost:9010/' failed: WebSocket is closed before the connection is established.", 'source': 'javascript', 'timestamp': 1635512306462}
{'level': 'WARNING', 'message': "file:///Applications/lghub.app/Contents/Resources/app.asar/app.min.js 1 WebSocket connection to 'ws://localhost:9010/' failed: WebSocket is closed before the connection is established.", 'source': 'javascript', 'timestamp': 1635512306462}
{'level': 'SEVERE', 'message': "file:///Applications/lghub.app/Contents/Resources/app.asar/app.min.js 1 WebSocket connection to 'ws://localhost:9010/' failed: Error in connection establishment: net::ERR_CONNECTION_REFUSED", 'source': 'javascript', 'timestamp': 1635512306462}
{'level': 'WARNING', 'message': "file:///Applications/lghub.app/Contents/Resources/app.asar/app.min.js 1 WebSocket connection to 'ws://localhost:9010/' failed: WebSocket is closed before the connection is established.", 'source': 'javascript', 'timestamp': 1635512306462}
{'level': 'WARNING', 'message': "file:///Applications/lghub.app/Contents/Resources/app.asar/app.min.js 1 WebSocket connection to 'ws://localhost:9010/' failed: WebSocket is closed before the connection is established.", 'source': 'javascript', 'timestamp': 1635512306462}
{'level': 'WARNING', 'message': "file:///Applications/lghub.app/Contents/Resources/app.asar/app.min.js 1 WebSocket connection to 'ws://localhost:9010/' failed: WebSocket is closed before the connection is established.", 'source': 'javascript', 'timestamp': 1635512306462}
{'level': 'WARNING', 'message': "file:///Applications/lghub.app/Contents/Resources/app.asar/app.min.js 1 WebSocket connection to 'ws://localhost:9010/' failed: WebSocket is closed before the connection is established.", 'source': 'javascript', 'timestamp': 1635512306462}
{'level': 'WARNING', 'message': "file:///Applications/lghub.app/Contents/Resources/app.asar/app.min.js 1 WebSocket connection to 'ws://localhost:9010/' failed: WebSocket is closed before the connection is established.", 'source': 'javascript', 'timestamp': 1635512306462}
{'level': 'SEVERE', 'message': "file:///Applications/lghub.app/Contents/Resources/app.asar/app.min.js 1 WebSocket connection to 'ws://localhost:9010/' failed: Error in connection establishment: net::ERR_CONNECTION_REFUSED", 'source': 'javascript', 'timestamp': 1635512306462}
{'level': 'WARNING', 'message': "file:///Applications/lghub.app/Contents/Resources/app.asar/app.min.js 1 WebSocket connection to 'ws://localhost:9010/' failed: WebSocket is closed before the connection is established.", 'source': 'javascript', 'timestamp': 1635512306462}
{'level': 'SEVERE', 'message': "file:///Applications/lghub.app/Contents/Resources/app.asar/app.min.js 1 WebSocket connection to 'ws://localhost:9010/' failed: Error in connection establishment: net::ERR_CONNECTION_REFUSED", 'source': 'javascript', 'timestamp': 1635512306462}
{'level': 'WARNING', 'message': "file:///Applications/lghub.app/Contents/Resources/app.asar/app.min.js 1 WebSocket connection to 'ws://localhost:9010/' failed: WebSocket is closed before the connection is established.", 'source': 'javascript', 'timestamp': 1635512306462}
{'level': 'WARNING', 'message': "file:///Applications/lghub.app/Contents/Resources/app.asar/app.min.js 1 WebSocket connection to 'ws://localhost:9010/' failed: WebSocket is closed before the connection is established.", 'source': 'javascript', 'timestamp': 1635512306462}
{'level': 'WARNING', 'message': "file:///Applications/lghub.app/Contents/Resources/app.asar/app.min.js 1 WebSocket connection to 'ws://localhost:9010/' failed: WebSocket is closed before the connection is established.", 'source': 'javascript', 'timestamp': 1635512306463}
{'level': 'SEVERE', 'message': "file:///Applications/lghub.app/Contents/Resources/app.asar/app.min.js 1 WebSocket connection to 'ws://localhost:9010/' failed: Error in connection establishment: net::ERR_CONNECTION_REFUSED", 'source': 'javascript', 'timestamp': 1635512306463}
{'level': 'WARNING', 'message': "file:///Applications/lghub.app/Contents/Resources/app.asar/app.min.js 1 WebSocket connection to 'ws://localhost:9010/' failed: WebSocket is closed before the connection is established.", 'source': 'javascript', 'timestamp': 1635512306463}
{'level': 'WARNING', 'message': "file:///Applications/lghub.app/Contents/Resources/app.asar/app.min.js 1 WebSocket connection to 'ws://localhost:9010/' failed: WebSocket is closed before the connection is established.", 'source': 'javascript', 'timestamp': 1635512306463}
{'level': 'WARNING', 'message': "file:///Applications/lghub.app/Contents/Resources/app.asar/app.min.js 1 WebSocket connection to 'ws://localhost:9010/' failed: WebSocket is closed before the connection is established.", 'source': 'javascript', 'timestamp': 1635512306463}
{'level': 'WARNING', 'message': "file:///Applications/lghub.app/Contents/Resources/app.asar/app.min.js 1 WebSocket connection to 'ws://localhost:9010/' failed: WebSocket is closed before the connection is established.", 'source': 'javascript', 'timestamp': 1635512306463}
{'level': 'WARNING', 'message': "file:///Applications/lghub.app/Contents/Resources/app.asar/app.min.js 1 WebSocket connection to 'ws://localhost:9010/' failed: WebSocket is closed before the connection is established.", 'source': 'javascript', 'timestamp': 1635512306463}
{'level': 'WARNING', 'message': "file:///Applications/lghub.app/Contents/Resources/app.asar/app.min.js 1 WebSocket connection to 'ws://localhost:9010/' failed: WebSocket is closed before the connection is established.", 'source': 'javascript', 'timestamp': 1635512306463}
{'level': 'WARNING', 'message': "file:///Applications/lghub.app/Contents/Resources/app.asar/app.min.js 1 WebSocket connection to 'ws://localhost:9010/' failed: WebSocket is closed before the connection is established.", 'source': 'javascript', 'timestamp': 1635512306463}
{'level': 'WARNING', 'message': "file:///Applications/lghub.app/Contents/Resources/app.asar/app.min.js 1 WebSocket connection to 'ws://localhost:9010/' failed: WebSocket is closed before the connection is established.", 'source': 'javascript', 'timestamp': 1635512306463}
{'level': 'SEVERE', 'message': "file:///Applications/lghub.app/Contents/Resources/app.asar/app.min.js 1 WebSocket connection to 'ws://localhost:9010/' failed: Error in connection establishment: net::ERR_CONNECTION_REFUSED", 'source': 'javascript', 'timestamp': 1635512306463}
{'level': 'WARNING', 'message': "file:///Applications/lghub.app/Contents/Resources/app.asar/app.min.js 1 WebSocket connection to 'ws://localhost:9010/' failed: WebSocket is closed before the connection is established.", 'source': 'javascript', 'timestamp': 1635512306463}
{'level': 'WARNING', 'message': "file:///Applications/lghub.app/Contents/Resources/app.asar/app.min.js 1 WebSocket connection to 'ws://localhost:9010/' failed: WebSocket is closed before the connection is established.", 'source': 'javascript', 'timestamp': 1635512306463}
{'level': 'WARNING', 'message': "file:///Applications/lghub.app/Contents/Resources/app.asar/app.min.js 1 WebSocket connection to 'ws://localhost:9010/' failed: WebSocket is closed before the connection is established.", 'source': 'javascript', 'timestamp': 1635512306463}
{'level': 'WARNING', 'message': "file:///Applications/lghub.app/Contents/Resources/app.asar/app.min.js 1 WebSocket connection to 'ws://localhost:9010/' failed: WebSocket is closed before the connection is established.", 'source': 'javascript', 'timestamp': 1635512306463}
{'level': 'WARNING', 'message': "file:///Applications/lghub.app/Contents/Resources/app.asar/app.min.js 1 WebSocket connection to 'ws://localhost:9010/' failed: WebSocket is closed before the connection is established.", 'source': 'javascript', 'timestamp': 1635512306463}
{'level': 'SEVERE', 'message': "file:///Applications/lghub.app/Contents/Resources/app.asar/app.min.js 1 WebSocket connection to 'ws://localhost:9010/' failed: Error in connection establishment: net::ERR_CONNECTION_REFUSED", 'source': 'javascript', 'timestamp': 1635512306463}
{'level': 'SEVERE', 'message': "file:///Applications/lghub.app/Contents/Resources/app.asar/app.min.js 1 WebSocket connection to 'ws://localhost:9010/' failed: Error in connection establishment: net::ERR_CONNECTION_REFUSED", 'source': 'javascript', 'timestamp': 1635512306463}
{'level': 'SEVERE', 'message': "file:///Applications/lghub.app/Contents/Resources/app.asar/app.min.js 1 WebSocket connection to 'ws://localhost:9010/' failed: Error in connection establishment: net::ERR_CONNECTION_REFUSED", 'source': 'javascript', 'timestamp': 1635512306463}
{'level': 'SEVERE', 'message': "file:///Applications/lghub.app/Contents/Resources/app.asar/app.min.js 1 WebSocket connection to 'ws://localhost:9010/' failed: Error in connection establishment: net::ERR_CONNECTION_REFUSED", 'source': 'javascript', 'timestamp': 1635512306463}
{'level': 'SEVERE', 'message': "file:///Applications/lghub.app/Contents/Resources/app.asar/app.min.js 1 WebSocket connection to 'ws://localhost:9010/' failed: Error in connection establishment: net::ERR_CONNECTION_REFUSED", 'source': 'javascript', 'timestamp': 1635512306463}
{'level': 'SEVERE', 'message': "file:///Applications/lghub.app/Contents/Resources/app.asar/app.min.js 1 WebSocket connection to 'ws://localhost:9010/' failed: Error in connection establishment: net::ERR_CONNECTION_REFUSED", 'source': 'javascript', 'timestamp': 1635512306463}
{'level': 'SEVERE', 'message': "file:///Applications/lghub.app/Contents/Resources/app.asar/app.min.js 1 WebSocket connection to 'ws://localhost:9010/' failed: Error in connection establishment: net::ERR_CONNECTION_REFUSED", 'source': 'javascript', 'timestamp': 1635512306463}
{'level': 'SEVERE', 'message': "file:///Applications/lghub.app/Contents/Resources/app.asar/app.min.js 1 WebSocket connection to 'ws://localhost:9010/' failed: Error in connection establishment: net::ERR_CONNECTION_REFUSED", 'source': 'javascript', 'timestamp': 1635512306463}
{'level': 'SEVERE', 'message': "file:///Applications/lghub.app/Contents/Resources/app.asar/app.min.js 1 WebSocket connection to 'ws://localhost:9010/' failed: Error in connection establishment: net::ERR_CONNECTION_REFUSED", 'source': 'javascript', 'timestamp': 1635512306463}
{'level': 'SEVERE', 'message': "file:///Applications/lghub.app/Contents/Resources/app.asar/app.min.js 1 WebSocket connection to 'ws://localhost:9010/' failed: Error in connection establishment: net::ERR_CONNECTION_REFUSED", 'source': 'javascript', 'timestamp': 1635512306463}
{'level': 'SEVERE', 'message': "file:///Applications/lghub.app/Contents/Resources/app.asar/app.min.js 1 WebSocket connection to 'ws://localhost:9010/' failed: Error in connection establishment: net::ERR_CONNECTION_REFUSED", 'source': 'javascript', 'timestamp': 1635512306463}
{'level': 'SEVERE', 'message': "file:///Applications/lghub.app/Contents/Resources/app.asar/app.min.js 1 WebSocket connection to 'ws://localhost:9010/' failed: Error in connection establishment: net::ERR_CONNECTION_REFUSED", 'source': 'javascript', 'timestamp': 1635512306463}
{'level': 'SEVERE', 'message': "file:///Applications/lghub.app/Contents/Resources/app.asar/app.min.js 1 WebSocket connection to 'ws://localhost:9010/' failed: Error in connection establishment: net::ERR_CONNECTION_REFUSED", 'source': 'javascript', 'timestamp': 1635512306463}
{'level': 'SEVERE', 'message': "file:///Applications/lghub.app/Contents/Resources/app.asar/app.min.js 1 WebSocket connection to 'ws://localhost:9010/' failed: Error in connection establishment: net::ERR_CONNECTION_REFUSED", 'source': 'javascript', 'timestamp': 1635512306463}
{'level': 'WARNING', 'message': "file:///Applications/lghub.app/Contents/Resources/app.asar/app.min.js 1 WebSocket connection to 'ws://localhost:9010/' failed: WebSocket is closed before the connection is established.", 'source': 'javascript', 'timestamp': 1635512306463}
{'level': 'WARNING', 'message': "file:///Applications/lghub.app/Contents/Resources/app.asar/app.min.js 1 WebSocket connection to 'ws://localhost:9010/' failed: WebSocket is closed before the connection is established.", 'source': 'javascript', 'timestamp': 1635512306464}
{'level': 'WARNING', 'message': "file:///Applications/lghub.app/Contents/Resources/app.asar/app.min.js 1 WebSocket connection to 'ws://localhost:9010/' failed: WebSocket is closed before the connection is established.", 'source': 'javascript', 'timestamp': 1635512306464}
{'level': 'WARNING', 'message': "file:///Applications/lghub.app/Contents/Resources/app.asar/app.min.js 1 WebSocket connection to 'ws://localhost:9010/' failed: WebSocket is closed before the connection is established.", 'source': 'javascript', 'timestamp': 1635512306464}
{'level': 'WARNING', 'message': "file:///Applications/lghub.app/Contents/Resources/app.asar/app.min.js 1 WebSocket connection to 'ws://localhost:9010/' failed: WebSocket is closed before the connection is established.", 'source': 'javascript', 'timestamp': 1635512306464}
{'level': 'SEVERE', 'message': "file:///Applications/lghub.app/Contents/Resources/app.asar/app.min.js 1 WebSocket connection to 'ws://localhost:9010/' failed: Error in connection establishment: net::ERR_CONNECTION_REFUSED", 'source': 'javascript', 'timestamp': 1635512306464}
{'level': 'WARNING', 'message': "file:///Applications/lghub.app/Contents/Resources/app.asar/app.min.js 1 WebSocket connection to 'ws://localhost:9010/' failed: WebSocket is closed before the connection is established.", 'source': 'javascript', 'timestamp': 1635512306464}
{'level': 'WARNING', 'message': "file:///Applications/lghub.app/Contents/Resources/app.asar/app.min.js 1 WebSocket connection to 'ws://localhost:9010/' failed: WebSocket is closed before the connection is established.", 'source': 'javascript', 'timestamp': 1635512306464}
{'level': 'WARNING', 'message': "file:///Applications/lghub.app/Contents/Resources/app.asar/app.min.js 1 WebSocket connection to 'ws://localhost:9010/' failed: WebSocket is closed before the connection is established.", 'source': 'javascript', 'timestamp': 1635512306464}
{'level': 'SEVERE', 'message': "file:///Applications/lghub.app/Contents/Resources/app.asar/app.min.js 1 WebSocket connection to 'ws://localhost:9010/' failed: Error in connection establishment: net::ERR_CONNECTION_REFUSED", 'source': 'javascript', 'timestamp': 1635512306464}
{'level': 'WARNING', 'message': "file:///Applications/lghub.app/Contents/Resources/app.asar/app.min.js 1 WebSocket connection to 'ws://localhost:9010/' failed: WebSocket is closed before the connection is established.", 'source': 'javascript', 'timestamp': 1635512306464}
{'level': 'WARNING', 'message': "file:///Applications/lghub.app/Contents/Resources/app.asar/app.min.js 1 WebSocket connection to 'ws://localhost:9010/' failed: WebSocket is closed before the connection is established.", 'source': 'javascript', 'timestamp': 1635512306464}
{'level': 'SEVERE', 'message': "file:///Applications/lghub.app/Contents/Resources/app.asar/app.min.js 1 WebSocket connection to 'ws://localhost:9010/' failed: Error in connection establishment: net::ERR_CONNECTION_REFUSED", 'source': 'javascript', 'timestamp': 1635512306464}
{'level': 'WARNING', 'message': "file:///Applications/lghub.app/Contents/Resources/app.asar/app.min.js 1 WebSocket connection to 'ws://localhost:9010/' failed: WebSocket is closed before the connection is established.", 'source': 'javascript', 'timestamp': 1635512306464}
{'level': 'WARNING', 'message': "file:///Applications/lghub.app/Contents/Resources/app.asar/app.min.js 1 WebSocket connection to 'ws://localhost:9010/' failed: WebSocket is closed before the connection is established.", 'source': 'javascript', 'timestamp': 1635512306464}
{'level': 'WARNING', 'message': "file:///Applications/lghub.app/Contents/Resources/app.asar/app.min.js 1 WebSocket connection to 'ws://localhost:9010/' failed: WebSocket is closed before the connection is established.", 'source': 'javascript', 'timestamp': 1635512306464}
{'level': 'WARNING', 'message': "file:///Applications/lghub.app/Contents/Resources/app.asar/app.min.js 1 WebSocket connection to 'ws://localhost:9010/' failed: WebSocket is closed before the connection is established.", 'source': 'javascript', 'timestamp': 1635512306464}
{'level': 'WARNING', 'message': "file:///Applications/lghub.app/Contents/Resources/app.asar/app.min.js 1 WebSocket connection to 'ws://localhost:9010/' failed: WebSocket is closed before the connection is established.", 'source': 'javascript', 'timestamp': 1635512306464}
{'level': 'WARNING', 'message': "file:///Applications/lghub.app/Contents/Resources/app.asar/app.min.js 1 WebSocket connection to 'ws://localhost:9010/' failed: WebSocket is closed before the connection is established.", 'source': 'javascript', 'timestamp': 1635512306464}
{'level': 'WARNING', 'message': "file:///Applications/lghub.app/Contents/Resources/app.asar/app.min.js 1 WebSocket connection to 'ws://localhost:9010/' failed: WebSocket is closed before the connection is established.", 'source': 'javascript', 'timestamp': 1635512306464}
{'level': 'SEVERE', 'message': "file:///Applications/lghub.app/Contents/Resources/app.asar/app.min.js 1 WebSocket connection to 'ws://localhost:9010/' failed: Error in connection establishment: net::ERR_CONNECTION_REFUSED", 'source': 'javascript', 'timestamp': 1635512306464}
{'level': 'WARNING', 'message': "file:///Applications/lghub.app/Contents/Resources/app.asar/app.min.js 1 WebSocket connection to 'ws://localhost:9010/' failed: WebSocket is closed before the connection is established.", 'source': 'javascript', 'timestamp': 1635512306464}
{'level': 'WARNING', 'message': "file:///Applications/lghub.app/Contents/Resources/app.asar/app.min.js 1 WebSocket connection to 'ws://localhost:9010/' failed: WebSocket is closed before the connection is established.", 'source': 'javascript', 'timestamp': 1635512306464}
{'level': 'WARNING', 'message': "file:///Applications/lghub.app/Contents/Resources/app.asar/app.min.js 1 WebSocket connection to 'ws://localhost:9010/' failed: WebSocket is closed before the connection is established.", 'source': 'javascript', 'timestamp': 1635512306464}
{'level': 'WARNING', 'message': "file:///Applications/lghub.app/Contents/Resources/app.asar/app.min.js 1 WebSocket connection to 'ws://localhost:9010/' failed: WebSocket is closed before the connection is established.", 'source': 'javascript', 'timestamp': 1635512306464}
{'level': 'WARNING', 'message': "file:///Applications/lghub.app/Contents/Resources/app.asar/app.min.js 1 WebSocket connection to 'ws://localhost:9010/' failed: WebSocket is closed before the connection is established.", 'source': 'javascript', 'timestamp': 1635512306464}
{'level': 'SEVERE', 'message': "file:///Applications/lghub.app/Contents/Resources/app.asar/app.min.js 1 WebSocket connection to 'ws://localhost:9010/' failed: Error in connection establishment: net::ERR_CONNECTION_REFUSED", 'source': 'javascript', 'timestamp': 1635512306464}
{'level': 'WARNING', 'message': "file:///Applications/lghub.app/Contents/Resources/app.asar/app.min.js 1 WebSocket connection to 'ws://localhost:9010/' failed: WebSocket is closed before the connection is established.", 'source': 'javascript', 'timestamp': 1635512306464}
{'level': 'WARNING', 'message': "file:///Applications/lghub.app/Contents/Resources/app.asar/app.min.js 1 WebSocket connection to 'ws://localhost:9010/' failed: WebSocket is closed before the connection is established.", 'source': 'javascript', 'timestamp': 1635512306464}
{'level': 'SEVERE', 'message': "file:///Applications/lghub.app/Contents/Resources/app.asar/app.min.js 1 WebSocket connection to 'ws://localhost:9010/' failed: Error in connection establishment: net::ERR_CONNECTION_REFUSED", 'source': 'javascript', 'timestamp': 1635512306464}
{'level': 'WARNING', 'message': "file:///Applications/lghub.app/Contents/Resources/app.asar/app.min.js 1 WebSocket connection to 'ws://localhost:9010/' failed: WebSocket is closed before the connection is established.", 'source': 'javascript', 'timestamp': 1635512306464}
{'level': 'WARNING', 'message': "file:///Applications/lghub.app/Contents/Resources/app.asar/app.min.js 1 WebSocket connection to 'ws://localhost:9010/' failed: WebSocket is closed before the connection is established.", 'source': 'javascript', 'timestamp': 1635512306464}
{'level': 'WARNING', 'message': "file:///Applications/lghub.app/Contents/Resources/app.asar/app.min.js 1 WebSocket connection to 'ws://localhost:9010/' failed: WebSocket is closed before the connection is established.", 'source': 'javascript', 'timestamp': 1635512306464}
{'level': 'SEVERE', 'message': "file:///Applications/lghub.app/Contents/Resources/app.asar/app.min.js 1 WebSocket connection to 'ws://localhost:9010/' failed: Error in connection establishment: net::ERR_CONNECTION_REFUSED", 'source': 'javascript', 'timestamp': 1635512306464}
{'level': 'SEVERE', 'message': "file:///Applications/lghub.app/Contents/Resources/app.asar/app.min.js 1 WebSocket connection to 'ws://localhost:9010/' failed: Error in connection establishment: net::ERR_CONNECTION_REFUSED", 'source': 'javascript', 'timestamp': 1635512306464}
{'level': 'WARNING', 'message': "file:///Applications/lghub.app/Contents/Resources/app.asar/app.min.js 1 WebSocket connection to 'ws://localhost:9010/' failed: WebSocket is closed before the connection is established.", 'source': 'javascript', 'timestamp': 1635512306464}
{'level': 'SEVERE', 'message': "file:///Applications/lghub.app/Contents/Resources/app.asar/app.min.js 1 WebSocket connection to 'ws://localhost:9010/' failed: Error in connection establishment: net::ERR_CONNECTION_REFUSED", 'source': 'javascript', 'timestamp': 1635512306464}
{'level': 'SEVERE', 'message': "file:///Applications/lghub.app/Contents/Resources/app.asar/app.min.js 1 WebSocket connection to 'ws://localhost:9010/' failed: Error in connection establishment: net::ERR_CONNECTION_REFUSED", 'source': 'javascript', 'timestamp': 1635512306464}
{'level': 'SEVERE', 'message': "file:///Applications/lghub.app/Contents/Resources/app.asar/app.min.js 1 WebSocket connection to 'ws://localhost:9010/' failed: Error in connection establishment: net::ERR_CONNECTION_REFUSED", 'source': 'javascript', 'timestamp': 1635512306464}
{'level': 'SEVERE', 'message': "file:///Applications/lghub.app/Contents/Resources/app.asar/app.min.js 1 WebSocket connection to 'ws://localhost:9010/' failed: Error in connection establishment: net::ERR_CONNECTION_REFUSED", 'source': 'javascript', 'timestamp': 1635512306464}
{'level': 'SEVERE', 'message': "file:///Applications/lghub.app/Contents/Resources/app.asar/app.min.js 1 WebSocket connection to 'ws://localhost:9010/' failed: Error in connection establishment: net::ERR_CONNECTION_REFUSED", 'source': 'javascript', 'timestamp': 1635512306465}
{'level': 'SEVERE', 'message': "file:///Applications/lghub.app/Contents/Resources/app.asar/app.min.js 1 WebSocket connection to 'ws://localhost:9010/' failed: Error in connection establishment: net::ERR_CONNECTION_REFUSED", 'source': 'javascript', 'timestamp': 1635512306465}
{'level': 'SEVERE', 'message': "file:///Applications/lghub.app/Contents/Resources/app.asar/app.min.js 1 WebSocket connection to 'ws://localhost:9010/' failed: Error in connection establishment: net::ERR_CONNECTION_REFUSED", 'source': 'javascript', 'timestamp': 1635512306465}
{'level': 'SEVERE', 'message': "file:///Applications/lghub.app/Contents/Resources/app.asar/app.min.js 1 WebSocket connection to 'ws://localhost:9010/' failed: Error in connection establishment: net::ERR_CONNECTION_REFUSED", 'source': 'javascript', 'timestamp': 1635512306465}
{'level': 'SEVERE', 'message': "file:///Applications/lghub.app/Contents/Resources/app.asar/app.min.js 1 WebSocket connection to 'ws://localhost:9010/' failed: Error in connection establishment: net::ERR_CONNECTION_REFUSED", 'source': 'javascript', 'timestamp': 1635512306465}
{'level': 'SEVERE', 'message': "file:///Applications/lghub.app/Contents/Resources/app.asar/app.min.js 1 WebSocket connection to 'ws://localhost:9010/' failed: Error in connection establishment: net::ERR_CONNECTION_REFUSED", 'source': 'javascript', 'timestamp': 1635512306465}
{'level': 'SEVERE', 'message': "file:///Applications/lghub.app/Contents/Resources/app.asar/app.min.js 1 WebSocket connection to 'ws://localhost:9010/' failed: Error in connection establishment: net::ERR_CONNECTION_REFUSED", 'source': 'javascript', 'timestamp': 1635512306465}
{'level': 'SEVERE', 'message': "file:///Applications/lghub.app/Contents/Resources/app.asar/app.min.js 1 WebSocket connection to 'ws://localhost:9010/' failed: Error in connection establishment: net::ERR_CONNECTION_REFUSED", 'source': 'javascript', 'timestamp': 1635512306465}
{'level': 'SEVERE', 'message': "file:///Applications/lghub.app/Contents/Resources/app.asar/app.min.js 1 WebSocket connection to 'ws://localhost:9010/' failed: Error in connection establishment: net::ERR_CONNECTION_REFUSED", 'source': 'javascript', 'timestamp': 1635512306465}
{'level': 'SEVERE', 'message': "file:///Applications/lghub.app/Contents/Resources/app.asar/app.min.js 1 WebSocket connection to 'ws://localhost:9010/' failed: Error in connection establishment: net::ERR_CONNECTION_REFUSED", 'source': 'javascript', 'timestamp': 1635512306465}
{'level': 'SEVERE', 'message': "file:///Applications/lghub.app/Contents/Resources/app.asar/app.min.js 1 WebSocket connection to 'ws://localhost:9010/' failed: Error in connection establishment: net::ERR_CONNECTION_REFUSED", 'source': 'javascript', 'timestamp': 1635512306465}
{'level': 'SEVERE', 'message': "file:///Applications/lghub.app/Contents/Resources/app.asar/app.min.js 1 WebSocket connection to 'ws://localhost:9010/' failed: Error in connection establishment: net::ERR_CONNECTION_REFUSED", 'source': 'javascript', 'timestamp': 1635512306465}
{'level': 'SEVERE', 'message': "file:///Applications/lghub.app/Contents/Resources/app.asar/app.min.js 1 WebSocket connection to 'ws://localhost:9010/' failed: Error in connection establishment: net::ERR_CONNECTION_REFUSED", 'source': 'javascript', 'timestamp': 1635512306465}
{'level': 'WARNING', 'message': "file:///Applications/lghub.app/Contents/Resources/app.asar/app.min.js 1 WebSocket connection to 'ws://localhost:9010/' failed: WebSocket is closed before the connection is established.", 'source': 'javascript', 'timestamp': 1635512306465}
{'level': 'WARNING', 'message': "file:///Applications/lghub.app/Contents/Resources/app.asar/app.min.js 1 WebSocket connection to 'ws://localhost:9010/' failed: WebSocket is closed before the connection is established.", 'source': 'javascript', 'timestamp': 1635512306465}
{'level': 'SEVERE', 'message': "file:///Applications/lghub.app/Contents/Resources/app.asar/app.min.js 1 WebSocket connection to 'ws://localhost:9010/' failed: Error in connection establishment: net::ERR_CONNECTION_REFUSED", 'source': 'javascript', 'timestamp': 1635512306465}
{'level': 'WARNING', 'message': "file:///Applications/lghub.app/Contents/Resources/app.asar/app.min.js 1 WebSocket connection to 'ws://localhost:9010/' failed: WebSocket is closed before the connection is established.", 'source': 'javascript', 'timestamp': 1635512306465}
{'level': 'WARNING', 'message': "file:///Applications/lghub.app/Contents/Resources/app.asar/app.min.js 1 WebSocket connection to 'ws://localhost:9010/' failed: WebSocket is closed before the connection is established.", 'source': 'javascript', 'timestamp': 1635512306465}
{'level': 'SEVERE', 'message': "file:///Applications/lghub.app/Contents/Resources/app.asar/app.min.js 1 WebSocket connection to 'ws://localhost:9010/' failed: Error in connection establishment: net::ERR_CONNECTION_REFUSED", 'source': 'javascript', 'timestamp': 1635512306465}
{'level': 'WARNING', 'message': "file:///Applications/lghub.app/Contents/Resources/app.asar/app.min.js 1 WebSocket connection to 'ws://localhost:9010/' failed: WebSocket is closed before the connection is established.", 'source': 'javascript', 'timestamp': 1635512306465}
{'level': 'WARNING', 'message': "file:///Applications/lghub.app/Contents/Resources/app.asar/app.min.js 1 WebSocket connection to 'ws://localhost:9010/' failed: WebSocket is closed before the connection is established.", 'source': 'javascript', 'timestamp': 1635512306465}
{'level': 'WARNING', 'message': "file:///Applications/lghub.app/Contents/Resources/app.asar/app.min.js 1 WebSocket connection to 'ws://localhost:9010/' failed: WebSocket is closed before the connection is established.", 'source': 'javascript', 'timestamp': 1635512306465}
{'level': 'WARNING', 'message': "file:///Applications/lghub.app/Contents/Resources/app.asar/app.min.js 1 WebSocket connection to 'ws://localhost:9010/' failed: WebSocket is closed before the connection is established.", 'source': 'javascript', 'timestamp': 1635512306465}
{'level': 'WARNING', 'message': "file:///Applications/lghub.app/Contents/Resources/app.asar/app.min.js 1 WebSocket connection to 'ws://localhost:9010/' failed: WebSocket is closed before the connection is established.", 'source': 'javascript', 'timestamp': 1635512306465}
{'level': 'WARNING', 'message': "file:///Applications/lghub.app/Contents/Resources/app.asar/app.min.js 1 WebSocket connection to 'ws://localhost:9010/' failed: WebSocket is closed before the connection is established.", 'source': 'javascript', 'timestamp': 1635512306465}
{'level': 'WARNING', 'message': "file:///Applications/lghub.app/Contents/Resources/app.asar/app.min.js 1 WebSocket connection to 'ws://localhost:9010/' failed: WebSocket is closed before the connection is established.", 'source': 'javascript', 'timestamp': 1635512306465}
{'level': 'WARNING', 'message': "file:///Applications/lghub.app/Contents/Resources/app.asar/app.min.js 1 WebSocket connection to 'ws://localhost:9010/' failed: WebSocket is closed before the connection is established.", 'source': 'javascript', 'timestamp': 1635512306465}
{'level': 'WARNING', 'message': "file:///Applications/lghub.app/Contents/Resources/app.asar/app.min.js 1 WebSocket connection to 'ws://localhost:9010/' failed: WebSocket is closed before the connection is established.", 'source': 'javascript', 'timestamp': 1635512306465}
{'level': 'WARNING', 'message': "file:///Applications/lghub.app/Contents/Resources/app.asar/app.min.js 1 WebSocket connection to 'ws://localhost:9010/' failed: WebSocket is closed before the connection is established.", 'source': 'javascript', 'timestamp': 1635512306465}
{'level': 'WARNING', 'message': "file:///Applications/lghub.app/Contents/Resources/app.asar/app.min.js 1 WebSocket connection to 'ws://localhost:9010/' failed: WebSocket is closed before the connection is established.", 'source': 'javascript', 'timestamp': 1635512306465}
{'level': 'WARNING', 'message': "file:///Applications/lghub.app/Contents/Resources/app.asar/app.min.js 1 WebSocket connection to 'ws://localhost:9010/' failed: WebSocket is closed before the connection is established.", 'source': 'javascript', 'timestamp': 1635512306465}
{'level': 'WARNING', 'message': "file:///Applications/lghub.app/Contents/Resources/app.asar/app.min.js 1 WebSocket connection to 'ws://localhost:9010/' failed: WebSocket is closed before the connection is established.", 'source': 'javascript', 'timestamp': 1635512306465}
{'level': 'WARNING', 'message': "file:///Applications/lghub.app/Contents/Resources/app.asar/app.min.js 1 WebSocket connection to 'ws://localhost:9010/' failed: WebSocket is closed before the connection is established.", 'source': 'javascript', 'timestamp': 1635512306465}
{'level': 'SEVERE', 'message': "file:///Applications/lghub.app/Contents/Resources/app.asar/app.min.js 1 WebSocket connection to 'ws://localhost:9010/' failed: Error in connection establishment: net::ERR_CONNECTION_REFUSED", 'source': 'javascript', 'timestamp': 1635512306465}
{'level': 'WARNING', 'message': "file:///Applications/lghub.app/Contents/Resources/app.asar/app.min.js 1 WebSocket connection to 'ws://localhost:9010/' failed: WebSocket is closed before the connection is established.", 'source': 'javascript', 'timestamp': 1635512306465}
{'level': 'WARNING', 'message': "file:///Applications/lghub.app/Contents/Resources/app.asar/app.min.js 1 WebSocket connection to 'ws://localhost:9010/' failed: WebSocket is closed before the connection is established.", 'source': 'javascript', 'timestamp': 1635512306465}
{'level': 'WARNING', 'message': "file:///Applications/lghub.app/Contents/Resources/app.asar/app.min.js 1 WebSocket connection to 'ws://localhost:9010/' failed: WebSocket is closed before the connection is established.", 'source': 'javascript', 'timestamp': 1635512306465}
{'level': 'WARNING', 'message': "file:///Applications/lghub.app/Contents/Resources/app.asar/app.min.js 1 WebSocket connection to 'ws://localhost:9010/' failed: WebSocket is closed before the connection is established.", 'source': 'javascript', 'timestamp': 1635512306465}
{'level': 'WARNING', 'message': "file:///Applications/lghub.app/Contents/Resources/app.asar/app.min.js 1 WebSocket connection to 'ws://localhost:9010/' failed: WebSocket is closed before the connection is established.", 'source': 'javascript', 'timestamp': 1635512306465}
{'level': 'WARNING', 'message': "file:///Applications/lghub.app/Contents/Resources/app.asar/app.min.js 1 WebSocket connection to 'ws://localhost:9010/' failed: WebSocket is closed before the connection is established.", 'source': 'javascript', 'timestamp': 1635512306466}
{'level': 'SEVERE', 'message': "file:///Applications/lghub.app/Contents/Resources/app.asar/app.min.js 1 WebSocket connection to 'ws://localhost:9010/' failed: Error in connection establishment: net::ERR_CONNECTION_REFUSED", 'source': 'javascript', 'timestamp': 1635512306466}
{'level': 'SEVERE', 'message': "file:///Applications/lghub.app/Contents/Resources/app.asar/app.min.js 1 WebSocket connection to 'ws://localhost:9010/' failed: Error in connection establishment: net::ERR_CONNECTION_REFUSED", 'source': 'javascript', 'timestamp': 1635512306466}
{'level': 'SEVERE', 'message': "file:///Applications/lghub.app/Contents/Resources/app.asar/app.min.js 1 WebSocket connection to 'ws://localhost:9010/' failed: Error in connection establishment: net::ERR_CONNECTION_REFUSED", 'source': 'javascript', 'timestamp': 1635512306466}
{'level': 'WARNING', 'message': "file:///Applications/lghub.app/Contents/Resources/app.asar/app.min.js 1 WebSocket connection to 'ws://localhost:9010/' failed: WebSocket is closed before the connection is established.", 'source': 'javascript', 'timestamp': 1635512306466}
{'level': 'WARNING', 'message': "file:///Applications/lghub.app/Contents/Resources/app.asar/app.min.js 1 WebSocket connection to 'ws://localhost:9010/' failed: WebSocket is closed before the connection is established.", 'source': 'javascript', 'timestamp': 1635512306466}
{'level': 'WARNING', 'message': "file:///Applications/lghub.app/Contents/Resources/app.asar/app.min.js 1 WebSocket connection to 'ws://localhost:9010/' failed: WebSocket is closed before the connection is established.", 'source': 'javascript', 'timestamp': 1635512306466}
{'level': 'WARNING', 'message': "file:///Applications/lghub.app/Contents/Resources/app.asar/app.min.js 1 WebSocket connection to 'ws://localhost:9010/' failed: WebSocket is closed before the connection is established.", 'source': 'javascript', 'timestamp': 1635512306466}
{'level': 'WARNING', 'message': "file:///Applications/lghub.app/Contents/Resources/app.asar/app.min.js 1 WebSocket connection to 'ws://localhost:9010/' failed: WebSocket is closed before the connection is established.", 'source': 'javascript', 'timestamp': 1635512306466}
{'level': 'WARNING', 'message': "file:///Applications/lghub.app/Contents/Resources/app.asar/app.min.js 1 WebSocket connection to 'ws://localhost:9010/' failed: WebSocket is closed before the connection is established.", 'source': 'javascript', 'timestamp': 1635512306466}
{'level': 'SEVERE', 'message': "file:///Applications/lghub.app/Contents/Resources/app.asar/app.min.js 1 WebSocket connection to 'ws://localhost:9010/' failed: Error in connection establishment: net::ERR_CONNECTION_REFUSED", 'source': 'javascript', 'timestamp': 1635512306466}
{'level': 'SEVERE', 'message': "file:///Applications/lghub.app/Contents/Resources/app.asar/app.min.js 1 WebSocket connection to 'ws://localhost:9010/' failed: Error in connection establishment: net::ERR_CONNECTION_REFUSED", 'source': 'javascript', 'timestamp': 1635512306466}
{'level': 'SEVERE', 'message': "file:///Applications/lghub.app/Contents/Resources/app.asar/app.min.js 1 WebSocket connection to 'ws://localhost:9010/' failed: Error in connection establishment: net::ERR_CONNECTION_REFUSED", 'source': 'javascript', 'timestamp': 1635512306466}
{'level': 'SEVERE', 'message': "file:///Applications/lghub.app/Contents/Resources/app.asar/app.min.js 1 WebSocket connection to 'ws://localhost:9010/' failed: Error in connection establishment: net::ERR_CONNECTION_REFUSED", 'source': 'javascript', 'timestamp': 1635512306466}
{'level': 'WARNING', 'message': "file:///Applications/lghub.app/Contents/Resources/app.asar/app.min.js 1 WebSocket connection to 'ws://localhost:9010/' failed: WebSocket is closed before the connection is established.", 'source': 'javascript', 'timestamp': 1635512306466}
{'level': 'WARNING', 'message': "file:///Applications/lghub.app/Contents/Resources/app.asar/app.min.js 1 WebSocket connection to 'ws://localhost:9010/' failed: WebSocket is closed before the connection is established.", 'source': 'javascript', 'timestamp': 1635512306466}
{'level': 'WARNING', 'message': "file:///Applications/lghub.app/Contents/Resources/app.asar/app.min.js 1 WebSocket connection to 'ws://localhost:9010/' failed: WebSocket is closed before the connection is established.", 'source': 'javascript', 'timestamp': 1635512306466}
{'level': 'WARNING', 'message': "file:///Applications/lghub.app/Contents/Resources/app.asar/app.min.js 1 WebSocket connection to 'ws://localhost:9010/' failed: WebSocket is closed before the connection is established.", 'source': 'javascript', 'timestamp': 1635512306466}
{'level': 'WARNING', 'message': "file:///Applications/lghub.app/Contents/Resources/app.asar/app.min.js 1 WebSocket connection to 'ws://localhost:9010/' failed: WebSocket is closed before the connection is established.", 'source': 'javascript', 'timestamp': 1635512306466}
{'level': 'SEVERE', 'message': "file:///Applications/lghub.app/Contents/Resources/app.asar/app.min.js 1 WebSocket connection to 'ws://localhost:9010/' failed: Error in connection establishment: net::ERR_CONNECTION_REFUSED", 'source': 'javascript', 'timestamp': 1635512306466}
{'level': 'WARNING', 'message': "file:///Applications/lghub.app/Contents/Resources/app.asar/app.min.js 1 WebSocket connection to 'ws://localhost:9010/' failed: WebSocket is closed before the connection is established.", 'source': 'javascript', 'timestamp': 1635512306466}
{'level': 'WARNING', 'message': "file:///Applications/lghub.app/Contents/Resources/app.asar/app.min.js 1 WebSocket connection to 'ws://localhost:9010/' failed: WebSocket is closed before the connection is established.", 'source': 'javascript', 'timestamp': 1635512306466}
{'level': 'WARNING', 'message': "file:///Applications/lghub.app/Contents/Resources/app.asar/app.min.js 1 WebSocket connection to 'ws://localhost:9010/' failed: WebSocket is closed before the connection is established.", 'source': 'javascript', 'timestamp': 1635512306466}
{'level': 'WARNING', 'message': "file:///Applications/lghub.app/Contents/Resources/app.asar/app.min.js 1 WebSocket connection to 'ws://localhost:9010/' failed: WebSocket is closed before the connection is established.", 'source': 'javascript', 'timestamp': 1635512306466}
{'level': 'SEVERE', 'message': "file:///Applications/lghub.app/Contents/Resources/app.asar/app.min.js 1 WebSocket connection to 'ws://localhost:9010/' failed: Error in connection establishment: net::ERR_CONNECTION_REFUSED", 'source': 'javascript', 'timestamp': 1635512306466}
{'level': 'WARNING', 'message': "file:///Applications/lghub.app/Contents/Resources/app.asar/app.min.js 1 WebSocket connection to 'ws://localhost:9010/' failed: WebSocket is closed before the connection is established.", 'source': 'javascript', 'timestamp': 1635512306466}
{'level': 'WARNING', 'message': "file:///Applications/lghub.app/Contents/Resources/app.asar/app.min.js 1 WebSocket connection to 'ws://localhost:9010/' failed: WebSocket is closed before the connection is established.", 'source': 'javascript', 'timestamp': 1635512306466}
{'level': 'SEVERE', 'message': "file:///Applications/lghub.app/Contents/Resources/app.asar/app.min.js 1 WebSocket connection to 'ws://localhost:9010/' failed: Error in connection establishment: net::ERR_CONNECTION_REFUSED", 'source': 'javascript', 'timestamp': 1635512306466}
{'level': 'WARNING', 'message': "file:///Applications/lghub.app/Contents/Resources/app.asar/app.min.js 1 WebSocket connection to 'ws://localhost:9010/' failed: WebSocket is closed before the connection is established.", 'source': 'javascript', 'timestamp': 1635512306466}
{'level': 'WARNING', 'message': "file:///Applications/lghub.app/Contents/Resources/app.asar/app.min.js 1 WebSocket connection to 'ws://localhost:9010/' failed: WebSocket is closed before the connection is established.", 'source': 'javascript', 'timestamp': 1635512306466}
{'level': 'WARNING', 'message': "file:///Applications/lghub.app/Contents/Resources/app.asar/app.min.js 1 WebSocket connection to 'ws://localhost:9010/' failed: WebSocket is closed before the connection is established.", 'source': 'javascript', 'timestamp': 1635512306466}
{'level': 'SEVERE', 'message': "file:///Applications/lghub.app/Contents/Resources/app.asar/app.min.js 1 WebSocket connection to 'ws://localhost:9010/' failed: Error in connection establishment: net::ERR_CONNECTION_REFUSED", 'source': 'javascript', 'timestamp': 1635512306466}
