{'level': 'SEVERE', 'message': "file:///Applications/lghub.app/Contents/Resources/app.asar/app.min.js 1 WebSocket connection to 'ws://localhost:9010/' failed: Error in connection establishment: net::ERR_CONNECTION_REFUSED", 'source': 'network', 'timestamp': 1646860364781}
{'level': 'SEVERE', 'message': "file:///Applications/lghub.app/Contents/Resources/app.asar/app.min.js 1 WebSocket connection to 'ws://localhost:9010/' failed: Error in connection establishment: net::ERR_CONNECTION_REFUSED", 'source': 'network', 'timestamp': 1646860365803}
{'level': 'SEVERE', 'message': "file:///Applications/lghub.app/Contents/Resources/app.asar/app.min.js 1 WebSocket connection to 'ws://localhost:9010/' failed: Error in connection establishment: net::ERR_CONNECTION_REFUSED", 'source': 'network', 'timestamp': 1646860366824}
{'level': 'WARNING', 'message': "file:///Applications/lghub.app/Contents/Resources/app.asar/app.min.js 1 WebSocket connection to 'ws://localhost:9010/' failed: WebSocket is closed before the connection is established.", 'source': 'network', 'timestamp': 1646860369854}
{'level': 'SEVERE', 'message': "file:///Applications/lghub.app/Contents/Resources/app.asar/app.min.js 1 WebSocket connection to 'ws://localhost:9010/' failed: Error in connection establishment: net::ERR_CONNECTION_REFUSED", 'source': 'network', 'timestamp': 1646860370890}
{'level': 'SEVERE', 'message': "file:///Applications/lghub.app/Contents/Resources/app.asar/app.min.js 1 WebSocket connection to 'ws://localhost:9010/' failed: Error in connection establishment: net::ERR_CONNECTION_REFUSED", 'source': 'network', 'timestamp': 1646860912386}
{'level': 'SEVERE', 'message': "file:///Applications/lghub.app/Contents/Resources/app.asar/app.min.js 1 WebSocket connection to 'ws://localhost:9010/' failed: Error in connection establishment: net::ERR_CONNECTION_REFUSED", 'source': 'network', 'timestamp': 1646860912386}
{'level': 'SEVERE', 'message': "file:///Applications/lghub.app/Contents/Resources/app.asar/app.min.js 1 WebSocket connection to 'ws://localhost:9010/' failed: Error in connection establishment: net::ERR_CONNECTION_REFUSED", 'source': 'network', 'timestamp': 1646860912386}
{'level': 'SEVERE', 'message': "file:///Applications/lghub.app/Contents/Resources/app.asar/app.min.js 1 WebSocket connection to 'ws://localhost:9010/' failed: Error in connection establishment: net::ERR_CONNECTION_REFUSED", 'source': 'network', 'timestamp': 1646860912386}
{'level': 'SEVERE', 'message': "file:///Applications/lghub.app/Contents/Resources/app.asar/app.min.js 1 WebSocket connection to 'ws://localhost:9010/' failed: Error in connection establishment: net::ERR_CONNECTION_REFUSED", 'source': 'network', 'timestamp': 1646860912386}
{'level': 'SEVERE', 'message': "file:///Applications/lghub.app/Contents/Resources/app.asar/app.min.js 1 WebSocket connection to 'ws://localhost:9010/' failed: Error in connection establishment: net::ERR_CONNECTION_REFUSED", 'source': 'network', 'timestamp': 1646860912386}
{'level': 'SEVERE', 'message': "file:///Applications/lghub.app/Contents/Resources/app.asar/app.min.js 1 WebSocket connection to 'ws://localhost:9010/' failed: Error in connection establishment: net::ERR_CONNECTION_REFUSED", 'source': 'network', 'timestamp': 1646860912386}
{'level': 'SEVERE', 'message': "file:///Applications/lghub.app/Contents/Resources/app.asar/app.min.js 1 WebSocket connection to 'ws://localhost:9010/' failed: Error in connection establishment: net::ERR_CONNECTION_REFUSED", 'source': 'network', 'timestamp': 1646860912386}
{'level': 'SEVERE', 'message': 'file:///Applications/lghub.app/Contents/Resources/app.asar/app.min.js 1:1198345 Uncaught Error: Reducers may not dispatch actions.', 'source': 'javascript', 'timestamp': 1646860912387}
{'level': 'SEVERE', 'message': "file:///Applications/lghub.app/Contents/Resources/app.asar/app.min.js 1 WebSocket connection to 'ws://localhost:9010/' failed: Error in connection establishment: net::ERR_CONNECTION_REFUSED", 'source': 'network', 'timestamp': 1646860912390}
{'level': 'SEVERE', 'message': "file:///Applications/lghub.app/Contents/Resources/app.asar/app.min.js 1 WebSocket connection to 'ws://localhost:9010/' failed: Error in connection establishment: net::ERR_CONNECTION_REFUSED", 'source': 'network', 'timestamp': 1646860912390}
{'level': 'SEVERE', 'message': "file:///Applications/lghub.app/Contents/Resources/app.asar/app.min.js 1 WebSocket connection to 'ws://localhost:9010/' failed: Error in connection establishment: net::ERR_CONNECTION_REFUSED", 'source': 'network', 'timestamp': 1646860912390}
{'level': 'SEVERE', 'message': "file:///Applications/lghub.app/Contents/Resources/app.asar/app.min.js 1 WebSocket connection to 'ws://localhost:9010/' failed: Error in connection establishment: net::ERR_CONNECTION_REFUSED", 'source': 'network', 'timestamp': 1646860912390}
{'level': 'SEVERE', 'message': "file:///Applications/lghub.app/Contents/Resources/app.asar/app.min.js 1 WebSocket connection to 'ws://localhost:9010/' failed: Error in connection establishment: net::ERR_CONNECTION_REFUSED", 'source': 'network', 'timestamp': 1646860912390}
{'level': 'SEVERE', 'message': "file:///Applications/lghub.app/Contents/Resources/app.asar/app.min.js 1 WebSocket connection to 'ws://localhost:9010/' failed: Error in connection establishment: net::ERR_CONNECTION_REFUSED", 'source': 'network', 'timestamp': 1646860912390}
{'level': 'SEVERE', 'message': "file:///Applications/lghub.app/Contents/Resources/app.asar/app.min.js 1 WebSocket connection to 'ws://localhost:9010/' failed: Error in connection establishment: net::ERR_CONNECTION_REFUSED", 'source': 'network', 'timestamp': 1646860912390}
{'level': 'SEVERE', 'message': "file:///Applications/lghub.app/Contents/Resources/app.asar/app.min.js 1 WebSocket connection to 'ws://localhost:9010/' failed: Error in connection establishment: net::ERR_CONNECTION_REFUSED", 'source': 'network', 'timestamp': 1646860912390}
{'level': 'SEVERE', 'message': "file:///Applications/lghub.app/Contents/Resources/app.asar/app.min.js 1 WebSocket connection to 'ws://localhost:9010/' failed: Error in connection establishment: net::ERR_CONNECTION_REFUSED", 'source': 'network', 'timestamp': 1646860912390}
{'level': 'SEVERE', 'message': "file:///Applications/lghub.app/Contents/Resources/app.asar/app.min.js 1 WebSocket connection to 'ws://localhost:9010/' failed: Error in connection establishment: net::ERR_CONNECTION_REFUSED", 'source': 'network', 'timestamp': 1646860912390}
{'level': 'SEVERE', 'message': "file:///Applications/lghub.app/Contents/Resources/app.asar/app.min.js 1 WebSocket connection to 'ws://localhost:9010/' failed: Error in connection establishment: net::ERR_CONNECTION_REFUSED", 'source': 'network', 'timestamp': 1646860912390}
{'level': 'SEVERE', 'message': "file:///Applications/lghub.app/Contents/Resources/app.asar/app.min.js 1 WebSocket connection to 'ws://localhost:9010/' failed: Error in connection establishment: net::ERR_CONNECTION_REFUSED", 'source': 'network', 'timestamp': 1646860912390}
{'level': 'SEVERE', 'message': "file:///Applications/lghub.app/Contents/Resources/app.asar/app.min.js 1 WebSocket connection to 'ws://localhost:9010/' failed: Error in connection establishment: net::ERR_CONNECTION_REFUSED", 'source': 'network', 'timestamp': 1646860912390}
{'level': 'SEVERE', 'message': "file:///Applications/lghub.app/Contents/Resources/app.asar/app.min.js 1 WebSocket connection to 'ws://localhost:9010/' failed: Error in connection establishment: net::ERR_CONNECTION_REFUSED", 'source': 'network', 'timestamp': 1646860912390}
{'level': 'SEVERE', 'message': "file:///Applications/lghub.app/Contents/Resources/app.asar/app.min.js 1 WebSocket connection to 'ws://localhost:9010/' failed: Error in connection establishment: net::ERR_CONNECTION_REFUSED", 'source': 'network', 'timestamp': 1646860912390}
{'level': 'SEVERE', 'message': "file:///Applications/lghub.app/Contents/Resources/app.asar/app.min.js 1 WebSocket connection to 'ws://localhost:9010/' failed: Error in connection establishment: net::ERR_CONNECTION_REFUSED", 'source': 'network', 'timestamp': 1646860912390}
{'level': 'SEVERE', 'message': "file:///Applications/lghub.app/Contents/Resources/app.asar/app.min.js 1 WebSocket connection to 'ws://localhost:9010/' failed: Error in connection establishment: net::ERR_CONNECTION_REFUSED", 'source': 'network', 'timestamp': 1646860912390}
{'level': 'SEVERE', 'message': "file:///Applications/lghub.app/Contents/Resources/app.asar/app.min.js 1 WebSocket connection to 'ws://localhost:9010/' failed: Error in connection establishment: net::ERR_CONNECTION_REFUSED", 'source': 'network', 'timestamp': 1646860912390}
{'level': 'SEVERE', 'message': "file:///Applications/lghub.app/Contents/Resources/app.asar/app.min.js 1 WebSocket connection to 'ws://localhost:9010/' failed: Error in connection establishment: net::ERR_CONNECTION_REFUSED", 'source': 'network', 'timestamp': 1646860912390}
{'level': 'SEVERE', 'message': "file:///Applications/lghub.app/Contents/Resources/app.asar/app.min.js 1 WebSocket connection to 'ws://localhost:9010/' failed: Error in connection establishment: net::ERR_CONNECTION_REFUSED", 'source': 'network', 'timestamp': 1646860912390}
{'level': 'SEVERE', 'message': "file:///Applications/lghub.app/Contents/Resources/app.asar/app.min.js 1 WebSocket connection to 'ws://localhost:9010/' failed: Error in connection establishment: net::ERR_CONNECTION_REFUSED", 'source': 'network', 'timestamp': 1646860912390}
{'level': 'SEVERE', 'message': "file:///Applications/lghub.app/Contents/Resources/app.asar/app.min.js 1 WebSocket connection to 'ws://localhost:9010/' failed: Error in connection establishment: net::ERR_CONNECTION_REFUSED", 'source': 'network', 'timestamp': 1646860912390}
{'level': 'SEVERE', 'message': "file:///Applications/lghub.app/Contents/Resources/app.asar/app.min.js 1 WebSocket connection to 'ws://localhost:9010/' failed: Error in connection establishment: net::ERR_CONNECTION_REFUSED", 'source': 'network', 'timestamp': 1646860912390}
{'level': 'SEVERE', 'message': "file:///Applications/lghub.app/Contents/Resources/app.asar/app.min.js 1 WebSocket connection to 'ws://localhost:9010/' failed: Error in connection establishment: net::ERR_CONNECTION_REFUSED", 'source': 'network', 'timestamp': 1646860912390}
{'level': 'SEVERE', 'message': "file:///Applications/lghub.app/Contents/Resources/app.asar/app.min.js 1 WebSocket connection to 'ws://localhost:9010/' failed: Error in connection establishment: net::ERR_CONNECTION_REFUSED", 'source': 'network', 'timestamp': 1646860912391}
{'level': 'SEVERE', 'message': "file:///Applications/lghub.app/Contents/Resources/app.asar/app.min.js 1 WebSocket connection to 'ws://localhost:9010/' failed: Error in connection establishment: net::ERR_CONNECTION_REFUSED", 'source': 'network', 'timestamp': 1646860912391}
{'level': 'SEVERE', 'message': "file:///Applications/lghub.app/Contents/Resources/app.asar/app.min.js 1 WebSocket connection to 'ws://localhost:9010/' failed: Error in connection establishment: net::ERR_CONNECTION_REFUSED", 'source': 'network', 'timestamp': 1646860912391}
{'level': 'SEVERE', 'message': "file:///Applications/lghub.app/Contents/Resources/app.asar/app.min.js 1 WebSocket connection to 'ws://localhost:9010/' failed: Error in connection establishment: net::ERR_CONNECTION_REFUSED", 'source': 'network', 'timestamp': 1646860912391}
{'level': 'SEVERE', 'message': "file:///Applications/lghub.app/Contents/Resources/app.asar/app.min.js 1 WebSocket connection to 'ws://localhost:9010/' failed: Error in connection establishment: net::ERR_CONNECTION_REFUSED", 'source': 'network', 'timestamp': 1646860912391}
{'level': 'SEVERE', 'message': "file:///Applications/lghub.app/Contents/Resources/app.asar/app.min.js 1 WebSocket connection to 'ws://localhost:9010/' failed: Error in connection establishment: net::ERR_CONNECTION_REFUSED", 'source': 'network', 'timestamp': 1646860912391}
{'level': 'SEVERE', 'message': "file:///Applications/lghub.app/Contents/Resources/app.asar/app.min.js 1 WebSocket connection to 'ws://localhost:9010/' failed: Error in connection establishment: net::ERR_CONNECTION_REFUSED", 'source': 'network', 'timestamp': 1646860912391}
{'level': 'SEVERE', 'message': "file:///Applications/lghub.app/Contents/Resources/app.asar/app.min.js 1 WebSocket connection to 'ws://localhost:9010/' failed: Error in connection establishment: net::ERR_CONNECTION_REFUSED", 'source': 'network', 'timestamp': 1646860912391}
{'level': 'SEVERE', 'message': "file:///Applications/lghub.app/Contents/Resources/app.asar/app.min.js 1 WebSocket connection to 'ws://localhost:9010/' failed: Error in connection establishment: net::ERR_CONNECTION_REFUSED", 'source': 'network', 'timestamp': 1646860912391}
{'level': 'SEVERE', 'message': "file:///Applications/lghub.app/Contents/Resources/app.asar/app.min.js 1 WebSocket connection to 'ws://localhost:9010/' failed: Error in connection establishment: net::ERR_CONNECTION_REFUSED", 'source': 'network', 'timestamp': 1646860912391}
{'level': 'SEVERE', 'message': "file:///Applications/lghub.app/Contents/Resources/app.asar/app.min.js 1 WebSocket connection to 'ws://localhost:9010/' failed: Error in connection establishment: net::ERR_CONNECTION_REFUSED", 'source': 'network', 'timestamp': 1646860912391}
{'level': 'SEVERE', 'message': "file:///Applications/lghub.app/Contents/Resources/app.asar/app.min.js 1 WebSocket connection to 'ws://localhost:9010/' failed: Error in connection establishment: net::ERR_CONNECTION_REFUSED", 'source': 'network', 'timestamp': 1646860912391}
{'level': 'SEVERE', 'message': "file:///Applications/lghub.app/Contents/Resources/app.asar/app.min.js 1 WebSocket connection to 'ws://localhost:9010/' failed: Error in connection establishment: net::ERR_CONNECTION_REFUSED", 'source': 'network', 'timestamp': 1646860912391}
{'level': 'SEVERE', 'message': "file:///Applications/lghub.app/Contents/Resources/app.asar/app.min.js 1 WebSocket connection to 'ws://localhost:9010/' failed: Error in connection establishment: net::ERR_CONNECTION_REFUSED", 'source': 'network', 'timestamp': 1646860912391}
{'level': 'SEVERE', 'message': "file:///Applications/lghub.app/Contents/Resources/app.asar/app.min.js 1 WebSocket connection to 'ws://localhost:9010/' failed: Error in connection establishment: net::ERR_CONNECTION_REFUSED", 'source': 'network', 'timestamp': 1646860912391}
{'level': 'SEVERE', 'message': "file:///Applications/lghub.app/Contents/Resources/app.asar/app.min.js 1 WebSocket connection to 'ws://localhost:9010/' failed: Error in connection establishment: net::ERR_CONNECTION_REFUSED", 'source': 'network', 'timestamp': 1646860912391}
{'level': 'SEVERE', 'message': "file:///Applications/lghub.app/Contents/Resources/app.asar/app.min.js 1 WebSocket connection to 'ws://localhost:9010/' failed: Error in connection establishment: net::ERR_CONNECTION_REFUSED", 'source': 'network', 'timestamp': 1646860912391}
{'level': 'SEVERE', 'message': "file:///Applications/lghub.app/Contents/Resources/app.asar/app.min.js 1 WebSocket connection to 'ws://localhost:9010/' failed: Error in connection establishment: net::ERR_CONNECTION_REFUSED", 'source': 'network', 'timestamp': 1646860912391}
{'level': 'SEVERE', 'message': "file:///Applications/lghub.app/Contents/Resources/app.asar/app.min.js 1 WebSocket connection to 'ws://localhost:9010/' failed: Error in connection establishment: net::ERR_CONNECTION_REFUSED", 'source': 'network', 'timestamp': 1646860912391}
{'level': 'WARNING', 'message': "file:///Applications/lghub.app/Contents/Resources/app.asar/app.min.js 1 WebSocket connection to 'ws://localhost:9010/' failed: WebSocket is closed before the connection is established.", 'source': 'network', 'timestamp': 1646860912391}
{'level': 'WARNING', 'message': "file:///Applications/lghub.app/Contents/Resources/app.asar/app.min.js 1 WebSocket connection to 'ws://localhost:9010/' failed: WebSocket is closed before the connection is established.", 'source': 'network', 'timestamp': 1646860912391}
{'level': 'SEVERE', 'message': "file:///Applications/lghub.app/Contents/Resources/app.asar/app.min.js 1 WebSocket connection to 'ws://localhost:9010/' failed: Error in connection establishment: net::ERR_CONNECTION_REFUSED", 'source': 'network', 'timestamp': 1646860912391}
{'level': 'SEVERE', 'message': "file:///Applications/lghub.app/Contents/Resources/app.asar/app.min.js 1 WebSocket connection to 'ws://localhost:9010/' failed: Error in connection establishment: net::ERR_CONNECTION_REFUSED", 'source': 'network', 'timestamp': 1646860912391}
{'level': 'WARNING', 'message': "file:///Applications/lghub.app/Contents/Resources/app.asar/app.min.js 1 WebSocket connection to 'ws://localhost:9010/' failed: WebSocket is closed before the connection is established.", 'source': 'network', 'timestamp': 1646860912391}
{'level': 'SEVERE', 'message': "file:///Applications/lghub.app/Contents/Resources/app.asar/app.min.js 1 WebSocket connection to 'ws://localhost:9010/' failed: Error in connection establishment: net::ERR_CONNECTION_REFUSED", 'source': 'network', 'timestamp': 1646860912391}
{'level': 'WARNING', 'message': "file:///Applications/lghub.app/Contents/Resources/app.asar/app.min.js 1 WebSocket connection to 'ws://localhost:9010/' failed: WebSocket is closed before the connection is established.", 'source': 'network', 'timestamp': 1646860912391}
{'level': 'SEVERE', 'message': "file:///Applications/lghub.app/Contents/Resources/app.asar/app.min.js 1 WebSocket connection to 'ws://localhost:9010/' failed: Error in connection establishment: net::ERR_CONNECTION_REFUSED", 'source': 'network', 'timestamp': 1646860912391}
{'level': 'SEVERE', 'message': "file:///Applications/lghub.app/Contents/Resources/app.asar/app.min.js 1 WebSocket connection to 'ws://localhost:9010/' failed: Error in connection establishment: net::ERR_CONNECTION_REFUSED", 'source': 'network', 'timestamp': 1646860912391}
{'level': 'SEVERE', 'message': "file:///Applications/lghub.app/Contents/Resources/app.asar/app.min.js 1 WebSocket connection to 'ws://localhost:9010/' failed: Error in connection establishment: net::ERR_CONNECTION_REFUSED", 'source': 'network', 'timestamp': 1646860912392}
{'level': 'WARNING', 'message': "file:///Applications/lghub.app/Contents/Resources/app.asar/app.min.js 1 WebSocket connection to 'ws://localhost:9010/' failed: WebSocket is closed before the connection is established.", 'source': 'network', 'timestamp': 1646860912392}
{'level': 'WARNING', 'message': "file:///Applications/lghub.app/Contents/Resources/app.asar/app.min.js 1 WebSocket connection to 'ws://localhost:9010/' failed: WebSocket is closed before the connection is established.", 'source': 'network', 'timestamp': 1646860912392}
{'level': 'WARNING', 'message': "file:///Applications/lghub.app/Contents/Resources/app.asar/app.min.js 1 WebSocket connection to 'ws://localhost:9010/' failed: WebSocket is closed before the connection is established.", 'source': 'network', 'timestamp': 1646860912392}
{'level': 'SEVERE', 'message': "file:///Applications/lghub.app/Contents/Resources/app.asar/app.min.js 1 WebSocket connection to 'ws://localhost:9010/' failed: Error in connection establishment: net::ERR_CONNECTION_REFUSED", 'source': 'network', 'timestamp': 1646860912392}
{'level': 'WARNING', 'message': "file:///Applications/lghub.app/Contents/Resources/app.asar/app.min.js 1 WebSocket connection to 'ws://localhost:9010/' failed: WebSocket is closed before the connection is established.", 'source': 'network', 'timestamp': 1646860912392}
{'level': 'SEVERE', 'message': "file:///Applications/lghub.app/Contents/Resources/app.asar/app.min.js 1 WebSocket connection to 'ws://localhost:9010/' failed: Error in connection establishment: net::ERR_CONNECTION_REFUSED", 'source': 'network', 'timestamp': 1646860912392}
{'level': 'SEVERE', 'message': "file:///Applications/lghub.app/Contents/Resources/app.asar/app.min.js 1 WebSocket connection to 'ws://localhost:9010/' failed: Error in connection establishment: net::ERR_CONNECTION_REFUSED", 'source': 'network', 'timestamp': 1646860912392}
{'level': 'SEVERE', 'message': "file:///Applications/lghub.app/Contents/Resources/app.asar/app.min.js 1 WebSocket connection to 'ws://localhost:9010/' failed: Error in connection establishment: net::ERR_CONNECTION_REFUSED", 'source': 'network', 'timestamp': 1646860912392}
{'level': 'WARNING', 'message': "file:///Applications/lghub.app/Contents/Resources/app.asar/app.min.js 1 WebSocket connection to 'ws://localhost:9010/' failed: WebSocket is closed before the connection is established.", 'source': 'network', 'timestamp': 1646860912392}
{'level': 'SEVERE', 'message': "file:///Applications/lghub.app/Contents/Resources/app.asar/app.min.js 1 WebSocket connection to 'ws://localhost:9010/' failed: Error in connection establishment: net::ERR_CONNECTION_REFUSED", 'source': 'network', 'timestamp': 1646860912392}
{'level': 'WARNING', 'message': "file:///Applications/lghub.app/Contents/Resources/app.asar/app.min.js 1 WebSocket connection to 'ws://localhost:9010/' failed: WebSocket is closed before the connection is established.", 'source': 'network', 'timestamp': 1646860912392}
{'level': 'WARNING', 'message': "file:///Applications/lghub.app/Contents/Resources/app.asar/app.min.js 1 WebSocket connection to 'ws://localhost:9010/' failed: WebSocket is closed before the connection is established.", 'source': 'network', 'timestamp': 1646860912392}
{'level': 'WARNING', 'message': "file:///Applications/lghub.app/Contents/Resources/app.asar/app.min.js 1 WebSocket connection to 'ws://localhost:9010/' failed: WebSocket is closed before the connection is established.", 'source': 'network', 'timestamp': 1646860912392}
{'level': 'WARNING', 'message': "file:///Applications/lghub.app/Contents/Resources/app.asar/app.min.js 1 WebSocket connection to 'ws://localhost:9010/' failed: WebSocket is closed before the connection is established.", 'source': 'network', 'timestamp': 1646860912392}
{'level': 'WARNING', 'message': "file:///Applications/lghub.app/Contents/Resources/app.asar/app.min.js 1 WebSocket connection to 'ws://localhost:9010/' failed: WebSocket is closed before the connection is established.", 'source': 'network', 'timestamp': 1646860912392}
{'level': 'WARNING', 'message': "file:///Applications/lghub.app/Contents/Resources/app.asar/app.min.js 1 WebSocket connection to 'ws://localhost:9010/' failed: WebSocket is closed before the connection is established.", 'source': 'network', 'timestamp': 1646860912392}
{'level': 'WARNING', 'message': "file:///Applications/lghub.app/Contents/Resources/app.asar/app.min.js 1 WebSocket connection to 'ws://localhost:9010/' failed: WebSocket is closed before the connection is established.", 'source': 'network', 'timestamp': 1646860912392}
{'level': 'SEVERE', 'message': "file:///Applications/lghub.app/Contents/Resources/app.asar/app.min.js 1 WebSocket connection to 'ws://localhost:9010/' failed: Error in connection establishment: net::ERR_CONNECTION_REFUSED", 'source': 'network', 'timestamp': 1646860912392}
{'level': 'WARNING', 'message': "file:///Applications/lghub.app/Contents/Resources/app.asar/app.min.js 1 WebSocket connection to 'ws://localhost:9010/' failed: WebSocket is closed before the connection is established.", 'source': 'network', 'timestamp': 1646860912392}
{'level': 'WARNING', 'message': "file:///Applications/lghub.app/Contents/Resources/app.asar/app.min.js 1 WebSocket connection to 'ws://localhost:9010/' failed: WebSocket is closed before the connection is established.", 'source': 'network', 'timestamp': 1646860912392}
{'level': 'WARNING', 'message': "file:///Applications/lghub.app/Contents/Resources/app.asar/app.min.js 1 WebSocket connection to 'ws://localhost:9010/' failed: WebSocket is closed before the connection is established.", 'source': 'network', 'timestamp': 1646860912392}
{'level': 'WARNING', 'message': "file:///Applications/lghub.app/Contents/Resources/app.asar/app.min.js 1 WebSocket connection to 'ws://localhost:9010/' failed: WebSocket is closed before the connection is established.", 'source': 'network', 'timestamp': 1646860912392}
{'level': 'WARNING', 'message': "file:///Applications/lghub.app/Contents/Resources/app.asar/app.min.js 1 WebSocket connection to 'ws://localhost:9010/' failed: WebSocket is closed before the connection is established.", 'source': 'network', 'timestamp': 1646860912392}
{'level': 'WARNING', 'message': "file:///Applications/lghub.app/Contents/Resources/app.asar/app.min.js 1 WebSocket connection to 'ws://localhost:9010/' failed: WebSocket is closed before the connection is established.", 'source': 'network', 'timestamp': 1646860912392}
{'level': 'SEVERE', 'message': "file:///Applications/lghub.app/Contents/Resources/app.asar/app.min.js 1 WebSocket connection to 'ws://localhost:9010/' failed: Error in connection establishment: net::ERR_CONNECTION_REFUSED", 'source': 'network', 'timestamp': 1646860912392}
{'level': 'WARNING', 'message': "file:///Applications/lghub.app/Contents/Resources/app.asar/app.min.js 1 WebSocket connection to 'ws://localhost:9010/' failed: WebSocket is closed before the connection is established.", 'source': 'network', 'timestamp': 1646860912392}
{'level': 'WARNING', 'message': "file:///Applications/lghub.app/Contents/Resources/app.asar/app.min.js 1 WebSocket connection to 'ws://localhost:9010/' failed: WebSocket is closed before the connection is established.", 'source': 'network', 'timestamp': 1646860912392}
{'level': 'WARNING', 'message': "file:///Applications/lghub.app/Contents/Resources/app.asar/app.min.js 1 WebSocket connection to 'ws://localhost:9010/' failed: WebSocket is closed before the connection is established.", 'source': 'network', 'timestamp': 1646860912392}
{'level': 'SEVERE', 'message': "file:///Applications/lghub.app/Contents/Resources/app.asar/app.min.js 1 WebSocket connection to 'ws://localhost:9010/' failed: Error in connection establishment: net::ERR_CONNECTION_REFUSED", 'source': 'network', 'timestamp': 1646860912392}
{'level': 'WARNING', 'message': "file:///Applications/lghub.app/Contents/Resources/app.asar/app.min.js 1 WebSocket connection to 'ws://localhost:9010/' failed: WebSocket is closed before the connection is established.", 'source': 'network', 'timestamp': 1646860912392}
{'level': 'WARNING', 'message': "file:///Applications/lghub.app/Contents/Resources/app.asar/app.min.js 1 WebSocket connection to 'ws://localhost:9010/' failed: WebSocket is closed before the connection is established.", 'source': 'network', 'timestamp': 1646860912392}
{'level': 'WARNING', 'message': "file:///Applications/lghub.app/Contents/Resources/app.asar/app.min.js 1 WebSocket connection to 'ws://localhost:9010/' failed: WebSocket is closed before the connection is established.", 'source': 'network', 'timestamp': 1646860912392}
{'level': 'WARNING', 'message': "file:///Applications/lghub.app/Contents/Resources/app.asar/app.min.js 1 WebSocket connection to 'ws://localhost:9010/' failed: WebSocket is closed before the connection is established.", 'source': 'network', 'timestamp': 1646860912392}
{'level': 'WARNING', 'message': "file:///Applications/lghub.app/Contents/Resources/app.asar/app.min.js 1 WebSocket connection to 'ws://localhost:9010/' failed: WebSocket is closed before the connection is established.", 'source': 'network', 'timestamp': 1646860912392}
{'level': 'WARNING', 'message': "file:///Applications/lghub.app/Contents/Resources/app.asar/app.min.js 1 WebSocket connection to 'ws://localhost:9010/' failed: WebSocket is closed before the connection is established.", 'source': 'network', 'timestamp': 1646860912392}
{'level': 'WARNING', 'message': "file:///Applications/lghub.app/Contents/Resources/app.asar/app.min.js 1 WebSocket connection to 'ws://localhost:9010/' failed: WebSocket is closed before the connection is established.", 'source': 'network', 'timestamp': 1646860912392}
{'level': 'WARNING', 'message': "file:///Applications/lghub.app/Contents/Resources/app.asar/app.min.js 1 WebSocket connection to 'ws://localhost:9010/' failed: WebSocket is closed before the connection is established.", 'source': 'network', 'timestamp': 1646860912392}
{'level': 'SEVERE', 'message': "file:///Applications/lghub.app/Contents/Resources/app.asar/app.min.js 1 WebSocket connection to 'ws://localhost:9010/' failed: Error during WebSocket handshake: net::ERR_CONNECTION_RESET", 'source': 'network', 'timestamp': 1646860912392}
{'level': 'WARNING', 'message': "file:///Applications/lghub.app/Contents/Resources/app.asar/app.min.js 1 WebSocket connection to 'ws://localhost:9010/' failed: WebSocket is closed before the connection is established.", 'source': 'network', 'timestamp': 1646860912392}
{'level': 'SEVERE', 'message': "file:///Applications/lghub.app/Contents/Resources/app.asar/app.min.js 1 WebSocket connection to 'ws://localhost:9010/' failed: Error in connection establishment: net::ERR_CONNECTION_REFUSED", 'source': 'network', 'timestamp': 1646860912393}
{'level': 'WARNING', 'message': "file:///Applications/lghub.app/Contents/Resources/app.asar/app.min.js 1 WebSocket connection to 'ws://localhost:9010/' failed: WebSocket is closed before the connection is established.", 'source': 'network', 'timestamp': 1646860912393}
{'level': 'WARNING', 'message': "file:///Applications/lghub.app/Contents/Resources/app.asar/app.min.js 1 WebSocket connection to 'ws://localhost:9010/' failed: WebSocket is closed before the connection is established.", 'source': 'network', 'timestamp': 1646860912393}
{'level': 'WARNING', 'message': "file:///Applications/lghub.app/Contents/Resources/app.asar/app.min.js 1 WebSocket connection to 'ws://localhost:9010/' failed: WebSocket is closed before the connection is established.", 'source': 'network', 'timestamp': 1646860912393}
{'level': 'WARNING', 'message': "file:///Applications/lghub.app/Contents/Resources/app.asar/app.min.js 1 WebSocket connection to 'ws://localhost:9010/' failed: WebSocket is closed before the connection is established.", 'source': 'network', 'timestamp': 1646860912393}
{'level': 'SEVERE', 'message': "file:///Applications/lghub.app/Contents/Resources/app.asar/app.min.js 1 WebSocket connection to 'ws://localhost:9010/' failed: Error in connection establishment: net::ERR_CONNECTION_REFUSED", 'source': 'network', 'timestamp': 1646860912393}
{'level': 'WARNING', 'message': "file:///Applications/lghub.app/Contents/Resources/app.asar/app.min.js 1 WebSocket connection to 'ws://localhost:9010/' failed: WebSocket is closed before the connection is established.", 'source': 'network', 'timestamp': 1646860912393}
{'level': 'WARNING', 'message': "file:///Applications/lghub.app/Contents/Resources/app.asar/app.min.js 1 WebSocket connection to 'ws://localhost:9010/' failed: WebSocket is closed before the connection is established.", 'source': 'network', 'timestamp': 1646860912393}
{'level': 'WARNING', 'message': "file:///Applications/lghub.app/Contents/Resources/app.asar/app.min.js 1 WebSocket connection to 'ws://localhost:9010/' failed: WebSocket is closed before the connection is established.", 'source': 'network', 'timestamp': 1646860912393}
{'level': 'WARNING', 'message': "file:///Applications/lghub.app/Contents/Resources/app.asar/app.min.js 1 WebSocket connection to 'ws://localhost:9010/' failed: WebSocket is closed before the connection is established.", 'source': 'network', 'timestamp': 1646860912393}
{'level': 'SEVERE', 'message': "file:///Applications/lghub.app/Contents/Resources/app.asar/app.min.js 1 WebSocket connection to 'ws://localhost:9010/' failed: Error in connection establishment: net::ERR_CONNECTION_REFUSED", 'source': 'network', 'timestamp': 1646860912393}
{'level': 'SEVERE', 'message': "file:///Applications/lghub.app/Contents/Resources/app.asar/app.min.js 1 WebSocket connection to 'ws://localhost:9010/' failed: Error in connection establishment: net::ERR_CONNECTION_REFUSED", 'source': 'network', 'timestamp': 1646860912393}
{'level': 'WARNING', 'message': "file:///Applications/lghub.app/Contents/Resources/app.asar/app.min.js 1 WebSocket connection to 'ws://localhost:9010/' failed: WebSocket is closed before the connection is established.", 'source': 'network', 'timestamp': 1646860912393}
{'level': 'WARNING', 'message': "file:///Applications/lghub.app/Contents/Resources/app.asar/app.min.js 1 WebSocket connection to 'ws://localhost:9010/' failed: WebSocket is closed before the connection is established.", 'source': 'network', 'timestamp': 1646860912393}
{'level': 'WARNING', 'message': "file:///Applications/lghub.app/Contents/Resources/app.asar/app.min.js 1 WebSocket connection to 'ws://localhost:9010/' failed: WebSocket is closed before the connection is established.", 'source': 'network', 'timestamp': 1646860912393}
{'level': 'WARNING', 'message': "file:///Applications/lghub.app/Contents/Resources/app.asar/app.min.js 1 WebSocket connection to 'ws://localhost:9010/' failed: WebSocket is closed before the connection is established.", 'source': 'network', 'timestamp': 1646860912393}
{'level': 'WARNING', 'message': "file:///Applications/lghub.app/Contents/Resources/app.asar/app.min.js 1 WebSocket connection to 'ws://localhost:9010/' failed: WebSocket is closed before the connection is established.", 'source': 'network', 'timestamp': 1646860912393}
{'level': 'WARNING', 'message': "file:///Applications/lghub.app/Contents/Resources/app.asar/app.min.js 1 WebSocket connection to 'ws://localhost:9010/' failed: WebSocket is closed before the connection is established.", 'source': 'network', 'timestamp': 1646860912393}
{'level': 'SEVERE', 'message': "file:///Applications/lghub.app/Contents/Resources/app.asar/app.min.js 1 WebSocket connection to 'ws://localhost:9010/' failed: Error in connection establishment: net::ERR_CONNECTION_REFUSED", 'source': 'network', 'timestamp': 1646860912393}
{'level': 'WARNING', 'message': "file:///Applications/lghub.app/Contents/Resources/app.asar/app.min.js 1 WebSocket connection to 'ws://localhost:9010/' failed: WebSocket is closed before the connection is established.", 'source': 'network', 'timestamp': 1646860912393}
{'level': 'WARNING', 'message': "file:///Applications/lghub.app/Contents/Resources/app.asar/app.min.js 1 WebSocket connection to 'ws://localhost:9010/' failed: WebSocket is closed before the connection is established.", 'source': 'network', 'timestamp': 1646860912393}
{'level': 'SEVERE', 'message': "file:///Applications/lghub.app/Contents/Resources/app.asar/app.min.js 1 WebSocket connection to 'ws://localhost:9010/' failed: Error in connection establishment: net::ERR_CONNECTION_REFUSED", 'source': 'network', 'timestamp': 1646860912393}
{'level': 'SEVERE', 'message': "file:///Applications/lghub.app/Contents/Resources/app.asar/app.min.js 1 WebSocket connection to 'ws://localhost:9010/' failed: Error in connection establishment: net::ERR_CONNECTION_REFUSED", 'source': 'network', 'timestamp': 1646860912393}
{'level': 'SEVERE', 'message': "file:///Applications/lghub.app/Contents/Resources/app.asar/app.min.js 1 WebSocket connection to 'ws://localhost:9010/' failed: Error in connection establishment: net::ERR_CONNECTION_REFUSED", 'source': 'network', 'timestamp': 1646860912393}
{'level': 'WARNING', 'message': "file:///Applications/lghub.app/Contents/Resources/app.asar/app.min.js 1 WebSocket connection to 'ws://localhost:9010/' failed: WebSocket is closed before the connection is established.", 'source': 'network', 'timestamp': 1646860912393}
{'level': 'WARNING', 'message': "file:///Applications/lghub.app/Contents/Resources/app.asar/app.min.js 1 WebSocket connection to 'ws://localhost:9010/' failed: WebSocket is closed before the connection is established.", 'source': 'network', 'timestamp': 1646860912393}
{'level': 'WARNING', 'message': "file:///Applications/lghub.app/Contents/Resources/app.asar/app.min.js 1 WebSocket connection to 'ws://localhost:9010/' failed: WebSocket is closed before the connection is established.", 'source': 'network', 'timestamp': 1646860912393}
{'level': 'SEVERE', 'message': "file:///Applications/lghub.app/Contents/Resources/app.asar/app.min.js 1 WebSocket connection to 'ws://localhost:9010/' failed: Error in connection establishment: net::ERR_CONNECTION_REFUSED", 'source': 'network', 'timestamp': 1646860912393}
{'level': 'WARNING', 'message': "file:///Applications/lghub.app/Contents/Resources/app.asar/app.min.js 1 WebSocket connection to 'ws://localhost:9010/' failed: WebSocket is closed before the connection is established.", 'source': 'network', 'timestamp': 1646860912393}
{'level': 'WARNING', 'message': "file:///Applications/lghub.app/Contents/Resources/app.asar/app.min.js 1 WebSocket connection to 'ws://localhost:9010/' failed: WebSocket is closed before the connection is established.", 'source': 'network', 'timestamp': 1646860912393}
{'level': 'WARNING', 'message': "file:///Applications/lghub.app/Contents/Resources/app.asar/app.min.js 1 WebSocket connection to 'ws://localhost:9010/' failed: WebSocket is closed before the connection is established.", 'source': 'network', 'timestamp': 1646860912393}
{'level': 'WARNING', 'message': "file:///Applications/lghub.app/Contents/Resources/app.asar/app.min.js 1 WebSocket connection to 'ws://localhost:9010/' failed: WebSocket is closed before the connection is established.", 'source': 'network', 'timestamp': 1646860912393}
{'level': 'SEVERE', 'message': "file:///Applications/lghub.app/Contents/Resources/app.asar/app.min.js 1 WebSocket connection to 'ws://localhost:9010/' failed: Error in connection establishment: net::ERR_CONNECTION_REFUSED", 'source': 'network', 'timestamp': 1646860912393}
{'level': 'WARNING', 'message': "file:///Applications/lghub.app/Contents/Resources/app.asar/app.min.js 1 WebSocket connection to 'ws://localhost:9010/' failed: WebSocket is closed before the connection is established.", 'source': 'network', 'timestamp': 1646860912393}
{'level': 'WARNING', 'message': "file:///Applications/lghub.app/Contents/Resources/app.asar/app.min.js 1 WebSocket connection to 'ws://localhost:9010/' failed: WebSocket is closed before the connection is established.", 'source': 'network', 'timestamp': 1646860912393}
{'level': 'WARNING', 'message': "file:///Applications/lghub.app/Contents/Resources/app.asar/app.min.js 1 WebSocket connection to 'ws://localhost:9010/' failed: WebSocket is closed before the connection is established.", 'source': 'network', 'timestamp': 1646860912393}
{'level': 'WARNING', 'message': "file:///Applications/lghub.app/Contents/Resources/app.asar/app.min.js 1 WebSocket connection to 'ws://localhost:9010/' failed: WebSocket is closed before the connection is established.", 'source': 'network', 'timestamp': 1646860912393}
{'level': 'WARNING', 'message': "file:///Applications/lghub.app/Contents/Resources/app.asar/app.min.js 1 WebSocket connection to 'ws://localhost:9010/' failed: WebSocket is closed before the connection is established.", 'source': 'network', 'timestamp': 1646860912393}
{'level': 'SEVERE', 'message': 'file:///Applications/lghub.app/Contents/Resources/app.asar/app.min.js 1:1198345 Uncaught Error: Reducers may not dispatch actions.', 'source': 'javascript', 'timestamp': 1646860912394}
{'level': 'WARNING', 'message': "file:///Applications/lghub.app/Contents/Resources/app.asar/app.min.js 1 WebSocket connection to 'ws://localhost:9010/' failed: WebSocket is closed before the connection is established.", 'source': 'network', 'timestamp': 1646860912394}
{'level': 'WARNING', 'message': "file:///Applications/lghub.app/Contents/Resources/app.asar/app.min.js 1 WebSocket connection to 'ws://localhost:9010/' failed: WebSocket is closed before the connection is established.", 'source': 'network', 'timestamp': 1646860912394}
{'level': 'WARNING', 'message': "file:///Applications/lghub.app/Contents/Resources/app.asar/app.min.js 1 WebSocket connection to 'ws://localhost:9010/' failed: WebSocket is closed before the connection is established.", 'source': 'network', 'timestamp': 1646860912394}
{'level': 'WARNING', 'message': "file:///Applications/lghub.app/Contents/Resources/app.asar/app.min.js 1 WebSocket connection to 'ws://localhost:9010/' failed: WebSocket is closed before the connection is established.", 'source': 'network', 'timestamp': 1646860912394}
{'level': 'WARNING', 'message': "file:///Applications/lghub.app/Contents/Resources/app.asar/app.min.js 1 WebSocket connection to 'ws://localhost:9010/' failed: WebSocket is closed before the connection is established.", 'source': 'network', 'timestamp': 1646860912394}
{'level': 'SEVERE', 'message': "file:///Applications/lghub.app/Contents/Resources/app.asar/app.min.js 1 WebSocket connection to 'ws://localhost:9010/' failed: Error in connection establishment: net::ERR_CONNECTION_REFUSED", 'source': 'network', 'timestamp': 1646860912394}
{'level': 'SEVERE', 'message': "file:///Applications/lghub.app/Contents/Resources/app.asar/app.min.js 1 WebSocket connection to 'ws://localhost:9010/' failed: Error in connection establishment: net::ERR_CONNECTION_REFUSED", 'source': 'network', 'timestamp': 1646860912394}
{'level': 'WARNING', 'message': "file:///Applications/lghub.app/Contents/Resources/app.asar/app.min.js 1 WebSocket connection to 'ws://localhost:9010/' failed: WebSocket is closed before the connection is established.", 'source': 'network', 'timestamp': 1646860912394}
{'level': 'WARNING', 'message': "file:///Applications/lghub.app/Contents/Resources/app.asar/app.min.js 1 WebSocket connection to 'ws://localhost:9010/' failed: WebSocket is closed before the connection is established.", 'source': 'network', 'timestamp': 1646860912394}
{'level': 'WARNING', 'message': "file:///Applications/lghub.app/Contents/Resources/app.asar/app.min.js 1 WebSocket connection to 'ws://localhost:9010/' failed: WebSocket is closed before the connection is established.", 'source': 'network', 'timestamp': 1646860912394}
{'level': 'SEVERE', 'message': "file:///Applications/lghub.app/Contents/Resources/app.asar/app.min.js 1 WebSocket connection to 'ws://localhost:9010/' failed: Error in connection establishment: net::ERR_CONNECTION_REFUSED", 'source': 'network', 'timestamp': 1646860912394}
{'level': 'WARNING', 'message': "file:///Applications/lghub.app/Contents/Resources/app.asar/app.min.js 1 WebSocket connection to 'ws://localhost:9010/' failed: WebSocket is closed before the connection is established.", 'source': 'network', 'timestamp': 1646860912394}
{'level': 'WARNING', 'message': "file:///Applications/lghub.app/Contents/Resources/app.asar/app.min.js 1 WebSocket connection to 'ws://localhost:9010/' failed: WebSocket is closed before the connection is established.", 'source': 'network', 'timestamp': 1646860912394}
{'level': 'WARNING', 'message': "file:///Applications/lghub.app/Contents/Resources/app.asar/app.min.js 1 WebSocket connection to 'ws://localhost:9010/' failed: WebSocket is closed before the connection is established.", 'source': 'network', 'timestamp': 1646860912394}
{'level': 'WARNING', 'message': "file:///Applications/lghub.app/Contents/Resources/app.asar/app.min.js 1 WebSocket connection to 'ws://localhost:9010/' failed: WebSocket is closed before the connection is established.", 'source': 'network', 'timestamp': 1646860912394}
{'level': 'SEVERE', 'message': "file:///Applications/lghub.app/Contents/Resources/app.asar/app.min.js 1 WebSocket connection to 'ws://localhost:9010/' failed: Error in connection establishment: net::ERR_CONNECTION_REFUSED", 'source': 'network', 'timestamp': 1646860912395}
{'level': 'WARNING', 'message': "file:///Applications/lghub.app/Contents/Resources/app.asar/app.min.js 1 WebSocket connection to 'ws://localhost:9010/' failed: WebSocket is closed before the connection is established.", 'source': 'network', 'timestamp': 1646860912395}
{'level': 'WARNING', 'message': "file:///Applications/lghub.app/Contents/Resources/app.asar/app.min.js 1 WebSocket connection to 'ws://localhost:9010/' failed: WebSocket is closed before the connection is established.", 'source': 'network', 'timestamp': 1646860912395}
{'level': 'WARNING', 'message': "file:///Applications/lghub.app/Contents/Resources/app.asar/app.min.js 1 WebSocket connection to 'ws://localhost:9010/' failed: WebSocket is closed before the connection is established.", 'source': 'network', 'timestamp': 1646860912395}
{'level': 'WARNING', 'message': "file:///Applications/lghub.app/Contents/Resources/app.asar/app.min.js 1 WebSocket connection to 'ws://localhost:9010/' failed: WebSocket is closed before the connection is established.", 'source': 'network', 'timestamp': 1646860912395}
{'level': 'WARNING', 'message': "file:///Applications/lghub.app/Contents/Resources/app.asar/app.min.js 1 WebSocket connection to 'ws://localhost:9010/' failed: WebSocket is closed before the connection is established.", 'source': 'network', 'timestamp': 1646860912395}
{'level': 'WARNING', 'message': "file:///Applications/lghub.app/Contents/Resources/app.asar/app.min.js 1 WebSocket connection to 'ws://localhost:9010/' failed: WebSocket is closed before the connection is established.", 'source': 'network', 'timestamp': 1646860912395}
{'level': 'WARNING', 'message': "file:///Applications/lghub.app/Contents/Resources/app.asar/app.min.js 1 WebSocket connection to 'ws://localhost:9010/' failed: WebSocket is closed before the connection is established.", 'source': 'network', 'timestamp': 1646860912395}
{'level': 'WARNING', 'message': "file:///Applications/lghub.app/Contents/Resources/app.asar/app.min.js 1 WebSocket connection to 'ws://localhost:9010/' failed: WebSocket is closed before the connection is established.", 'source': 'network', 'timestamp': 1646860912395}
{'level': 'WARNING', 'message': "file:///Applications/lghub.app/Contents/Resources/app.asar/app.min.js 1 WebSocket connection to 'ws://localhost:9010/' failed: WebSocket is closed before the connection is established.", 'source': 'network', 'timestamp': 1646860912395}
{'level': 'SEVERE', 'message': "file:///Applications/lghub.app/Contents/Resources/app.asar/app.min.js 1 WebSocket connection to 'ws://localhost:9010/' failed: Error in connection establishment: net::ERR_CONNECTION_REFUSED", 'source': 'network', 'timestamp': 1646860912395}
{'level': 'SEVERE', 'message': "file:///Applications/lghub.app/Contents/Resources/app.asar/app.min.js 1 WebSocket connection to 'ws://localhost:9010/' failed: Error in connection establishment: net::ERR_CONNECTION_REFUSED", 'source': 'network', 'timestamp': 1646860912395}
{'level': 'SEVERE', 'message': "file:///Applications/lghub.app/Contents/Resources/app.asar/app.min.js 1 WebSocket connection to 'ws://localhost:9010/' failed: Error in connection establishment: net::ERR_CONNECTION_REFUSED", 'source': 'network', 'timestamp': 1646860912395}
{'level': 'SEVERE', 'message': "file:///Applications/lghub.app/Contents/Resources/app.asar/app.min.js 1 WebSocket connection to 'ws://localhost:9010/' failed: Error in connection establishment: net::ERR_CONNECTION_REFUSED", 'source': 'network', 'timestamp': 1646860912395}
{'level': 'SEVERE', 'message': "file:///Applications/lghub.app/Contents/Resources/app.asar/app.min.js 1 WebSocket connection to 'ws://localhost:9010/' failed: Error in connection establishment: net::ERR_CONNECTION_REFUSED", 'source': 'network', 'timestamp': 1646860912395}
{'level': 'WARNING', 'message': "file:///Applications/lghub.app/Contents/Resources/app.asar/app.min.js 1 WebSocket connection to 'ws://localhost:9010/' failed: WebSocket is closed before the connection is established.", 'source': 'network', 'timestamp': 1646860912395}
{'level': 'WARNING', 'message': "file:///Applications/lghub.app/Contents/Resources/app.asar/app.min.js 1 WebSocket connection to 'ws://localhost:9010/' failed: WebSocket is closed before the connection is established.", 'source': 'network', 'timestamp': 1646860912395}
{'level': 'SEVERE', 'message': "file:///Applications/lghub.app/Contents/Resources/app.asar/app.min.js 1 WebSocket connection to 'ws://localhost:9010/' failed: Error in connection establishment: net::ERR_CONNECTION_REFUSED", 'source': 'network', 'timestamp': 1646860912395}
{'level': 'WARNING', 'message': "file:///Applications/lghub.app/Contents/Resources/app.asar/app.min.js 1 WebSocket connection to 'ws://localhost:9010/' failed: WebSocket is closed before the connection is established.", 'source': 'network', 'timestamp': 1646860912395}
{'level': 'WARNING', 'message': "file:///Applications/lghub.app/Contents/Resources/app.asar/app.min.js 1 WebSocket connection to 'ws://localhost:9010/' failed: WebSocket is closed before the connection is established.", 'source': 'network', 'timestamp': 1646860912395}
{'level': 'WARNING', 'message': "file:///Applications/lghub.app/Contents/Resources/app.asar/app.min.js 1 WebSocket connection to 'ws://localhost:9010/' failed: WebSocket is closed before the connection is established.", 'source': 'network', 'timestamp': 1646860912395}
{'level': 'SEVERE', 'message': "file:///Applications/lghub.app/Contents/Resources/app.asar/app.min.js 1 WebSocket connection to 'ws://localhost:9010/' failed: Error in connection establishment: net::ERR_CONNECTION_REFUSED", 'source': 'network', 'timestamp': 1646860912395}
{'level': 'WARNING', 'message': "file:///Applications/lghub.app/Contents/Resources/app.asar/app.min.js 1 WebSocket connection to 'ws://localhost:9010/' failed: WebSocket is closed before the connection is established.", 'source': 'network', 'timestamp': 1646860912395}
{'level': 'SEVERE', 'message': "file:///Applications/lghub.app/Contents/Resources/app.asar/app.min.js 1 WebSocket connection to 'ws://localhost:9010/' failed: Error in connection establishment: net::ERR_CONNECTION_REFUSED", 'source': 'network', 'timestamp': 1646860912395}
{'level': 'SEVERE', 'message': "file:///Applications/lghub.app/Contents/Resources/app.asar/app.min.js 1 WebSocket connection to 'ws://localhost:9010/' failed: Error in connection establishment: net::ERR_CONNECTION_REFUSED", 'source': 'network', 'timestamp': 1646860912395}
{'level': 'SEVERE', 'message': "file:///Applications/lghub.app/Contents/Resources/app.asar/app.min.js 1 WebSocket connection to 'ws://localhost:9010/' failed: Error in connection establishment: net::ERR_CONNECTION_REFUSED", 'source': 'network', 'timestamp': 1646860912395}
{'level': 'WARNING', 'message': "file:///Applications/lghub.app/Contents/Resources/app.asar/app.min.js 1 WebSocket connection to 'ws://localhost:9010/' failed: WebSocket is closed before the connection is established.", 'source': 'network', 'timestamp': 1646860912395}
{'level': 'WARNING', 'message': "file:///Applications/lghub.app/Contents/Resources/app.asar/app.min.js 1 WebSocket connection to 'ws://localhost:9010/' failed: WebSocket is closed before the connection is established.", 'source': 'network', 'timestamp': 1646860912395}
{'level': 'WARNING', 'message': "file:///Applications/lghub.app/Contents/Resources/app.asar/app.min.js 1 WebSocket connection to 'ws://localhost:9010/' failed: WebSocket is closed before the connection is established.", 'source': 'network', 'timestamp': 1646860912395}
{'level': 'WARNING', 'message': "file:///Applications/lghub.app/Contents/Resources/app.asar/app.min.js 1 WebSocket connection to 'ws://localhost:9010/' failed: WebSocket is closed before the connection is established.", 'source': 'network', 'timestamp': 1646860912396}
{'level': 'WARNING', 'message': "file:///Applications/lghub.app/Contents/Resources/app.asar/app.min.js 1 WebSocket connection to 'ws://localhost:9010/' failed: WebSocket is closed before the connection is established.", 'source': 'network', 'timestamp': 1646860912396}
{'level': 'WARNING', 'message': "file:///Applications/lghub.app/Contents/Resources/app.asar/app.min.js 1 WebSocket connection to 'ws://localhost:9010/' failed: WebSocket is closed before the connection is established.", 'source': 'network', 'timestamp': 1646860912396}
{'level': 'WARNING', 'message': "file:///Applications/lghub.app/Contents/Resources/app.asar/app.min.js 1 WebSocket connection to 'ws://localhost:9010/' failed: WebSocket is closed before the connection is established.", 'source': 'network', 'timestamp': 1646860912396}
{'level': 'WARNING', 'message': "file:///Applications/lghub.app/Contents/Resources/app.asar/app.min.js 1 WebSocket connection to 'ws://localhost:9010/' failed: WebSocket is closed before the connection is established.", 'source': 'network', 'timestamp': 1646860912396}
{'level': 'WARNING', 'message': "file:///Applications/lghub.app/Contents/Resources/app.asar/app.min.js 1 WebSocket connection to 'ws://localhost:9010/' failed: WebSocket is closed before the connection is established.", 'source': 'network', 'timestamp': 1646860912396}
{'level': 'SEVERE', 'message': "file:///Applications/lghub.app/Contents/Resources/app.asar/app.min.js 1 WebSocket connection to 'ws://localhost:9010/' failed: Error in connection establishment: net::ERR_CONNECTION_REFUSED", 'source': 'network', 'timestamp': 1646860912396}
{'level': 'WARNING', 'message': "file:///Applications/lghub.app/Contents/Resources/app.asar/app.min.js 1 WebSocket connection to 'ws://localhost:9010/' failed: WebSocket is closed before the connection is established.", 'source': 'network', 'timestamp': 1646860912396}
{'level': 'WARNING', 'message': "file:///Applications/lghub.app/Contents/Resources/app.asar/app.min.js 1 WebSocket connection to 'ws://localhost:9010/' failed: WebSocket is closed before the connection is established.", 'source': 'network', 'timestamp': 1646860912396}
{'level': 'WARNING', 'message': "file:///Applications/lghub.app/Contents/Resources/app.asar/app.min.js 1 WebSocket connection to 'ws://localhost:9010/' failed: WebSocket is closed before the connection is established.", 'source': 'network', 'timestamp': 1646860912396}
{'level': 'WARNING', 'message': "file:///Applications/lghub.app/Contents/Resources/app.asar/app.min.js 1 WebSocket connection to 'ws://localhost:9010/' failed: WebSocket is closed before the connection is established.", 'source': 'network', 'timestamp': 1646860912396}
{'level': 'WARNING', 'message': "file:///Applications/lghub.app/Contents/Resources/app.asar/app.min.js 1 WebSocket connection to 'ws://localhost:9010/' failed: WebSocket is closed before the connection is established.", 'source': 'network', 'timestamp': 1646860912396}
{'level': 'WARNING', 'message': "file:///Applications/lghub.app/Contents/Resources/app.asar/app.min.js 1 WebSocket connection to 'ws://localhost:9010/' failed: WebSocket is closed before the connection is established.", 'source': 'network', 'timestamp': 1646860912396}
{'level': 'WARNING', 'message': "file:///Applications/lghub.app/Contents/Resources/app.asar/app.min.js 1 WebSocket connection to 'ws://localhost:9010/' failed: WebSocket is closed before the connection is established.", 'source': 'network', 'timestamp': 1646860912396}
{'level': 'WARNING', 'message': "file:///Applications/lghub.app/Contents/Resources/app.asar/app.min.js 1 WebSocket connection to 'ws://localhost:9010/' failed: WebSocket is closed before the connection is established.", 'source': 'network', 'timestamp': 1646860912396}
{'level': 'SEVERE', 'message': "file:///Applications/lghub.app/Contents/Resources/app.asar/app.min.js 1 WebSocket connection to 'ws://localhost:9010/' failed: Error in connection establishment: net::ERR_CONNECTION_REFUSED", 'source': 'network', 'timestamp': 1646860912396}
{'level': 'WARNING', 'message': "file:///Applications/lghub.app/Contents/Resources/app.asar/app.min.js 1 WebSocket connection to 'ws://localhost:9010/' failed: WebSocket is closed before the connection is established.", 'source': 'network', 'timestamp': 1646860912396}
{'level': 'WARNING', 'message': "file:///Applications/lghub.app/Contents/Resources/app.asar/app.min.js 1 WebSocket connection to 'ws://localhost:9010/' failed: WebSocket is closed before the connection is established.", 'source': 'network', 'timestamp': 1646860912396}
