{'level': 'SEVERE', 'message': 'file:///Applications/lghub.app/Contents/Resources/app.asar/app.min.js 1:785690 "INVALID_STATE_ERR : Pausing to reconnect websocket"', 'source': 'console-api', 'timestamp': 1646736497072}
{'level': 'SEVERE', 'message': 'file:///Applications/lghub.app/Contents/Resources/app.asar/app.min.js 1:785690 "The above error occurred in task Mq\\n    created by e\\n    created by m3\\nTasks cancelled due to error:\\ne\\nXx\\nEz\\ne\\ne\\ne\\ne\\ne\\ne\\ne\\ne\\ne\\ne\\ne\\ne\\ne\\ne\\ne\\ne\\ne\\ne\\ne\\ne\\ne\\ne\\ne\\ne\\ne\\ne\\ne\\ne\\ne\\ne\\ne\\ne\\ne\\ne\\ne\\ne\\ne\\ne\\ne\\ne\\ne\\ne\\ne\\ne\\ne\\ne\\ne\\ne\\ne\\ne\\ne\\ne\\ne\\ne\\ne\\ne\\ne\\ne\\ne\\ne\\ne\\ne\\ne\\ne\\ne\\ne\\ne\\ne\\ne\\ne\\ne\\ne\\ne\\ne\\ne\\ne\\ne\\ne\\ne\\ne\\ne\\ne\\ne\\ne\\ne\\ne\\ne\\ne\\ne\\ne\\ne\\ne\\ne\\ne\\ne\\ne\\ne\\ne\\ne\\ne\\ne\\ne\\ne\\ne\\ne\\ne\\ne\\ne\\ne\\ne\\ne\\ne\\ne\\ne\\ne\\ne\\ne\\ne\\ne\\ne\\ne\\ne\\ne\\ne\\ne\\ne\\ne\\ne\\ne\\ne\\ne\\ne\\ne\\ne\\ne\\ne\\ne\\ne\\ne\\ne\\ne\\ne\\ne\\ne\\ne\\ne\\ne\\ne\\ne\\ne\\ne\\ne\\ne\\ne\\ne\\ne\\ne\\ne\\ne\\ne\\ne\\ne\\ne\\ne\\ne\\ne\\ne\\ne\\ne\\ne\\ne\\ne\\ne\\ne\\ne\\ne\\ne\\ne\\ne\\ne\\ne\\ne\\ne\\ne\\ne\\ne\\ne\\ne\\ne\\ne\\ne\\ne\\ne\\ne\\ne"', 'source': 'console-api', 'timestamp': 1646736497073}
{'level': 'SEVERE', 'message': "file:///Applications/lghub.app/Contents/Resources/app.asar/app.min.js 1 WebSocket connection to 'ws://localhost:9010/' failed: Error in connection establishment: net::ERR_CONNECTION_REFUSED", 'source': 'network', 'timestamp': 1646736498903}
{'level': 'SEVERE', 'message': "file:///Applications/lghub.app/Contents/Resources/app.asar/app.min.js 1 WebSocket connection to 'ws://localhost:9010/' failed: Error in connection establishment: net::ERR_CONNECTION_REFUSED", 'source': 'network', 'timestamp': 1646736499946}
{'level': 'SEVERE', 'message': "file:///Applications/lghub.app/Contents/Resources/app.asar/app.min.js 1 WebSocket connection to 'ws://localhost:9010/' failed: Error in connection establishment: net::ERR_CONNECTION_REFUSED", 'source': 'network', 'timestamp': 1646736499946}
{'level': 'SEVERE', 'message': "file:///Applications/lghub.app/Contents/Resources/app.asar/app.min.js 1 WebSocket connection to 'ws://localhost:9010/' failed: Error in connection establishment: net::ERR_CONNECTION_REFUSED", 'source': 'network', 'timestamp': 1646736500967}
{'level': 'SEVERE', 'message': "file:///Applications/lghub.app/Contents/Resources/app.asar/app.min.js 1 WebSocket connection to 'ws://localhost:9010/' failed: Error in connection establishment: net::ERR_CONNECTION_REFUSED", 'source': 'network', 'timestamp': 1646736502760}
{'level': 'SEVERE', 'message': "file:///Applications/lghub.app/Contents/Resources/app.asar/app.min.js 1 WebSocket connection to 'ws://localhost:9010/' failed: Error in connection establishment: net::ERR_CONNECTION_REFUSED", 'source': 'network', 'timestamp': 1646736503814}
{'level': 'SEVERE', 'message': "file:///Applications/lghub.app/Contents/Resources/app.asar/app.min.js 1 WebSocket connection to 'ws://localhost:9010/' failed: Error in connection establishment: net::ERR_CONNECTION_REFUSED", 'source': 'network', 'timestamp': 1646736503977}
{'level': 'SEVERE', 'message': "file:///Applications/lghub.app/Contents/Resources/app.asar/app.min.js 1 WebSocket connection to 'ws://localhost:9010/' failed: Error in connection establishment: net::ERR_CONNECTION_REFUSED", 'source': 'network', 'timestamp': 1646736504978}
{'level': 'SEVERE', 'message': "file:///Applications/lghub.app/Contents/Resources/app.asar/app.min.js 1 WebSocket connection to 'ws://localhost:9010/' failed: Error in connection establishment: net::ERR_CONNECTION_REFUSED", 'source': 'network', 'timestamp': 1646736506013}
{'level': 'SEVERE', 'message': "file:///Applications/lghub.app/Contents/Resources/app.asar/app.min.js 1 WebSocket connection to 'ws://localhost:9010/' failed: Error in connection establishment: net::ERR_CONNECTION_REFUSED", 'source': 'network', 'timestamp': 1646736507058}
{'level': 'SEVERE', 'message': "file:///Applications/lghub.app/Contents/Resources/app.asar/app.min.js 1 WebSocket connection to 'ws://localhost:9010/' failed: Error in connection establishment: net::ERR_CONNECTION_REFUSED", 'source': 'network', 'timestamp': 1646736508215}
{'level': 'SEVERE', 'message': "file:///Applications/lghub.app/Contents/Resources/app.asar/app.min.js 1 WebSocket connection to 'ws://localhost:9010/' failed: Error in connection establishment: net::ERR_CONNECTION_REFUSED", 'source': 'network', 'timestamp': 1646736949871}
{'level': 'SEVERE', 'message': "file:///Applications/lghub.app/Contents/Resources/app.asar/app.min.js 1 WebSocket connection to 'ws://localhost:9010/' failed: Error in connection establishment: net::ERR_CONNECTION_REFUSED", 'source': 'network', 'timestamp': 1646736949871}
{'level': 'SEVERE', 'message': "file:///Applications/lghub.app/Contents/Resources/app.asar/app.min.js 1 WebSocket connection to 'ws://localhost:9010/' failed: Error in connection establishment: net::ERR_CONNECTION_REFUSED", 'source': 'network', 'timestamp': 1646736949871}
{'level': 'WARNING', 'message': "file:///Applications/lghub.app/Contents/Resources/app.asar/app.min.js 1 WebSocket connection to 'ws://localhost:9010/' failed: WebSocket is closed before the connection is established.", 'source': 'network', 'timestamp': 1646736949871}
{'level': 'WARNING', 'message': "file:///Applications/lghub.app/Contents/Resources/app.asar/app.min.js 1 WebSocket connection to 'ws://localhost:9010/' failed: WebSocket is closed before the connection is established.", 'source': 'network', 'timestamp': 1646736949871}
{'level': 'WARNING', 'message': "file:///Applications/lghub.app/Contents/Resources/app.asar/app.min.js 1 WebSocket connection to 'ws://localhost:9010/' failed: WebSocket is closed before the connection is established.", 'source': 'network', 'timestamp': 1646736949871}
{'level': 'WARNING', 'message': "file:///Applications/lghub.app/Contents/Resources/app.asar/app.min.js 1 WebSocket connection to 'ws://localhost:9010/' failed: WebSocket is closed before the connection is established.", 'source': 'network', 'timestamp': 1646736949871}
{'level': 'WARNING', 'message': "file:///Applications/lghub.app/Contents/Resources/app.asar/app.min.js 1 WebSocket connection to 'ws://localhost:9010/' failed: WebSocket is closed before the connection is established.", 'source': 'network', 'timestamp': 1646736949871}
{'level': 'WARNING', 'message': "file:///Applications/lghub.app/Contents/Resources/app.asar/app.min.js 1 WebSocket connection to 'ws://localhost:9010/' failed: WebSocket is closed before the connection is established.", 'source': 'network', 'timestamp': 1646736949871}
{'level': 'WARNING', 'message': "file:///Applications/lghub.app/Contents/Resources/app.asar/app.min.js 1 WebSocket connection to 'ws://localhost:9010/' failed: WebSocket is closed before the connection is established.", 'source': 'network', 'timestamp': 1646736949871}
{'level': 'SEVERE', 'message': "file:///Applications/lghub.app/Contents/Resources/app.asar/app.min.js 1 WebSocket connection to 'ws://localhost:9010/' failed: Error in connection establishment: net::ERR_CONNECTION_REFUSED", 'source': 'network', 'timestamp': 1646736949871}
{'level': 'SEVERE', 'message': "file:///Applications/lghub.app/Contents/Resources/app.asar/app.min.js 1 WebSocket connection to 'ws://localhost:9010/' failed: Error in connection establishment: net::ERR_CONNECTION_REFUSED", 'source': 'network', 'timestamp': 1646736949871}
{'level': 'WARNING', 'message': "file:///Applications/lghub.app/Contents/Resources/app.asar/app.min.js 1 WebSocket connection to 'ws://localhost:9010/' failed: WebSocket is closed before the connection is established.", 'source': 'network', 'timestamp': 1646736949871}
{'level': 'WARNING', 'message': "file:///Applications/lghub.app/Contents/Resources/app.asar/app.min.js 1 WebSocket connection to 'ws://localhost:9010/' failed: WebSocket is closed before the connection is established.", 'source': 'network', 'timestamp': 1646736949871}
{'level': 'WARNING', 'message': "file:///Applications/lghub.app/Contents/Resources/app.asar/app.min.js 1 WebSocket connection to 'ws://localhost:9010/' failed: WebSocket is closed before the connection is established.", 'source': 'network', 'timestamp': 1646736949871}
{'level': 'WARNING', 'message': "file:///Applications/lghub.app/Contents/Resources/app.asar/app.min.js 1 WebSocket connection to 'ws://localhost:9010/' failed: WebSocket is closed before the connection is established.", 'source': 'network', 'timestamp': 1646736949871}
{'level': 'WARNING', 'message': "file:///Applications/lghub.app/Contents/Resources/app.asar/app.min.js 1 WebSocket connection to 'ws://localhost:9010/' failed: WebSocket is closed before the connection is established.", 'source': 'network', 'timestamp': 1646736949871}
{'level': 'WARNING', 'message': "file:///Applications/lghub.app/Contents/Resources/app.asar/app.min.js 1 WebSocket connection to 'ws://localhost:9010/' failed: WebSocket is closed before the connection is established.", 'source': 'network', 'timestamp': 1646736949872}
{'level': 'SEVERE', 'message': "file:///Applications/lghub.app/Contents/Resources/app.asar/app.min.js 1 WebSocket connection to 'ws://localhost:9010/' failed: Error in connection establishment: net::ERR_CONNECTION_REFUSED", 'source': 'network', 'timestamp': 1646736949872}
{'level': 'WARNING', 'message': "file:///Applications/lghub.app/Contents/Resources/app.asar/app.min.js 1 WebSocket connection to 'ws://localhost:9010/' failed: WebSocket is closed before the connection is established.", 'source': 'network', 'timestamp': 1646736949872}
{'level': 'WARNING', 'message': "file:///Applications/lghub.app/Contents/Resources/app.asar/app.min.js 1 WebSocket connection to 'ws://localhost:9010/' failed: WebSocket is closed before the connection is established.", 'source': 'network', 'timestamp': 1646736949872}
{'level': 'WARNING', 'message': "file:///Applications/lghub.app/Contents/Resources/app.asar/app.min.js 1 WebSocket connection to 'ws://localhost:9010/' failed: WebSocket is closed before the connection is established.", 'source': 'network', 'timestamp': 1646736949872}
{'level': 'WARNING', 'message': "file:///Applications/lghub.app/Contents/Resources/app.asar/app.min.js 1 WebSocket connection to 'ws://localhost:9010/' failed: WebSocket is closed before the connection is established.", 'source': 'network', 'timestamp': 1646736949872}
{'level': 'WARNING', 'message': "file:///Applications/lghub.app/Contents/Resources/app.asar/app.min.js 1 WebSocket connection to 'ws://localhost:9010/' failed: WebSocket is closed before the connection is established.", 'source': 'network', 'timestamp': 1646736949872}
{'level': 'WARNING', 'message': "file:///Applications/lghub.app/Contents/Resources/app.asar/app.min.js 1 WebSocket connection to 'ws://localhost:9010/' failed: WebSocket is closed before the connection is established.", 'source': 'network', 'timestamp': 1646736949872}
{'level': 'WARNING', 'message': "file:///Applications/lghub.app/Contents/Resources/app.asar/app.min.js 1 WebSocket connection to 'ws://localhost:9010/' failed: WebSocket is closed before the connection is established.", 'source': 'network', 'timestamp': 1646736949872}
{'level': 'WARNING', 'message': "file:///Applications/lghub.app/Contents/Resources/app.asar/app.min.js 1 WebSocket connection to 'ws://localhost:9010/' failed: WebSocket is closed before the connection is established.", 'source': 'network', 'timestamp': 1646736949872}
{'level': 'SEVERE', 'message': "file:///Applications/lghub.app/Contents/Resources/app.asar/app.min.js 1 WebSocket connection to 'ws://localhost:9010/' failed: Error in connection establishment: net::ERR_CONNECTION_REFUSED", 'source': 'network', 'timestamp': 1646736949872}
{'level': 'SEVERE', 'message': "file:///Applications/lghub.app/Contents/Resources/app.asar/app.min.js 1 WebSocket connection to 'ws://localhost:9010/' failed: Error in connection establishment: net::ERR_CONNECTION_REFUSED", 'source': 'network', 'timestamp': 1646736949872}
{'level': 'WARNING', 'message': "file:///Applications/lghub.app/Contents/Resources/app.asar/app.min.js 1 WebSocket connection to 'ws://localhost:9010/' failed: WebSocket is closed before the connection is established.", 'source': 'network', 'timestamp': 1646736949872}
{'level': 'SEVERE', 'message': "file:///Applications/lghub.app/Contents/Resources/app.asar/app.min.js 1 WebSocket connection to 'ws://localhost:9010/' failed: Error in connection establishment: net::ERR_CONNECTION_REFUSED", 'source': 'network', 'timestamp': 1646736949872}
{'level': 'WARNING', 'message': "file:///Applications/lghub.app/Contents/Resources/app.asar/app.min.js 1 WebSocket connection to 'ws://localhost:9010/' failed: WebSocket is closed before the connection is established.", 'source': 'network', 'timestamp': 1646736949872}
{'level': 'WARNING', 'message': "file:///Applications/lghub.app/Contents/Resources/app.asar/app.min.js 1 WebSocket connection to 'ws://localhost:9010/' failed: WebSocket is closed before the connection is established.", 'source': 'network', 'timestamp': 1646736949872}
{'level': 'WARNING', 'message': "file:///Applications/lghub.app/Contents/Resources/app.asar/app.min.js 1 WebSocket connection to 'ws://localhost:9010/' failed: WebSocket is closed before the connection is established.", 'source': 'network', 'timestamp': 1646736949872}
{'level': 'WARNING', 'message': "file:///Applications/lghub.app/Contents/Resources/app.asar/app.min.js 1 WebSocket connection to 'ws://localhost:9010/' failed: WebSocket is closed before the connection is established.", 'source': 'network', 'timestamp': 1646736949872}
{'level': 'WARNING', 'message': "file:///Applications/lghub.app/Contents/Resources/app.asar/app.min.js 1 WebSocket connection to 'ws://localhost:9010/' failed: WebSocket is closed before the connection is established.", 'source': 'network', 'timestamp': 1646736949872}
{'level': 'WARNING', 'message': "file:///Applications/lghub.app/Contents/Resources/app.asar/app.min.js 1 WebSocket connection to 'ws://localhost:9010/' failed: WebSocket is closed before the connection is established.", 'source': 'network', 'timestamp': 1646736949872}
{'level': 'SEVERE', 'message': "file:///Applications/lghub.app/Contents/Resources/app.asar/app.min.js 1 WebSocket connection to 'ws://localhost:9010/' failed: Error in connection establishment: net::ERR_CONNECTION_REFUSED", 'source': 'network', 'timestamp': 1646736949872}
{'level': 'WARNING', 'message': "file:///Applications/lghub.app/Contents/Resources/app.asar/app.min.js 1 WebSocket connection to 'ws://localhost:9010/' failed: WebSocket is closed before the connection is established.", 'source': 'network', 'timestamp': 1646736949872}
{'level': 'WARNING', 'message': "file:///Applications/lghub.app/Contents/Resources/app.asar/app.min.js 1 WebSocket connection to 'ws://localhost:9010/' failed: WebSocket is closed before the connection is established.", 'source': 'network', 'timestamp': 1646736949872}
{'level': 'WARNING', 'message': "file:///Applications/lghub.app/Contents/Resources/app.asar/app.min.js 1 WebSocket connection to 'ws://localhost:9010/' failed: WebSocket is closed before the connection is established.", 'source': 'network', 'timestamp': 1646736949872}
{'level': 'WARNING', 'message': "file:///Applications/lghub.app/Contents/Resources/app.asar/app.min.js 1 WebSocket connection to 'ws://localhost:9010/' failed: WebSocket is closed before the connection is established.", 'source': 'network', 'timestamp': 1646736949872}
{'level': 'WARNING', 'message': "file:///Applications/lghub.app/Contents/Resources/app.asar/app.min.js 1 WebSocket connection to 'ws://localhost:9010/' failed: WebSocket is closed before the connection is established.", 'source': 'network', 'timestamp': 1646736949872}
{'level': 'WARNING', 'message': "file:///Applications/lghub.app/Contents/Resources/app.asar/app.min.js 1 WebSocket connection to 'ws://localhost:9010/' failed: WebSocket is closed before the connection is established.", 'source': 'network', 'timestamp': 1646736949872}
{'level': 'WARNING', 'message': "file:///Applications/lghub.app/Contents/Resources/app.asar/app.min.js 1 WebSocket connection to 'ws://localhost:9010/' failed: WebSocket is closed before the connection is established.", 'source': 'network', 'timestamp': 1646736949872}
{'level': 'WARNING', 'message': "file:///Applications/lghub.app/Contents/Resources/app.asar/app.min.js 1 WebSocket connection to 'ws://localhost:9010/' failed: WebSocket is closed before the connection is established.", 'source': 'network', 'timestamp': 1646736949872}
{'level': 'SEVERE', 'message': "file:///Applications/lghub.app/Contents/Resources/app.asar/app.min.js 1 WebSocket connection to 'ws://localhost:9010/' failed: Error in connection establishment: net::ERR_CONNECTION_REFUSED", 'source': 'network', 'timestamp': 1646736949872}
{'level': 'WARNING', 'message': "file:///Applications/lghub.app/Contents/Resources/app.asar/app.min.js 1 WebSocket connection to 'ws://localhost:9010/' failed: WebSocket is closed before the connection is established.", 'source': 'network', 'timestamp': 1646736949872}
{'level': 'WARNING', 'message': "file:///Applications/lghub.app/Contents/Resources/app.asar/app.min.js 1 WebSocket connection to 'ws://localhost:9010/' failed: WebSocket is closed before the connection is established.", 'source': 'network', 'timestamp': 1646736949873}
{'level': 'WARNING', 'message': "file:///Applications/lghub.app/Contents/Resources/app.asar/app.min.js 1 WebSocket connection to 'ws://localhost:9010/' failed: WebSocket is closed before the connection is established.", 'source': 'network', 'timestamp': 1646736949873}
{'level': 'SEVERE', 'message': "file:///Applications/lghub.app/Contents/Resources/app.asar/app.min.js 1 WebSocket connection to 'ws://localhost:9010/' failed: Error in connection establishment: net::ERR_CONNECTION_REFUSED", 'source': 'network', 'timestamp': 1646736949873}
{'level': 'WARNING', 'message': "file:///Applications/lghub.app/Contents/Resources/app.asar/app.min.js 1 WebSocket connection to 'ws://localhost:9010/' failed: WebSocket is closed before the connection is established.", 'source': 'network', 'timestamp': 1646736949873}
{'level': 'WARNING', 'message': "file:///Applications/lghub.app/Contents/Resources/app.asar/app.min.js 1 WebSocket connection to 'ws://localhost:9010/' failed: WebSocket is closed before the connection is established.", 'source': 'network', 'timestamp': 1646736949873}
{'level': 'WARNING', 'message': "file:///Applications/lghub.app/Contents/Resources/app.asar/app.min.js 1 WebSocket connection to 'ws://localhost:9010/' failed: WebSocket is closed before the connection is established.", 'source': 'network', 'timestamp': 1646736949873}
{'level': 'SEVERE', 'message': "file:///Applications/lghub.app/Contents/Resources/app.asar/app.min.js 1 WebSocket connection to 'ws://localhost:9010/' failed: Error in connection establishment: net::ERR_CONNECTION_REFUSED", 'source': 'network', 'timestamp': 1646736949873}
{'level': 'WARNING', 'message': "file:///Applications/lghub.app/Contents/Resources/app.asar/app.min.js 1 WebSocket connection to 'ws://localhost:9010/' failed: WebSocket is closed before the connection is established.", 'source': 'network', 'timestamp': 1646736949873}
{'level': 'WARNING', 'message': "file:///Applications/lghub.app/Contents/Resources/app.asar/app.min.js 1 WebSocket connection to 'ws://localhost:9010/' failed: WebSocket is closed before the connection is established.", 'source': 'network', 'timestamp': 1646736949873}
{'level': 'WARNING', 'message': "file:///Applications/lghub.app/Contents/Resources/app.asar/app.min.js 1 WebSocket connection to 'ws://localhost:9010/' failed: WebSocket is closed before the connection is established.", 'source': 'network', 'timestamp': 1646736949873}
{'level': 'SEVERE', 'message': "file:///Applications/lghub.app/Contents/Resources/app.asar/app.min.js 1 WebSocket connection to 'ws://localhost:9010/' failed: Error in connection establishment: net::ERR_CONNECTION_REFUSED", 'source': 'network', 'timestamp': 1646736949873}
{'level': 'WARNING', 'message': "file:///Applications/lghub.app/Contents/Resources/app.asar/app.min.js 1 WebSocket connection to 'ws://localhost:9010/' failed: WebSocket is closed before the connection is established.", 'source': 'network', 'timestamp': 1646736949873}
{'level': 'WARNING', 'message': "file:///Applications/lghub.app/Contents/Resources/app.asar/app.min.js 1 WebSocket connection to 'ws://localhost:9010/' failed: WebSocket is closed before the connection is established.", 'source': 'network', 'timestamp': 1646736949873}
{'level': 'SEVERE', 'message': "file:///Applications/lghub.app/Contents/Resources/app.asar/app.min.js 1 WebSocket connection to 'ws://localhost:9010/' failed: Error in connection establishment: net::ERR_CONNECTION_REFUSED", 'source': 'network', 'timestamp': 1646736949873}
{'level': 'WARNING', 'message': "file:///Applications/lghub.app/Contents/Resources/app.asar/app.min.js 1 WebSocket connection to 'ws://localhost:9010/' failed: WebSocket is closed before the connection is established.", 'source': 'network', 'timestamp': 1646736949873}
{'level': 'WARNING', 'message': "file:///Applications/lghub.app/Contents/Resources/app.asar/app.min.js 1 WebSocket connection to 'ws://localhost:9010/' failed: WebSocket is closed before the connection is established.", 'source': 'network', 'timestamp': 1646736949873}
{'level': 'WARNING', 'message': "file:///Applications/lghub.app/Contents/Resources/app.asar/app.min.js 1 WebSocket connection to 'ws://localhost:9010/' failed: WebSocket is closed before the connection is established.", 'source': 'network', 'timestamp': 1646736949873}
{'level': 'SEVERE', 'message': "file:///Applications/lghub.app/Contents/Resources/app.asar/app.min.js 1 WebSocket connection to 'ws://localhost:9010/' failed: Error in connection establishment: net::ERR_CONNECTION_REFUSED", 'source': 'network', 'timestamp': 1646736949873}
{'level': 'SEVERE', 'message': "file:///Applications/lghub.app/Contents/Resources/app.asar/app.min.js 1 WebSocket connection to 'ws://localhost:9010/' failed: Error in connection establishment: net::ERR_CONNECTION_REFUSED", 'source': 'network', 'timestamp': 1646736949873}
{'level': 'SEVERE', 'message': "file:///Applications/lghub.app/Contents/Resources/app.asar/app.min.js 1 WebSocket connection to 'ws://localhost:9010/' failed: Error in connection establishment: net::ERR_CONNECTION_REFUSED", 'source': 'network', 'timestamp': 1646736949873}
{'level': 'WARNING', 'message': "file:///Applications/lghub.app/Contents/Resources/app.asar/app.min.js 1 WebSocket connection to 'ws://localhost:9010/' failed: WebSocket is closed before the connection is established.", 'source': 'network', 'timestamp': 1646736949873}
{'level': 'WARNING', 'message': "file:///Applications/lghub.app/Contents/Resources/app.asar/app.min.js 1 WebSocket connection to 'ws://localhost:9010/' failed: WebSocket is closed before the connection is established.", 'source': 'network', 'timestamp': 1646736949873}
{'level': 'SEVERE', 'message': "file:///Applications/lghub.app/Contents/Resources/app.asar/app.min.js 1 WebSocket connection to 'ws://localhost:9010/' failed: Error in connection establishment: net::ERR_CONNECTION_REFUSED", 'source': 'network', 'timestamp': 1646736949873}
{'level': 'WARNING', 'message': "file:///Applications/lghub.app/Contents/Resources/app.asar/app.min.js 1 WebSocket connection to 'ws://localhost:9010/' failed: WebSocket is closed before the connection is established.", 'source': 'network', 'timestamp': 1646736949873}
{'level': 'SEVERE', 'message': "file:///Applications/lghub.app/Contents/Resources/app.asar/app.min.js 1 WebSocket connection to 'ws://localhost:9010/' failed: Error in connection establishment: net::ERR_CONNECTION_REFUSED", 'source': 'network', 'timestamp': 1646736949873}
{'level': 'WARNING', 'message': "file:///Applications/lghub.app/Contents/Resources/app.asar/app.min.js 1 WebSocket connection to 'ws://localhost:9010/' failed: WebSocket is closed before the connection is established.", 'source': 'network', 'timestamp': 1646736949873}
{'level': 'WARNING', 'message': "file:///Applications/lghub.app/Contents/Resources/app.asar/app.min.js 1 WebSocket connection to 'ws://localhost:9010/' failed: WebSocket is closed before the connection is established.", 'source': 'network', 'timestamp': 1646736949873}
{'level': 'SEVERE', 'message': "file:///Applications/lghub.app/Contents/Resources/app.asar/app.min.js 1 WebSocket connection to 'ws://localhost:9010/' failed: Error in connection establishment: net::ERR_CONNECTION_REFUSED", 'source': 'network', 'timestamp': 1646736949873}
{'level': 'WARNING', 'message': "file:///Applications/lghub.app/Contents/Resources/app.asar/app.min.js 1 WebSocket connection to 'ws://localhost:9010/' failed: WebSocket is closed before the connection is established.", 'source': 'network', 'timestamp': 1646736949873}
{'level': 'WARNING', 'message': "file:///Applications/lghub.app/Contents/Resources/app.asar/app.min.js 1 WebSocket connection to 'ws://localhost:9010/' failed: WebSocket is closed before the connection is established.", 'source': 'network', 'timestamp': 1646736949873}
{'level': 'WARNING', 'message': "file:///Applications/lghub.app/Contents/Resources/app.asar/app.min.js 1 WebSocket connection to 'ws://localhost:9010/' failed: WebSocket is closed before the connection is established.", 'source': 'network', 'timestamp': 1646736949873}
{'level': 'SEVERE', 'message': "file:///Applications/lghub.app/Contents/Resources/app.asar/app.min.js 1 WebSocket connection to 'ws://localhost:9010/' failed: Error in connection establishment: net::ERR_CONNECTION_REFUSED", 'source': 'network', 'timestamp': 1646736949873}
{'level': 'SEVERE', 'message': "file:///Applications/lghub.app/Contents/Resources/app.asar/app.min.js 1 WebSocket connection to 'ws://localhost:9010/' failed: Error in connection establishment: net::ERR_CONNECTION_REFUSED", 'source': 'network', 'timestamp': 1646736949873}
{'level': 'SEVERE', 'message': "file:///Applications/lghub.app/Contents/Resources/app.asar/app.min.js 1 WebSocket connection to 'ws://localhost:9010/' failed: Error in connection establishment: net::ERR_CONNECTION_REFUSED", 'source': 'network', 'timestamp': 1646736949873}
{'level': 'SEVERE', 'message': "file:///Applications/lghub.app/Contents/Resources/app.asar/app.min.js 1 WebSocket connection to 'ws://localhost:9010/' failed: Error in connection establishment: net::ERR_CONNECTION_REFUSED", 'source': 'network', 'timestamp': 1646736949873}
{'level': 'SEVERE', 'message': "file:///Applications/lghub.app/Contents/Resources/app.asar/app.min.js 1 WebSocket connection to 'ws://localhost:9010/' failed: Error in connection establishment: net::ERR_CONNECTION_REFUSED", 'source': 'network', 'timestamp': 1646736949873}
{'level': 'SEVERE', 'message': "file:///Applications/lghub.app/Contents/Resources/app.asar/app.min.js 1 WebSocket connection to 'ws://localhost:9010/' failed: Error in connection establishment: net::ERR_CONNECTION_REFUSED", 'source': 'network', 'timestamp': 1646736949873}
{'level': 'SEVERE', 'message': "file:///Applications/lghub.app/Contents/Resources/app.asar/app.min.js 1 WebSocket connection to 'ws://localhost:9010/' failed: Error in connection establishment: net::ERR_CONNECTION_REFUSED", 'source': 'network', 'timestamp': 1646736949873}
{'level': 'SEVERE', 'message': "file:///Applications/lghub.app/Contents/Resources/app.asar/app.min.js 1 WebSocket connection to 'ws://localhost:9010/' failed: Error in connection establishment: net::ERR_CONNECTION_REFUSED", 'source': 'network', 'timestamp': 1646736949874}
{'level': 'SEVERE', 'message': "file:///Applications/lghub.app/Contents/Resources/app.asar/app.min.js 1 WebSocket connection to 'ws://localhost:9010/' failed: Error in connection establishment: net::ERR_CONNECTION_REFUSED", 'source': 'network', 'timestamp': 1646736949874}
{'level': 'SEVERE', 'message': "file:///Applications/lghub.app/Contents/Resources/app.asar/app.min.js 1 WebSocket connection to 'ws://localhost:9010/' failed: Error in connection establishment: net::ERR_CONNECTION_REFUSED", 'source': 'network', 'timestamp': 1646736949874}
{'level': 'SEVERE', 'message': "file:///Applications/lghub.app/Contents/Resources/app.asar/app.min.js 1 WebSocket connection to 'ws://localhost:9010/' failed: Error in connection establishment: net::ERR_CONNECTION_REFUSED", 'source': 'network', 'timestamp': 1646736949874}
{'level': 'SEVERE', 'message': "file:///Applications/lghub.app/Contents/Resources/app.asar/app.min.js 1 WebSocket connection to 'ws://localhost:9010/' failed: Error in connection establishment: net::ERR_CONNECTION_REFUSED", 'source': 'network', 'timestamp': 1646736949874}
{'level': 'SEVERE', 'message': "file:///Applications/lghub.app/Contents/Resources/app.asar/app.min.js 1 WebSocket connection to 'ws://localhost:9010/' failed: Error in connection establishment: net::ERR_CONNECTION_REFUSED", 'source': 'network', 'timestamp': 1646736949874}
{'level': 'SEVERE', 'message': "file:///Applications/lghub.app/Contents/Resources/app.asar/app.min.js 1 WebSocket connection to 'ws://localhost:9010/' failed: Error in connection establishment: net::ERR_CONNECTION_REFUSED", 'source': 'network', 'timestamp': 1646736949874}
{'level': 'SEVERE', 'message': "file:///Applications/lghub.app/Contents/Resources/app.asar/app.min.js 1 WebSocket connection to 'ws://localhost:9010/' failed: Error in connection establishment: net::ERR_CONNECTION_REFUSED", 'source': 'network', 'timestamp': 1646736949874}
{'level': 'SEVERE', 'message': "file:///Applications/lghub.app/Contents/Resources/app.asar/app.min.js 1 WebSocket connection to 'ws://localhost:9010/' failed: Error in connection establishment: net::ERR_CONNECTION_REFUSED", 'source': 'network', 'timestamp': 1646736949874}
{'level': 'WARNING', 'message': "file:///Applications/lghub.app/Contents/Resources/app.asar/app.min.js 1 WebSocket connection to 'ws://localhost:9010/' failed: WebSocket is closed before the connection is established.", 'source': 'network', 'timestamp': 1646736949874}
{'level': 'WARNING', 'message': "file:///Applications/lghub.app/Contents/Resources/app.asar/app.min.js 1 WebSocket connection to 'ws://localhost:9010/' failed: WebSocket is closed before the connection is established.", 'source': 'network', 'timestamp': 1646736949874}
{'level': 'WARNING', 'message': "file:///Applications/lghub.app/Contents/Resources/app.asar/app.min.js 1 WebSocket connection to 'ws://localhost:9010/' failed: WebSocket is closed before the connection is established.", 'source': 'network', 'timestamp': 1646736949874}
{'level': 'SEVERE', 'message': "file:///Applications/lghub.app/Contents/Resources/app.asar/app.min.js 1 WebSocket connection to 'ws://localhost:9010/' failed: Error in connection establishment: net::ERR_CONNECTION_REFUSED", 'source': 'network', 'timestamp': 1646736949874}
{'level': 'WARNING', 'message': "file:///Applications/lghub.app/Contents/Resources/app.asar/app.min.js 1 WebSocket connection to 'ws://localhost:9010/' failed: WebSocket is closed before the connection is established.", 'source': 'network', 'timestamp': 1646736949874}
{'level': 'SEVERE', 'message': "file:///Applications/lghub.app/Contents/Resources/app.asar/app.min.js 1 WebSocket connection to 'ws://localhost:9010/' failed: Error in connection establishment: net::ERR_CONNECTION_REFUSED", 'source': 'network', 'timestamp': 1646736949874}
{'level': 'WARNING', 'message': "file:///Applications/lghub.app/Contents/Resources/app.asar/app.min.js 1 WebSocket connection to 'ws://localhost:9010/' failed: WebSocket is closed before the connection is established.", 'source': 'network', 'timestamp': 1646736949874}
{'level': 'WARNING', 'message': "file:///Applications/lghub.app/Contents/Resources/app.asar/app.min.js 1 WebSocket connection to 'ws://localhost:9010/' failed: WebSocket is closed before the connection is established.", 'source': 'network', 'timestamp': 1646736949874}
{'level': 'SEVERE', 'message': "file:///Applications/lghub.app/Contents/Resources/app.asar/app.min.js 1 WebSocket connection to 'ws://localhost:9010/' failed: Error in connection establishment: net::ERR_CONNECTION_REFUSED", 'source': 'network', 'timestamp': 1646736949874}
{'level': 'SEVERE', 'message': "file:///Applications/lghub.app/Contents/Resources/app.asar/app.min.js 1 WebSocket connection to 'ws://localhost:9010/' failed: Error in connection establishment: net::ERR_CONNECTION_REFUSED", 'source': 'network', 'timestamp': 1646736949874}
{'level': 'WARNING', 'message': "file:///Applications/lghub.app/Contents/Resources/app.asar/app.min.js 1 WebSocket connection to 'ws://localhost:9010/' failed: WebSocket is closed before the connection is established.", 'source': 'network', 'timestamp': 1646736949874}
{'level': 'WARNING', 'message': "file:///Applications/lghub.app/Contents/Resources/app.asar/app.min.js 1 WebSocket connection to 'ws://localhost:9010/' failed: WebSocket is closed before the connection is established.", 'source': 'network', 'timestamp': 1646736949874}
{'level': 'WARNING', 'message': "file:///Applications/lghub.app/Contents/Resources/app.asar/app.min.js 1 WebSocket connection to 'ws://localhost:9010/' failed: WebSocket is closed before the connection is established.", 'source': 'network', 'timestamp': 1646736949874}
{'level': 'WARNING', 'message': "file:///Applications/lghub.app/Contents/Resources/app.asar/app.min.js 1 WebSocket connection to 'ws://localhost:9010/' failed: WebSocket is closed before the connection is established.", 'source': 'network', 'timestamp': 1646736949874}
{'level': 'SEVERE', 'message': "file:///Applications/lghub.app/Contents/Resources/app.asar/app.min.js 1 WebSocket connection to 'ws://localhost:9010/' failed: Error in connection establishment: net::ERR_CONNECTION_REFUSED", 'source': 'network', 'timestamp': 1646736949874}
{'level': 'WARNING', 'message': "file:///Applications/lghub.app/Contents/Resources/app.asar/app.min.js 1 WebSocket connection to 'ws://localhost:9010/' failed: WebSocket is closed before the connection is established.", 'source': 'network', 'timestamp': 1646736949874}
{'level': 'WARNING', 'message': "file:///Applications/lghub.app/Contents/Resources/app.asar/app.min.js 1 WebSocket connection to 'ws://localhost:9010/' failed: WebSocket is closed before the connection is established.", 'source': 'network', 'timestamp': 1646736949874}
{'level': 'SEVERE', 'message': "file:///Applications/lghub.app/Contents/Resources/app.asar/app.min.js 1 WebSocket connection to 'ws://localhost:9010/' failed: Error in connection establishment: net::ERR_CONNECTION_REFUSED", 'source': 'network', 'timestamp': 1646736949874}
{'level': 'WARNING', 'message': "file:///Applications/lghub.app/Contents/Resources/app.asar/app.min.js 1 WebSocket connection to 'ws://localhost:9010/' failed: WebSocket is closed before the connection is established.", 'source': 'network', 'timestamp': 1646736949874}
{'level': 'WARNING', 'message': "file:///Applications/lghub.app/Contents/Resources/app.asar/app.min.js 1 WebSocket connection to 'ws://localhost:9010/' failed: WebSocket is closed before the connection is established.", 'source': 'network', 'timestamp': 1646736949874}
{'level': 'WARNING', 'message': "file:///Applications/lghub.app/Contents/Resources/app.asar/app.min.js 1 WebSocket connection to 'ws://localhost:9010/' failed: WebSocket is closed before the connection is established.", 'source': 'network', 'timestamp': 1646736949874}
{'level': 'WARNING', 'message': "file:///Applications/lghub.app/Contents/Resources/app.asar/app.min.js 1 WebSocket connection to 'ws://localhost:9010/' failed: WebSocket is closed before the connection is established.", 'source': 'network', 'timestamp': 1646736949874}
{'level': 'SEVERE', 'message': "file:///Applications/lghub.app/Contents/Resources/app.asar/app.min.js 1 WebSocket connection to 'ws://localhost:9010/' failed: Error in connection establishment: net::ERR_CONNECTION_REFUSED", 'source': 'network', 'timestamp': 1646736949874}
{'level': 'WARNING', 'message': "file:///Applications/lghub.app/Contents/Resources/app.asar/app.min.js 1 WebSocket connection to 'ws://localhost:9010/' failed: WebSocket is closed before the connection is established.", 'source': 'network', 'timestamp': 1646736949874}
{'level': 'WARNING', 'message': "file:///Applications/lghub.app/Contents/Resources/app.asar/app.min.js 1 WebSocket connection to 'ws://localhost:9010/' failed: WebSocket is closed before the connection is established.", 'source': 'network', 'timestamp': 1646736949874}
{'level': 'WARNING', 'message': "file:///Applications/lghub.app/Contents/Resources/app.asar/app.min.js 1 WebSocket connection to 'ws://localhost:9010/' failed: WebSocket is closed before the connection is established.", 'source': 'network', 'timestamp': 1646736949874}
{'level': 'WARNING', 'message': "file:///Applications/lghub.app/Contents/Resources/app.asar/app.min.js 1 WebSocket connection to 'ws://localhost:9010/' failed: WebSocket is closed before the connection is established.", 'source': 'network', 'timestamp': 1646736949874}
{'level': 'WARNING', 'message': "file:///Applications/lghub.app/Contents/Resources/app.asar/app.min.js 1 WebSocket connection to 'ws://localhost:9010/' failed: WebSocket is closed before the connection is established.", 'source': 'network', 'timestamp': 1646736949874}
{'level': 'WARNING', 'message': "file:///Applications/lghub.app/Contents/Resources/app.asar/app.min.js 1 WebSocket connection to 'ws://localhost:9010/' failed: WebSocket is closed before the connection is established.", 'source': 'network', 'timestamp': 1646736949874}
{'level': 'WARNING', 'message': "file:///Applications/lghub.app/Contents/Resources/app.asar/app.min.js 1 WebSocket connection to 'ws://localhost:9010/' failed: WebSocket is closed before the connection is established.", 'source': 'network', 'timestamp': 1646736949874}
{'level': 'SEVERE', 'message': "file:///Applications/lghub.app/Contents/Resources/app.asar/app.min.js 1 WebSocket connection to 'ws://localhost:9010/' failed: Error in connection establishment: net::ERR_CONNECTION_REFUSED", 'source': 'network', 'timestamp': 1646736949875}
{'level': 'SEVERE', 'message': "file:///Applications/lghub.app/Contents/Resources/app.asar/app.min.js 1 WebSocket connection to 'ws://localhost:9010/' failed: Error in connection establishment: net::ERR_CONNECTION_REFUSED", 'source': 'network', 'timestamp': 1646736949875}
{'level': 'WARNING', 'message': "file:///Applications/lghub.app/Contents/Resources/app.asar/app.min.js 1 WebSocket connection to 'ws://localhost:9010/' failed: WebSocket is closed before the connection is established.", 'source': 'network', 'timestamp': 1646736949875}
{'level': 'SEVERE', 'message': "file:///Applications/lghub.app/Contents/Resources/app.asar/app.min.js 1 WebSocket connection to 'ws://localhost:9010/' failed: Error in connection establishment: net::ERR_CONNECTION_REFUSED", 'source': 'network', 'timestamp': 1646736949875}
{'level': 'WARNING', 'message': "file:///Applications/lghub.app/Contents/Resources/app.asar/app.min.js 1 WebSocket connection to 'ws://localhost:9010/' failed: WebSocket is closed before the connection is established.", 'source': 'network', 'timestamp': 1646736949875}
{'level': 'WARNING', 'message': "file:///Applications/lghub.app/Contents/Resources/app.asar/app.min.js 1 WebSocket connection to 'ws://localhost:9010/' failed: WebSocket is closed before the connection is established.", 'source': 'network', 'timestamp': 1646736949875}
{'level': 'SEVERE', 'message': "file:///Applications/lghub.app/Contents/Resources/app.asar/app.min.js 1 WebSocket connection to 'ws://localhost:9010/' failed: Error in connection establishment: net::ERR_CONNECTION_REFUSED", 'source': 'network', 'timestamp': 1646736949875}
{'level': 'SEVERE', 'message': "file:///Applications/lghub.app/Contents/Resources/app.asar/app.min.js 1 WebSocket connection to 'ws://localhost:9010/' failed: Error in connection establishment: net::ERR_CONNECTION_REFUSED", 'source': 'network', 'timestamp': 1646736949875}
{'level': 'SEVERE', 'message': "file:///Applications/lghub.app/Contents/Resources/app.asar/app.min.js 1 WebSocket connection to 'ws://localhost:9010/' failed: Error in connection establishment: net::ERR_CONNECTION_REFUSED", 'source': 'network', 'timestamp': 1646736949875}
{'level': 'SEVERE', 'message': "file:///Applications/lghub.app/Contents/Resources/app.asar/app.min.js 1 WebSocket connection to 'ws://localhost:9010/' failed: Error in connection establishment: net::ERR_CONNECTION_REFUSED", 'source': 'network', 'timestamp': 1646736949875}
{'level': 'SEVERE', 'message': "file:///Applications/lghub.app/Contents/Resources/app.asar/app.min.js 1 WebSocket connection to 'ws://localhost:9010/' failed: Error in connection establishment: net::ERR_CONNECTION_REFUSED", 'source': 'network', 'timestamp': 1646736949875}
{'level': 'SEVERE', 'message': "file:///Applications/lghub.app/Contents/Resources/app.asar/app.min.js 1 WebSocket connection to 'ws://localhost:9010/' failed: Error in connection establishment: net::ERR_CONNECTION_REFUSED", 'source': 'network', 'timestamp': 1646736949875}
{'level': 'SEVERE', 'message': "file:///Applications/lghub.app/Contents/Resources/app.asar/app.min.js 1 WebSocket connection to 'ws://localhost:9010/' failed: Error in connection establishment: net::ERR_CONNECTION_REFUSED", 'source': 'network', 'timestamp': 1646736949875}
{'level': 'SEVERE', 'message': "file:///Applications/lghub.app/Contents/Resources/app.asar/app.min.js 1 WebSocket connection to 'ws://localhost:9010/' failed: Error in connection establishment: net::ERR_CONNECTION_REFUSED", 'source': 'network', 'timestamp': 1646736949875}
{'level': 'SEVERE', 'message': "file:///Applications/lghub.app/Contents/Resources/app.asar/app.min.js 1 WebSocket connection to 'ws://localhost:9010/' failed: Error in connection establishment: net::ERR_CONNECTION_REFUSED", 'source': 'network', 'timestamp': 1646736949875}
{'level': 'SEVERE', 'message': "file:///Applications/lghub.app/Contents/Resources/app.asar/app.min.js 1 WebSocket connection to 'ws://localhost:9010/' failed: Error in connection establishment: net::ERR_CONNECTION_REFUSED", 'source': 'network', 'timestamp': 1646736949875}
{'level': 'SEVERE', 'message': "file:///Applications/lghub.app/Contents/Resources/app.asar/app.min.js 1 WebSocket connection to 'ws://localhost:9010/' failed: Error in connection establishment: net::ERR_CONNECTION_REFUSED", 'source': 'network', 'timestamp': 1646736949875}
{'level': 'SEVERE', 'message': "file:///Applications/lghub.app/Contents/Resources/app.asar/app.min.js 1 WebSocket connection to 'ws://localhost:9010/' failed: Error in connection establishment: net::ERR_CONNECTION_REFUSED", 'source': 'network', 'timestamp': 1646736949875}
{'level': 'SEVERE', 'message': "file:///Applications/lghub.app/Contents/Resources/app.asar/app.min.js 1 WebSocket connection to 'ws://localhost:9010/' failed: Error in connection establishment: net::ERR_CONNECTION_REFUSED", 'source': 'network', 'timestamp': 1646736949875}
{'level': 'SEVERE', 'message': "file:///Applications/lghub.app/Contents/Resources/app.asar/app.min.js 1 WebSocket connection to 'ws://localhost:9010/' failed: Error in connection establishment: net::ERR_CONNECTION_REFUSED", 'source': 'network', 'timestamp': 1646736949875}
{'level': 'SEVERE', 'message': "file:///Applications/lghub.app/Contents/Resources/app.asar/app.min.js 1 WebSocket connection to 'ws://localhost:9010/' failed: Error in connection establishment: net::ERR_CONNECTION_REFUSED", 'source': 'network', 'timestamp': 1646736949875}
{'level': 'WARNING', 'message': "file:///Applications/lghub.app/Contents/Resources/app.asar/app.min.js 1 WebSocket connection to 'ws://localhost:9010/' failed: WebSocket is closed before the connection is established.", 'source': 'network', 'timestamp': 1646736949875}
{'level': 'WARNING', 'message': "file:///Applications/lghub.app/Contents/Resources/app.asar/app.min.js 1 WebSocket connection to 'ws://localhost:9010/' failed: WebSocket is closed before the connection is established.", 'source': 'network', 'timestamp': 1646736949875}
{'level': 'WARNING', 'message': "file:///Applications/lghub.app/Contents/Resources/app.asar/app.min.js 1 WebSocket connection to 'ws://localhost:9010/' failed: WebSocket is closed before the connection is established.", 'source': 'network', 'timestamp': 1646736949875}
{'level': 'WARNING', 'message': "file:///Applications/lghub.app/Contents/Resources/app.asar/app.min.js 1 WebSocket connection to 'ws://localhost:9010/' failed: WebSocket is closed before the connection is established.", 'source': 'network', 'timestamp': 1646736949875}
{'level': 'WARNING', 'message': "file:///Applications/lghub.app/Contents/Resources/app.asar/app.min.js 1 WebSocket connection to 'ws://localhost:9010/' failed: WebSocket is closed before the connection is established.", 'source': 'network', 'timestamp': 1646736949875}
{'level': 'WARNING', 'message': "file:///Applications/lghub.app/Contents/Resources/app.asar/app.min.js 1 WebSocket connection to 'ws://localhost:9010/' failed: WebSocket is closed before the connection is established.", 'source': 'network', 'timestamp': 1646736949875}
{'level': 'WARNING', 'message': "file:///Applications/lghub.app/Contents/Resources/app.asar/app.min.js 1 WebSocket connection to 'ws://localhost:9010/' failed: WebSocket is closed before the connection is established.", 'source': 'network', 'timestamp': 1646736949875}
{'level': 'WARNING', 'message': "file:///Applications/lghub.app/Contents/Resources/app.asar/app.min.js 1 WebSocket connection to 'ws://localhost:9010/' failed: WebSocket is closed before the connection is established.", 'source': 'network', 'timestamp': 1646736949875}
{'level': 'WARNING', 'message': "file:///Applications/lghub.app/Contents/Resources/app.asar/app.min.js 1 WebSocket connection to 'ws://localhost:9010/' failed: WebSocket is closed before the connection is established.", 'source': 'network', 'timestamp': 1646736949875}
{'level': 'WARNING', 'message': "file:///Applications/lghub.app/Contents/Resources/app.asar/app.min.js 1 WebSocket connection to 'ws://localhost:9010/' failed: WebSocket is closed before the connection is established.", 'source': 'network', 'timestamp': 1646736949875}
{'level': 'SEVERE', 'message': "file:///Applications/lghub.app/Contents/Resources/app.asar/app.min.js 1 WebSocket connection to 'ws://localhost:9010/' failed: Error in connection establishment: net::ERR_CONNECTION_REFUSED", 'source': 'network', 'timestamp': 1646736949875}
{'level': 'WARNING', 'message': "file:///Applications/lghub.app/Contents/Resources/app.asar/app.min.js 1 WebSocket connection to 'ws://localhost:9010/' failed: WebSocket is closed before the connection is established.", 'source': 'network', 'timestamp': 1646736949875}
{'level': 'WARNING', 'message': "file:///Applications/lghub.app/Contents/Resources/app.asar/app.min.js 1 WebSocket connection to 'ws://localhost:9010/' failed: WebSocket is closed before the connection is established.", 'source': 'network', 'timestamp': 1646736949875}
{'level': 'SEVERE', 'message': "file:///Applications/lghub.app/Contents/Resources/app.asar/app.min.js 1 WebSocket connection to 'ws://localhost:9010/' failed: Error in connection establishment: net::ERR_CONNECTION_REFUSED", 'source': 'network', 'timestamp': 1646736949875}
{'level': 'WARNING', 'message': "file:///Applications/lghub.app/Contents/Resources/app.asar/app.min.js 1 WebSocket connection to 'ws://localhost:9010/' failed: WebSocket is closed before the connection is established.", 'source': 'network', 'timestamp': 1646736949875}
{'level': 'WARNING', 'message': "file:///Applications/lghub.app/Contents/Resources/app.asar/app.min.js 1 WebSocket connection to 'ws://localhost:9010/' failed: WebSocket is closed before the connection is established.", 'source': 'network', 'timestamp': 1646736949875}
{'level': 'WARNING', 'message': "file:///Applications/lghub.app/Contents/Resources/app.asar/app.min.js 1 WebSocket connection to 'ws://localhost:9010/' failed: WebSocket is closed before the connection is established.", 'source': 'network', 'timestamp': 1646736949875}
{'level': 'WARNING', 'message': "file:///Applications/lghub.app/Contents/Resources/app.asar/app.min.js 1 WebSocket connection to 'ws://localhost:9010/' failed: WebSocket is closed before the connection is established.", 'source': 'network', 'timestamp': 1646736949876}
{'level': 'WARNING', 'message': "file:///Applications/lghub.app/Contents/Resources/app.asar/app.min.js 1 WebSocket connection to 'ws://localhost:9010/' failed: WebSocket is closed before the connection is established.", 'source': 'network', 'timestamp': 1646736949876}
{'level': 'WARNING', 'message': "file:///Applications/lghub.app/Contents/Resources/app.asar/app.min.js 1 WebSocket connection to 'ws://localhost:9010/' failed: WebSocket is closed before the connection is established.", 'source': 'network', 'timestamp': 1646736949876}
{'level': 'WARNING', 'message': "file:///Applications/lghub.app/Contents/Resources/app.asar/app.min.js 1 WebSocket connection to 'ws://localhost:9010/' failed: WebSocket is closed before the connection is established.", 'source': 'network', 'timestamp': 1646736949876}
{'level': 'WARNING', 'message': "file:///Applications/lghub.app/Contents/Resources/app.asar/app.min.js 1 WebSocket connection to 'ws://localhost:9010/' failed: WebSocket is closed before the connection is established.", 'source': 'network', 'timestamp': 1646736949876}
{'level': 'WARNING', 'message': "file:///Applications/lghub.app/Contents/Resources/app.asar/app.min.js 1 WebSocket connection to 'ws://localhost:9010/' failed: WebSocket is closed before the connection is established.", 'source': 'network', 'timestamp': 1646736949876}
{'level': 'SEVERE', 'message': "file:///Applications/lghub.app/Contents/Resources/app.asar/app.min.js 1 WebSocket connection to 'ws://localhost:9010/' failed: Error in connection establishment: net::ERR_CONNECTION_REFUSED", 'source': 'network', 'timestamp': 1646736949876}
{'level': 'WARNING', 'message': "file:///Applications/lghub.app/Contents/Resources/app.asar/app.min.js 1 WebSocket connection to 'ws://localhost:9010/' failed: WebSocket is closed before the connection is established.", 'source': 'network', 'timestamp': 1646736949876}
