{'level': 'SEVERE', 'message': "file:///Applications/lghub.app/Contents/Resources/app.asar/app.min.js 1 WebSocket connection to 'ws://localhost:9010/' failed: Error in connection establishment: net::ERR_CONNECTION_REFUSED", 'source': 'network', 'timestamp': 1646738867265}
{'level': 'SEVERE', 'message': "file:///Applications/lghub.app/Contents/Resources/app.asar/app.min.js 1 WebSocket connection to 'ws://localhost:9010/' failed: Error in connection establishment: net::ERR_CONNECTION_REFUSED", 'source': 'network', 'timestamp': 1646738868285}
{'level': 'SEVERE', 'message': "file:///Applications/lghub.app/Contents/Resources/app.asar/app.min.js 1 WebSocket connection to 'ws://localhost:9010/' failed: Error in connection establishment: net::ERR_CONNECTION_REFUSED", 'source': 'network', 'timestamp': 1646738869322}
{'level': 'SEVERE', 'message': "file:///Applications/lghub.app/Contents/Resources/app.asar/app.min.js 1 WebSocket connection to 'ws://localhost:9010/' failed: Error in connection establishment: net::ERR_CONNECTION_REFUSED", 'source': 'network', 'timestamp': 1646738870349}
{'level': 'SEVERE', 'message': "file:///Applications/lghub.app/Contents/Resources/app.asar/app.min.js 1 WebSocket connection to 'ws://localhost:9010/' failed: Error in connection establishment: net::ERR_CONNECTION_REFUSED", 'source': 'network', 'timestamp': 1646738871379}
{'level': 'SEVERE', 'message': "file:///Applications/lghub.app/Contents/Resources/app.asar/app.min.js 1 WebSocket connection to 'ws://localhost:9010/' failed: Error in connection establishment: net::ERR_CONNECTION_REFUSED", 'source': 'network', 'timestamp': 1646738872407}
{'level': 'SEVERE', 'message': "file:///Applications/lghub.app/Contents/Resources/app.asar/app.min.js 1 WebSocket connection to 'ws://localhost:9010/' failed: Error in connection establishment: net::ERR_CONNECTION_REFUSED", 'source': 'network', 'timestamp': 1646738873436}
{'level': 'SEVERE', 'message': "file:///Applications/lghub.app/Contents/Resources/app.asar/app.min.js 1 WebSocket connection to 'ws://localhost:9010/' failed: Error in connection establishment: net::ERR_CONNECTION_REFUSED", 'source': 'network', 'timestamp': 1646739318407}
{'level': 'SEVERE', 'message': "file:///Applications/lghub.app/Contents/Resources/app.asar/app.min.js 1 WebSocket connection to 'ws://localhost:9010/' failed: Error in connection establishment: net::ERR_CONNECTION_REFUSED", 'source': 'network', 'timestamp': 1646739318407}
{'level': 'SEVERE', 'message': "file:///Applications/lghub.app/Contents/Resources/app.asar/app.min.js 1 WebSocket connection to 'ws://localhost:9010/' failed: Error in connection establishment: net::ERR_CONNECTION_REFUSED", 'source': 'network', 'timestamp': 1646739318407}
{'level': 'SEVERE', 'message': "file:///Applications/lghub.app/Contents/Resources/app.asar/app.min.js 1 WebSocket connection to 'ws://localhost:9010/' failed: Error in connection establishment: net::ERR_CONNECTION_REFUSED", 'source': 'network', 'timestamp': 1646739318407}
{'level': 'SEVERE', 'message': "file:///Applications/lghub.app/Contents/Resources/app.asar/app.min.js 1 WebSocket connection to 'ws://localhost:9010/' failed: Error in connection establishment: net::ERR_CONNECTION_REFUSED", 'source': 'network', 'timestamp': 1646739318407}
{'level': 'WARNING', 'message': "file:///Applications/lghub.app/Contents/Resources/app.asar/app.min.js 1 WebSocket connection to 'ws://localhost:9010/' failed: WebSocket is closed before the connection is established.", 'source': 'network', 'timestamp': 1646739318407}
{'level': 'SEVERE', 'message': "file:///Applications/lghub.app/Contents/Resources/app.asar/app.min.js 1 WebSocket connection to 'ws://localhost:9010/' failed: Error in connection establishment: net::ERR_CONNECTION_REFUSED", 'source': 'network', 'timestamp': 1646739318407}
{'level': 'SEVERE', 'message': "file:///Applications/lghub.app/Contents/Resources/app.asar/app.min.js 1 WebSocket connection to 'ws://localhost:9010/' failed: Error in connection establishment: net::ERR_CONNECTION_REFUSED", 'source': 'network', 'timestamp': 1646739318407}
{'level': 'SEVERE', 'message': "file:///Applications/lghub.app/Contents/Resources/app.asar/app.min.js 1 WebSocket connection to 'ws://localhost:9010/' failed: Error in connection establishment: net::ERR_CONNECTION_REFUSED", 'source': 'network', 'timestamp': 1646739318407}
{'level': 'SEVERE', 'message': "file:///Applications/lghub.app/Contents/Resources/app.asar/app.min.js 1 WebSocket connection to 'ws://localhost:9010/' failed: Error in connection establishment: net::ERR_CONNECTION_REFUSED", 'source': 'network', 'timestamp': 1646739318407}
{'level': 'SEVERE', 'message': "file:///Applications/lghub.app/Contents/Resources/app.asar/app.min.js 1 WebSocket connection to 'ws://localhost:9010/' failed: Error in connection establishment: net::ERR_CONNECTION_REFUSED", 'source': 'network', 'timestamp': 1646739318407}
{'level': 'SEVERE', 'message': "file:///Applications/lghub.app/Contents/Resources/app.asar/app.min.js 1 WebSocket connection to 'ws://localhost:9010/' failed: Error in connection establishment: net::ERR_CONNECTION_REFUSED", 'source': 'network', 'timestamp': 1646739318407}
{'level': 'SEVERE', 'message': "file:///Applications/lghub.app/Contents/Resources/app.asar/app.min.js 1 WebSocket connection to 'ws://localhost:9010/' failed: Error in connection establishment: net::ERR_CONNECTION_REFUSED", 'source': 'network', 'timestamp': 1646739318407}
{'level': 'SEVERE', 'message': "file:///Applications/lghub.app/Contents/Resources/app.asar/app.min.js 1 WebSocket connection to 'ws://localhost:9010/' failed: Error in connection establishment: net::ERR_CONNECTION_REFUSED", 'source': 'network', 'timestamp': 1646739318407}
{'level': 'SEVERE', 'message': "file:///Applications/lghub.app/Contents/Resources/app.asar/app.min.js 1 WebSocket connection to 'ws://localhost:9010/' failed: Error in connection establishment: net::ERR_CONNECTION_REFUSED", 'source': 'network', 'timestamp': 1646739318407}
{'level': 'SEVERE', 'message': "file:///Applications/lghub.app/Contents/Resources/app.asar/app.min.js 1 WebSocket connection to 'ws://localhost:9010/' failed: Error in connection establishment: net::ERR_CONNECTION_REFUSED", 'source': 'network', 'timestamp': 1646739318407}
{'level': 'SEVERE', 'message': "file:///Applications/lghub.app/Contents/Resources/app.asar/app.min.js 1 WebSocket connection to 'ws://localhost:9010/' failed: Error in connection establishment: net::ERR_CONNECTION_REFUSED", 'source': 'network', 'timestamp': 1646739318407}
{'level': 'SEVERE', 'message': "file:///Applications/lghub.app/Contents/Resources/app.asar/app.min.js 1 WebSocket connection to 'ws://localhost:9010/' failed: Error in connection establishment: net::ERR_CONNECTION_REFUSED", 'source': 'network', 'timestamp': 1646739318407}
{'level': 'SEVERE', 'message': "file:///Applications/lghub.app/Contents/Resources/app.asar/app.min.js 1 WebSocket connection to 'ws://localhost:9010/' failed: Error in connection establishment: net::ERR_CONNECTION_REFUSED", 'source': 'network', 'timestamp': 1646739318408}
{'level': 'SEVERE', 'message': "file:///Applications/lghub.app/Contents/Resources/app.asar/app.min.js 1 WebSocket connection to 'ws://localhost:9010/' failed: Error in connection establishment: net::ERR_CONNECTION_REFUSED", 'source': 'network', 'timestamp': 1646739318408}
{'level': 'SEVERE', 'message': "file:///Applications/lghub.app/Contents/Resources/app.asar/app.min.js 1 WebSocket connection to 'ws://localhost:9010/' failed: Error in connection establishment: net::ERR_CONNECTION_REFUSED", 'source': 'network', 'timestamp': 1646739318408}
{'level': 'SEVERE', 'message': "file:///Applications/lghub.app/Contents/Resources/app.asar/app.min.js 1 WebSocket connection to 'ws://localhost:9010/' failed: Error in connection establishment: net::ERR_CONNECTION_REFUSED", 'source': 'network', 'timestamp': 1646739318408}
{'level': 'SEVERE', 'message': "file:///Applications/lghub.app/Contents/Resources/app.asar/app.min.js 1 WebSocket connection to 'ws://localhost:9010/' failed: Error in connection establishment: net::ERR_CONNECTION_REFUSED", 'source': 'network', 'timestamp': 1646739318408}
{'level': 'SEVERE', 'message': "file:///Applications/lghub.app/Contents/Resources/app.asar/app.min.js 1:785690 DOMException: Failed to execute 'send' on 'WebSocket': Still in CONNECTING state.\n    at e.send (file:///Applications/lghub.app/Contents/Resources/app.asar/app.min.js:2:3982831)\n    at Object.send (file:///Applications/lghub.app/Contents/Resources/app.asar/app.min.js:2:883809)\n    at file:///Applications/lghub.app/Contents/Resources/app.asar/app.min.js:2:1303682\n    at I (file:///Applications/lghub.app/Contents/Resources/app.asar/app.min.js:2:8493235)\n    at Generator._invoke (file:///Applications/lghub.app/Contents/Resources/app.asar/app.min.js:2:8493023)\n    at Generator.next (file:///Applications/lghub.app/Contents/Resources/app.asar/app.min.js:2:8493660)\n    at s (file:///Applications/lghub.app/Contents/Resources/app.asar/app.min.js:2:1194949)\n    at UK (file:///Applications/lghub.app/Contents/Resources/app.asar/app.min.js:2:1194774)\n    at file:///Applications/lghub.app/Contents/Resources/app.asar/app.min.js:2:1191353\n    at _K (file:///Applications/lghub.app/Contents/Resources/app.asar/app.min.js:2:1187764)\n    at cK.FORK (file:///Applications/lghub.app/Contents/Resources/app.asar/app.min.js:2:1191332)\n    at file:///Applications/lghub.app/Contents/Resources/app.asar/app.min.js:2:1194579\n    at l (file:///Applications/lghub.app/Contents/Resources/app.asar/app.min.js:2:1195497)\n    at s (file:///Applications/lghub.app/Contents/Resources/app.asar/app.min.js:2:1195009)\n    at o (file:///Applications/lghub.app/Contents/Resources/app.asar/app.min.js:2:1195282)\n    at a (file:///Applications/lghub.app/Contents/Resources/app.asar/app.min.js:2:1189787)\n    at e.put (file:///Applications/lghub.app/Contents/Resources/app.asar/app.min.js:2:1189270)\n    at file:///Applications/lghub.app/Contents/Resources/app.asar/app.min.js:2:1189464\n    at tK (file:///Applications/lghub.app/Contents/Resources/app.asar/app.min.js:2:1187673)\n    at iK (file:///Applications/lghub.app/Contents/Resources/app.asar/app.min.js:2:1187879)\n    at EK (file:///Applications/lghub.app/Contents/Resources/app.asar/app.min.js:2:1187727)\n    at Object.RK.e.put (file:///Applications/lghub.app/Contents/Resources/app.asar/app.min.js:2:1189449)\n    at file:///Applications/lghub.app/Contents/Resources/app.asar/app.min.js:2:1196794\n    at file:///Applications/lghub.app/Contents/Resources/app.asar/app.min.js:2:1197263\n    at file:///Applications/lghub.app/Contents/Resources/app.asar/app.min.js:2:8490996\n    at Object.wakeDeviceLighting (file:///Applications/lghub.app/Contents/Resources/app.asar/app.min.js:2:851115)\n    at r.value (file:///Applications/lghub.app/Contents/Resources/app.asar/app.min.js:2:2759732)\n    at _ (file:///Applications/lghub.app/Contents/Resources/app.asar/app.min.js:2:819334)", 'source': 'console-api', 'timestamp': 1646739318408}
{'level': 'SEVERE', 'message': 'file:///Applications/lghub.app/Contents/Resources/app.asar/app.min.js 1:785690 "The above error occurred in task n1\\n    created by e\\n    created by m3\\nTasks cancelled due to error:\\ne\\nXx\\nEz\\ne\\ne\\ne\\ne\\ne\\ne\\ne\\ne\\ne\\ne\\ne\\ne\\ne\\ne\\ne\\ne\\ne\\ne\\ne\\ne\\ne\\ne\\ne\\ne\\ne\\ne\\ne\\ne\\ne\\ne\\ne\\ne\\ne\\ne\\ne\\ne\\ne\\ne\\ne\\ne\\ne\\ne\\ne\\ne\\ne\\ne\\ne\\ne\\ne\\ne\\ne\\ne\\ne\\ne\\ne\\ne\\ne\\ne\\ne\\ne\\ne\\ne\\ne\\ne\\ne\\ne\\ne\\ne\\ne\\ne\\ne\\ne\\ne\\ne\\ne\\ne\\ne\\ne\\ne\\ne\\ne\\ne\\ne\\ne\\ne\\ne\\ne\\ne\\ne\\ne\\ne\\ne\\ne\\ne\\ne\\ne\\ne\\ne\\ne\\ne\\ne\\ne\\ne\\ne\\ne\\ne\\ne\\ne\\ne\\ne\\ne\\ne\\ne\\ne\\ne\\ne\\ne\\ne\\ne\\ne\\ne\\ne\\ne\\ne\\ne\\ne\\ne\\ne\\ne\\ne\\ne\\ne\\ne\\ne\\ne\\ne\\ne\\ne\\ne\\ne\\ne\\ne\\ne\\ne\\ne\\ne\\ne\\ne\\ne\\ne\\ne\\ne\\ne\\ne\\ne\\ne\\ne\\ne\\ne\\ne\\ne\\ne\\ne\\ne\\ne\\ne\\ne\\ne\\ne\\ne\\ne\\ne\\ne\\ne\\ne\\ne\\ne\\ne\\ne\\ne\\ne\\ne\\ne\\ne\\ne\\ne\\ne\\ne\\ne\\ne\\ne\\ne\\ne\\ne\\ne"', 'source': 'console-api', 'timestamp': 1646739318409}
{'level': 'WARNING', 'message': "file:///Applications/lghub.app/Contents/Resources/app.asar/app.min.js 1 WebSocket connection to 'ws://localhost:9010/' failed: WebSocket is closed before the connection is established.", 'source': 'network', 'timestamp': 1646739318409}
{'level': 'WARNING', 'message': "file:///Applications/lghub.app/Contents/Resources/app.asar/app.min.js 1 WebSocket connection to 'ws://localhost:9010/' failed: WebSocket is closed before the connection is established.", 'source': 'network', 'timestamp': 1646739318409}
{'level': 'SEVERE', 'message': "file:///Applications/lghub.app/Contents/Resources/app.asar/app.min.js 1 WebSocket connection to 'ws://localhost:9010/' failed: Error in connection establishment: net::ERR_CONNECTION_REFUSED", 'source': 'network', 'timestamp': 1646739318409}
{'level': 'WARNING', 'message': "file:///Applications/lghub.app/Contents/Resources/app.asar/app.min.js 1 WebSocket connection to 'ws://localhost:9010/' failed: WebSocket is closed before the connection is established.", 'source': 'network', 'timestamp': 1646739318409}
{'level': 'WARNING', 'message': "file:///Applications/lghub.app/Contents/Resources/app.asar/app.min.js 1 WebSocket connection to 'ws://localhost:9010/' failed: WebSocket is closed before the connection is established.", 'source': 'network', 'timestamp': 1646739318409}
{'level': 'WARNING', 'message': "file:///Applications/lghub.app/Contents/Resources/app.asar/app.min.js 1 WebSocket connection to 'ws://localhost:9010/' failed: WebSocket is closed before the connection is established.", 'source': 'network', 'timestamp': 1646739318409}
{'level': 'WARNING', 'message': "file:///Applications/lghub.app/Contents/Resources/app.asar/app.min.js 1 WebSocket connection to 'ws://localhost:9010/' failed: WebSocket is closed before the connection is established.", 'source': 'network', 'timestamp': 1646739318409}
{'level': 'WARNING', 'message': "file:///Applications/lghub.app/Contents/Resources/app.asar/app.min.js 1 WebSocket connection to 'ws://localhost:9010/' failed: WebSocket is closed before the connection is established.", 'source': 'network', 'timestamp': 1646739318409}
{'level': 'WARNING', 'message': "file:///Applications/lghub.app/Contents/Resources/app.asar/app.min.js 1 WebSocket connection to 'ws://localhost:9010/' failed: WebSocket is closed before the connection is established.", 'source': 'network', 'timestamp': 1646739318409}
{'level': 'WARNING', 'message': "file:///Applications/lghub.app/Contents/Resources/app.asar/app.min.js 1 WebSocket connection to 'ws://localhost:9010/' failed: WebSocket is closed before the connection is established.", 'source': 'network', 'timestamp': 1646739318409}
{'level': 'WARNING', 'message': "file:///Applications/lghub.app/Contents/Resources/app.asar/app.min.js 1 WebSocket connection to 'ws://localhost:9010/' failed: WebSocket is closed before the connection is established.", 'source': 'network', 'timestamp': 1646739318409}
{'level': 'WARNING', 'message': "file:///Applications/lghub.app/Contents/Resources/app.asar/app.min.js 1 WebSocket connection to 'ws://localhost:9010/' failed: WebSocket is closed before the connection is established.", 'source': 'network', 'timestamp': 1646739318409}
{'level': 'SEVERE', 'message': "file:///Applications/lghub.app/Contents/Resources/app.asar/app.min.js 1 WebSocket connection to 'ws://localhost:9010/' failed: Error in connection establishment: net::ERR_CONNECTION_REFUSED", 'source': 'network', 'timestamp': 1646739318409}
{'level': 'WARNING', 'message': "file:///Applications/lghub.app/Contents/Resources/app.asar/app.min.js 1 WebSocket connection to 'ws://localhost:9010/' failed: WebSocket is closed before the connection is established.", 'source': 'network', 'timestamp': 1646739318409}
{'level': 'SEVERE', 'message': "file:///Applications/lghub.app/Contents/Resources/app.asar/app.min.js 1 WebSocket connection to 'ws://localhost:9010/' failed: Error in connection establishment: net::ERR_CONNECTION_REFUSED", 'source': 'network', 'timestamp': 1646739318409}
{'level': 'WARNING', 'message': "file:///Applications/lghub.app/Contents/Resources/app.asar/app.min.js 1 WebSocket connection to 'ws://localhost:9010/' failed: WebSocket is closed before the connection is established.", 'source': 'network', 'timestamp': 1646739318409}
{'level': 'SEVERE', 'message': "file:///Applications/lghub.app/Contents/Resources/app.asar/app.min.js 1 WebSocket connection to 'ws://localhost:9010/' failed: Error in connection establishment: net::ERR_CONNECTION_REFUSED", 'source': 'network', 'timestamp': 1646739318409}
{'level': 'WARNING', 'message': "file:///Applications/lghub.app/Contents/Resources/app.asar/app.min.js 1 WebSocket connection to 'ws://localhost:9010/' failed: WebSocket is closed before the connection is established.", 'source': 'network', 'timestamp': 1646739318409}
{'level': 'WARNING', 'message': "file:///Applications/lghub.app/Contents/Resources/app.asar/app.min.js 1 WebSocket connection to 'ws://localhost:9010/' failed: WebSocket is closed before the connection is established.", 'source': 'network', 'timestamp': 1646739318409}
{'level': 'WARNING', 'message': "file:///Applications/lghub.app/Contents/Resources/app.asar/app.min.js 1 WebSocket connection to 'ws://localhost:9010/' failed: WebSocket is closed before the connection is established.", 'source': 'network', 'timestamp': 1646739318409}
{'level': 'WARNING', 'message': "file:///Applications/lghub.app/Contents/Resources/app.asar/app.min.js 1 WebSocket connection to 'ws://localhost:9010/' failed: WebSocket is closed before the connection is established.", 'source': 'network', 'timestamp': 1646739318409}
{'level': 'WARNING', 'message': "file:///Applications/lghub.app/Contents/Resources/app.asar/app.min.js 1 WebSocket connection to 'ws://localhost:9010/' failed: WebSocket is closed before the connection is established.", 'source': 'network', 'timestamp': 1646739318409}
{'level': 'WARNING', 'message': "file:///Applications/lghub.app/Contents/Resources/app.asar/app.min.js 1 WebSocket connection to 'ws://localhost:9010/' failed: WebSocket is closed before the connection is established.", 'source': 'network', 'timestamp': 1646739318409}
{'level': 'WARNING', 'message': "file:///Applications/lghub.app/Contents/Resources/app.asar/app.min.js 1 WebSocket connection to 'ws://localhost:9010/' failed: WebSocket is closed before the connection is established.", 'source': 'network', 'timestamp': 1646739318410}
{'level': 'WARNING', 'message': "file:///Applications/lghub.app/Contents/Resources/app.asar/app.min.js 1 WebSocket connection to 'ws://localhost:9010/' failed: WebSocket is closed before the connection is established.", 'source': 'network', 'timestamp': 1646739318410}
{'level': 'WARNING', 'message': "file:///Applications/lghub.app/Contents/Resources/app.asar/app.min.js 1 WebSocket connection to 'ws://localhost:9010/' failed: WebSocket is closed before the connection is established.", 'source': 'network', 'timestamp': 1646739318410}
{'level': 'WARNING', 'message': "file:///Applications/lghub.app/Contents/Resources/app.asar/app.min.js 1 WebSocket connection to 'ws://localhost:9010/' failed: WebSocket is closed before the connection is established.", 'source': 'network', 'timestamp': 1646739318410}
{'level': 'WARNING', 'message': "file:///Applications/lghub.app/Contents/Resources/app.asar/app.min.js 1 WebSocket connection to 'ws://localhost:9010/' failed: WebSocket is closed before the connection is established.", 'source': 'network', 'timestamp': 1646739318410}
{'level': 'WARNING', 'message': "file:///Applications/lghub.app/Contents/Resources/app.asar/app.min.js 1 WebSocket connection to 'ws://localhost:9010/' failed: WebSocket is closed before the connection is established.", 'source': 'network', 'timestamp': 1646739318410}
{'level': 'WARNING', 'message': "file:///Applications/lghub.app/Contents/Resources/app.asar/app.min.js 1 WebSocket connection to 'ws://localhost:9010/' failed: WebSocket is closed before the connection is established.", 'source': 'network', 'timestamp': 1646739318410}
{'level': 'WARNING', 'message': "file:///Applications/lghub.app/Contents/Resources/app.asar/app.min.js 1 WebSocket connection to 'ws://localhost:9010/' failed: WebSocket is closed before the connection is established.", 'source': 'network', 'timestamp': 1646739318410}
{'level': 'WARNING', 'message': "file:///Applications/lghub.app/Contents/Resources/app.asar/app.min.js 1 WebSocket connection to 'ws://localhost:9010/' failed: WebSocket is closed before the connection is established.", 'source': 'network', 'timestamp': 1646739318410}
{'level': 'WARNING', 'message': "file:///Applications/lghub.app/Contents/Resources/app.asar/app.min.js 1 WebSocket connection to 'ws://localhost:9010/' failed: WebSocket is closed before the connection is established.", 'source': 'network', 'timestamp': 1646739318410}
{'level': 'WARNING', 'message': "file:///Applications/lghub.app/Contents/Resources/app.asar/app.min.js 1 WebSocket connection to 'ws://localhost:9010/' failed: WebSocket is closed before the connection is established.", 'source': 'network', 'timestamp': 1646739318410}
{'level': 'WARNING', 'message': "file:///Applications/lghub.app/Contents/Resources/app.asar/app.min.js 1 WebSocket connection to 'ws://localhost:9010/' failed: WebSocket is closed before the connection is established.", 'source': 'network', 'timestamp': 1646739318410}
{'level': 'WARNING', 'message': "file:///Applications/lghub.app/Contents/Resources/app.asar/app.min.js 1 WebSocket connection to 'ws://localhost:9010/' failed: WebSocket is closed before the connection is established.", 'source': 'network', 'timestamp': 1646739318410}
{'level': 'SEVERE', 'message': "file:///Applications/lghub.app/Contents/Resources/app.asar/app.min.js 1 WebSocket connection to 'ws://localhost:9010/' failed: Error in connection establishment: net::ERR_CONNECTION_REFUSED", 'source': 'network', 'timestamp': 1646739318410}
{'level': 'WARNING', 'message': "file:///Applications/lghub.app/Contents/Resources/app.asar/app.min.js 1 WebSocket connection to 'ws://localhost:9010/' failed: WebSocket is closed before the connection is established.", 'source': 'network', 'timestamp': 1646739318410}
{'level': 'WARNING', 'message': "file:///Applications/lghub.app/Contents/Resources/app.asar/app.min.js 1 WebSocket connection to 'ws://localhost:9010/' failed: WebSocket is closed before the connection is established.", 'source': 'network', 'timestamp': 1646739318410}
{'level': 'SEVERE', 'message': "file:///Applications/lghub.app/Contents/Resources/app.asar/app.min.js 1 WebSocket connection to 'ws://localhost:9010/' failed: Error in connection establishment: net::ERR_CONNECTION_REFUSED", 'source': 'network', 'timestamp': 1646739318410}
{'level': 'SEVERE', 'message': "file:///Applications/lghub.app/Contents/Resources/app.asar/app.min.js 1 WebSocket connection to 'ws://localhost:9010/' failed: Error in connection establishment: net::ERR_CONNECTION_REFUSED", 'source': 'network', 'timestamp': 1646739318410}
{'level': 'WARNING', 'message': "file:///Applications/lghub.app/Contents/Resources/app.asar/app.min.js 1 WebSocket connection to 'ws://localhost:9010/' failed: WebSocket is closed before the connection is established.", 'source': 'network', 'timestamp': 1646739318410}
{'level': 'WARNING', 'message': "file:///Applications/lghub.app/Contents/Resources/app.asar/app.min.js 1 WebSocket connection to 'ws://localhost:9010/' failed: WebSocket is closed before the connection is established.", 'source': 'network', 'timestamp': 1646739318410}
{'level': 'WARNING', 'message': "file:///Applications/lghub.app/Contents/Resources/app.asar/app.min.js 1 WebSocket connection to 'ws://localhost:9010/' failed: WebSocket is closed before the connection is established.", 'source': 'network', 'timestamp': 1646739318410}
{'level': 'WARNING', 'message': "file:///Applications/lghub.app/Contents/Resources/app.asar/app.min.js 1 WebSocket connection to 'ws://localhost:9010/' failed: WebSocket is closed before the connection is established.", 'source': 'network', 'timestamp': 1646739318410}
{'level': 'WARNING', 'message': "file:///Applications/lghub.app/Contents/Resources/app.asar/app.min.js 1 WebSocket connection to 'ws://localhost:9010/' failed: WebSocket is closed before the connection is established.", 'source': 'network', 'timestamp': 1646739318410}
{'level': 'WARNING', 'message': "file:///Applications/lghub.app/Contents/Resources/app.asar/app.min.js 1 WebSocket connection to 'ws://localhost:9010/' failed: WebSocket is closed before the connection is established.", 'source': 'network', 'timestamp': 1646739318410}
{'level': 'WARNING', 'message': "file:///Applications/lghub.app/Contents/Resources/app.asar/app.min.js 1 WebSocket connection to 'ws://localhost:9010/' failed: WebSocket is closed before the connection is established.", 'source': 'network', 'timestamp': 1646739318410}
{'level': 'SEVERE', 'message': "file:///Applications/lghub.app/Contents/Resources/app.asar/app.min.js 1 WebSocket connection to 'ws://localhost:9010/' failed: Error in connection establishment: net::ERR_CONNECTION_REFUSED", 'source': 'network', 'timestamp': 1646739318410}
{'level': 'SEVERE', 'message': "file:///Applications/lghub.app/Contents/Resources/app.asar/app.min.js 1 WebSocket connection to 'ws://localhost:9010/' failed: Error in connection establishment: net::ERR_CONNECTION_REFUSED", 'source': 'network', 'timestamp': 1646739318410}
{'level': 'WARNING', 'message': "file:///Applications/lghub.app/Contents/Resources/app.asar/app.min.js 1 WebSocket connection to 'ws://localhost:9010/' failed: WebSocket is closed before the connection is established.", 'source': 'network', 'timestamp': 1646739318410}
{'level': 'WARNING', 'message': "file:///Applications/lghub.app/Contents/Resources/app.asar/app.min.js 1 WebSocket connection to 'ws://localhost:9010/' failed: WebSocket is closed before the connection is established.", 'source': 'network', 'timestamp': 1646739318410}
{'level': 'SEVERE', 'message': "file:///Applications/lghub.app/Contents/Resources/app.asar/app.min.js 1 WebSocket connection to 'ws://localhost:9010/' failed: Error in connection establishment: net::ERR_CONNECTION_REFUSED", 'source': 'network', 'timestamp': 1646739318411}
{'level': 'WARNING', 'message': "file:///Applications/lghub.app/Contents/Resources/app.asar/app.min.js 1 WebSocket connection to 'ws://localhost:9010/' failed: WebSocket is closed before the connection is established.", 'source': 'network', 'timestamp': 1646739318411}
{'level': 'WARNING', 'message': "file:///Applications/lghub.app/Contents/Resources/app.asar/app.min.js 1 WebSocket connection to 'ws://localhost:9010/' failed: WebSocket is closed before the connection is established.", 'source': 'network', 'timestamp': 1646739318411}
{'level': 'WARNING', 'message': "file:///Applications/lghub.app/Contents/Resources/app.asar/app.min.js 1 WebSocket connection to 'ws://localhost:9010/' failed: WebSocket is closed before the connection is established.", 'source': 'network', 'timestamp': 1646739318411}
{'level': 'SEVERE', 'message': "file:///Applications/lghub.app/Contents/Resources/app.asar/app.min.js 1 WebSocket connection to 'ws://localhost:9010/' failed: Error in connection establishment: net::ERR_CONNECTION_REFUSED", 'source': 'network', 'timestamp': 1646739318411}
{'level': 'WARNING', 'message': "file:///Applications/lghub.app/Contents/Resources/app.asar/app.min.js 1 WebSocket connection to 'ws://localhost:9010/' failed: WebSocket is closed before the connection is established.", 'source': 'network', 'timestamp': 1646739318411}
{'level': 'SEVERE', 'message': "file:///Applications/lghub.app/Contents/Resources/app.asar/app.min.js 1 WebSocket connection to 'ws://localhost:9010/' failed: Error in connection establishment: net::ERR_CONNECTION_REFUSED", 'source': 'network', 'timestamp': 1646739318411}
{'level': 'SEVERE', 'message': "file:///Applications/lghub.app/Contents/Resources/app.asar/app.min.js 1 WebSocket connection to 'ws://localhost:9010/' failed: Error in connection establishment: net::ERR_CONNECTION_REFUSED", 'source': 'network', 'timestamp': 1646739318411}
{'level': 'SEVERE', 'message': "file:///Applications/lghub.app/Contents/Resources/app.asar/app.min.js 1 WebSocket connection to 'ws://localhost:9010/' failed: Error in connection establishment: net::ERR_CONNECTION_REFUSED", 'source': 'network', 'timestamp': 1646739318411}
{'level': 'SEVERE', 'message': "file:///Applications/lghub.app/Contents/Resources/app.asar/app.min.js 1 WebSocket connection to 'ws://localhost:9010/' failed: Error in connection establishment: net::ERR_CONNECTION_REFUSED", 'source': 'network', 'timestamp': 1646739318411}
{'level': 'SEVERE', 'message': "file:///Applications/lghub.app/Contents/Resources/app.asar/app.min.js 1 WebSocket connection to 'ws://localhost:9010/' failed: Error in connection establishment: net::ERR_CONNECTION_REFUSED", 'source': 'network', 'timestamp': 1646739318411}
{'level': 'SEVERE', 'message': "file:///Applications/lghub.app/Contents/Resources/app.asar/app.min.js 1 WebSocket connection to 'ws://localhost:9010/' failed: Error in connection establishment: net::ERR_CONNECTION_REFUSED", 'source': 'network', 'timestamp': 1646739318411}
{'level': 'SEVERE', 'message': "file:///Applications/lghub.app/Contents/Resources/app.asar/app.min.js 1 WebSocket connection to 'ws://localhost:9010/' failed: Error in connection establishment: net::ERR_CONNECTION_REFUSED", 'source': 'network', 'timestamp': 1646739318411}
{'level': 'SEVERE', 'message': "file:///Applications/lghub.app/Contents/Resources/app.asar/app.min.js 1 WebSocket connection to 'ws://localhost:9010/' failed: Error in connection establishment: net::ERR_CONNECTION_REFUSED", 'source': 'network', 'timestamp': 1646739318411}
{'level': 'SEVERE', 'message': "file:///Applications/lghub.app/Contents/Resources/app.asar/app.min.js 1 WebSocket connection to 'ws://localhost:9010/' failed: Error in connection establishment: net::ERR_CONNECTION_REFUSED", 'source': 'network', 'timestamp': 1646739318411}
{'level': 'SEVERE', 'message': "file:///Applications/lghub.app/Contents/Resources/app.asar/app.min.js 1 WebSocket connection to 'ws://localhost:9010/' failed: Error in connection establishment: net::ERR_CONNECTION_REFUSED", 'source': 'network', 'timestamp': 1646739318411}
{'level': 'SEVERE', 'message': "file:///Applications/lghub.app/Contents/Resources/app.asar/app.min.js 1 WebSocket connection to 'ws://localhost:9010/' failed: Error in connection establishment: net::ERR_CONNECTION_REFUSED", 'source': 'network', 'timestamp': 1646739318411}
{'level': 'SEVERE', 'message': "file:///Applications/lghub.app/Contents/Resources/app.asar/app.min.js 1 WebSocket connection to 'ws://localhost:9010/' failed: Error in connection establishment: net::ERR_CONNECTION_REFUSED", 'source': 'network', 'timestamp': 1646739318411}
{'level': 'SEVERE', 'message': "file:///Applications/lghub.app/Contents/Resources/app.asar/app.min.js 1 WebSocket connection to 'ws://localhost:9010/' failed: Error in connection establishment: net::ERR_CONNECTION_REFUSED", 'source': 'network', 'timestamp': 1646739318411}
{'level': 'SEVERE', 'message': "file:///Applications/lghub.app/Contents/Resources/app.asar/app.min.js 1 WebSocket connection to 'ws://localhost:9010/' failed: Error in connection establishment: net::ERR_CONNECTION_REFUSED", 'source': 'network', 'timestamp': 1646739318411}
{'level': 'SEVERE', 'message': "file:///Applications/lghub.app/Contents/Resources/app.asar/app.min.js 1 WebSocket connection to 'ws://localhost:9010/' failed: Error in connection establishment: net::ERR_CONNECTION_REFUSED", 'source': 'network', 'timestamp': 1646739318411}
{'level': 'SEVERE', 'message': "file:///Applications/lghub.app/Contents/Resources/app.asar/app.min.js 1 WebSocket connection to 'ws://localhost:9010/' failed: Error in connection establishment: net::ERR_CONNECTION_REFUSED", 'source': 'network', 'timestamp': 1646739318411}
{'level': 'SEVERE', 'message': "file:///Applications/lghub.app/Contents/Resources/app.asar/app.min.js 1 WebSocket connection to 'ws://localhost:9010/' failed: Error in connection establishment: net::ERR_CONNECTION_REFUSED", 'source': 'network', 'timestamp': 1646739318411}
{'level': 'SEVERE', 'message': "file:///Applications/lghub.app/Contents/Resources/app.asar/app.min.js 1 WebSocket connection to 'ws://localhost:9010/' failed: Error in connection establishment: net::ERR_CONNECTION_REFUSED", 'source': 'network', 'timestamp': 1646739318411}
{'level': 'WARNING', 'message': "file:///Applications/lghub.app/Contents/Resources/app.asar/app.min.js 1 WebSocket connection to 'ws://localhost:9010/' failed: WebSocket is closed before the connection is established.", 'source': 'network', 'timestamp': 1646739318411}
{'level': 'WARNING', 'message': "file:///Applications/lghub.app/Contents/Resources/app.asar/app.min.js 1 WebSocket connection to 'ws://localhost:9010/' failed: WebSocket is closed before the connection is established.", 'source': 'network', 'timestamp': 1646739318411}
{'level': 'SEVERE', 'message': "file:///Applications/lghub.app/Contents/Resources/app.asar/app.min.js 1 WebSocket connection to 'ws://localhost:9010/' failed: Error in connection establishment: net::ERR_CONNECTION_REFUSED", 'source': 'network', 'timestamp': 1646739318411}
{'level': 'SEVERE', 'message': "file:///Applications/lghub.app/Contents/Resources/app.asar/app.min.js 1 WebSocket connection to 'ws://localhost:9010/' failed: Error in connection establishment: net::ERR_CONNECTION_REFUSED", 'source': 'network', 'timestamp': 1646739318411}
{'level': 'WARNING', 'message': "file:///Applications/lghub.app/Contents/Resources/app.asar/app.min.js 1 WebSocket connection to 'ws://localhost:9010/' failed: WebSocket is closed before the connection is established.", 'source': 'network', 'timestamp': 1646739318412}
{'level': 'SEVERE', 'message': "file:///Applications/lghub.app/Contents/Resources/app.asar/app.min.js 1 WebSocket connection to 'ws://localhost:9010/' failed: Error in connection establishment: net::ERR_CONNECTION_REFUSED", 'source': 'network', 'timestamp': 1646739318412}
{'level': 'WARNING', 'message': "file:///Applications/lghub.app/Contents/Resources/app.asar/app.min.js 1 WebSocket connection to 'ws://localhost:9010/' failed: WebSocket is closed before the connection is established.", 'source': 'network', 'timestamp': 1646739318412}
{'level': 'WARNING', 'message': "file:///Applications/lghub.app/Contents/Resources/app.asar/app.min.js 1 WebSocket connection to 'ws://localhost:9010/' failed: WebSocket is closed before the connection is established.", 'source': 'network', 'timestamp': 1646739318412}
{'level': 'WARNING', 'message': "file:///Applications/lghub.app/Contents/Resources/app.asar/app.min.js 1 WebSocket connection to 'ws://localhost:9010/' failed: WebSocket is closed before the connection is established.", 'source': 'network', 'timestamp': 1646739318412}
{'level': 'WARNING', 'message': "file:///Applications/lghub.app/Contents/Resources/app.asar/app.min.js 1 WebSocket connection to 'ws://localhost:9010/' failed: WebSocket is closed before the connection is established.", 'source': 'network', 'timestamp': 1646739318412}
{'level': 'WARNING', 'message': "file:///Applications/lghub.app/Contents/Resources/app.asar/app.min.js 1 WebSocket connection to 'ws://localhost:9010/' failed: WebSocket is closed before the connection is established.", 'source': 'network', 'timestamp': 1646739318412}
{'level': 'WARNING', 'message': "file:///Applications/lghub.app/Contents/Resources/app.asar/app.min.js 1 WebSocket connection to 'ws://localhost:9010/' failed: WebSocket is closed before the connection is established.", 'source': 'network', 'timestamp': 1646739318412}
{'level': 'WARNING', 'message': "file:///Applications/lghub.app/Contents/Resources/app.asar/app.min.js 1 WebSocket connection to 'ws://localhost:9010/' failed: WebSocket is closed before the connection is established.", 'source': 'network', 'timestamp': 1646739318412}
{'level': 'WARNING', 'message': "file:///Applications/lghub.app/Contents/Resources/app.asar/app.min.js 1 WebSocket connection to 'ws://localhost:9010/' failed: WebSocket is closed before the connection is established.", 'source': 'network', 'timestamp': 1646739318412}
{'level': 'WARNING', 'message': "file:///Applications/lghub.app/Contents/Resources/app.asar/app.min.js 1 WebSocket connection to 'ws://localhost:9010/' failed: WebSocket is closed before the connection is established.", 'source': 'network', 'timestamp': 1646739318412}
{'level': 'SEVERE', 'message': "file:///Applications/lghub.app/Contents/Resources/app.asar/app.min.js 1 WebSocket connection to 'ws://localhost:9010/' failed: Error in connection establishment: net::ERR_CONNECTION_REFUSED", 'source': 'network', 'timestamp': 1646739318412}
{'level': 'WARNING', 'message': "file:///Applications/lghub.app/Contents/Resources/app.asar/app.min.js 1 WebSocket connection to 'ws://localhost:9010/' failed: WebSocket is closed before the connection is established.", 'source': 'network', 'timestamp': 1646739318412}
{'level': 'WARNING', 'message': "file:///Applications/lghub.app/Contents/Resources/app.asar/app.min.js 1 WebSocket connection to 'ws://localhost:9010/' failed: WebSocket is closed before the connection is established.", 'source': 'network', 'timestamp': 1646739318412}
{'level': 'WARNING', 'message': "file:///Applications/lghub.app/Contents/Resources/app.asar/app.min.js 1 WebSocket connection to 'ws://localhost:9010/' failed: WebSocket is closed before the connection is established.", 'source': 'network', 'timestamp': 1646739318412}
{'level': 'WARNING', 'message': "file:///Applications/lghub.app/Contents/Resources/app.asar/app.min.js 1 WebSocket connection to 'ws://localhost:9010/' failed: WebSocket is closed before the connection is established.", 'source': 'network', 'timestamp': 1646739318412}
{'level': 'WARNING', 'message': "file:///Applications/lghub.app/Contents/Resources/app.asar/app.min.js 1 WebSocket connection to 'ws://localhost:9010/' failed: WebSocket is closed before the connection is established.", 'source': 'network', 'timestamp': 1646739318412}
{'level': 'SEVERE', 'message': "file:///Applications/lghub.app/Contents/Resources/app.asar/app.min.js 1 WebSocket connection to 'ws://localhost:9010/' failed: Error in connection establishment: net::ERR_CONNECTION_REFUSED", 'source': 'network', 'timestamp': 1646739318412}
{'level': 'WARNING', 'message': "file:///Applications/lghub.app/Contents/Resources/app.asar/app.min.js 1 WebSocket connection to 'ws://localhost:9010/' failed: WebSocket is closed before the connection is established.", 'source': 'network', 'timestamp': 1646739318412}
{'level': 'WARNING', 'message': "file:///Applications/lghub.app/Contents/Resources/app.asar/app.min.js 1 WebSocket connection to 'ws://localhost:9010/' failed: WebSocket is closed before the connection is established.", 'source': 'network', 'timestamp': 1646739318412}
{'level': 'WARNING', 'message': "file:///Applications/lghub.app/Contents/Resources/app.asar/app.min.js 1 WebSocket connection to 'ws://localhost:9010/' failed: WebSocket is closed before the connection is established.", 'source': 'network', 'timestamp': 1646739318412}
{'level': 'WARNING', 'message': "file:///Applications/lghub.app/Contents/Resources/app.asar/app.min.js 1 WebSocket connection to 'ws://localhost:9010/' failed: WebSocket is closed before the connection is established.", 'source': 'network', 'timestamp': 1646739318412}
{'level': 'WARNING', 'message': "file:///Applications/lghub.app/Contents/Resources/app.asar/app.min.js 1 WebSocket connection to 'ws://localhost:9010/' failed: WebSocket is closed before the connection is established.", 'source': 'network', 'timestamp': 1646739318412}
{'level': 'WARNING', 'message': "file:///Applications/lghub.app/Contents/Resources/app.asar/app.min.js 1 WebSocket connection to 'ws://localhost:9010/' failed: WebSocket is closed before the connection is established.", 'source': 'network', 'timestamp': 1646739318412}
{'level': 'WARNING', 'message': "file:///Applications/lghub.app/Contents/Resources/app.asar/app.min.js 1 WebSocket connection to 'ws://localhost:9010/' failed: WebSocket is closed before the connection is established.", 'source': 'network', 'timestamp': 1646739318412}
{'level': 'WARNING', 'message': "file:///Applications/lghub.app/Contents/Resources/app.asar/app.min.js 1 WebSocket connection to 'ws://localhost:9010/' failed: WebSocket is closed before the connection is established.", 'source': 'network', 'timestamp': 1646739318412}
{'level': 'WARNING', 'message': "file:///Applications/lghub.app/Contents/Resources/app.asar/app.min.js 1 WebSocket connection to 'ws://localhost:9010/' failed: WebSocket is closed before the connection is established.", 'source': 'network', 'timestamp': 1646739318412}
{'level': 'WARNING', 'message': "file:///Applications/lghub.app/Contents/Resources/app.asar/app.min.js 1 WebSocket connection to 'ws://localhost:9010/' failed: WebSocket is closed before the connection is established.", 'source': 'network', 'timestamp': 1646739318412}
{'level': 'WARNING', 'message': "file:///Applications/lghub.app/Contents/Resources/app.asar/app.min.js 1 WebSocket connection to 'ws://localhost:9010/' failed: WebSocket is closed before the connection is established.", 'source': 'network', 'timestamp': 1646739318412}
{'level': 'WARNING', 'message': "file:///Applications/lghub.app/Contents/Resources/app.asar/app.min.js 1 WebSocket connection to 'ws://localhost:9010/' failed: WebSocket is closed before the connection is established.", 'source': 'network', 'timestamp': 1646739318412}
{'level': 'WARNING', 'message': "file:///Applications/lghub.app/Contents/Resources/app.asar/app.min.js 1 WebSocket connection to 'ws://localhost:9010/' failed: WebSocket is closed before the connection is established.", 'source': 'network', 'timestamp': 1646739318412}
{'level': 'WARNING', 'message': "file:///Applications/lghub.app/Contents/Resources/app.asar/app.min.js 1 WebSocket connection to 'ws://localhost:9010/' failed: WebSocket is closed before the connection is established.", 'source': 'network', 'timestamp': 1646739318412}
{'level': 'WARNING', 'message': "file:///Applications/lghub.app/Contents/Resources/app.asar/app.min.js 1 WebSocket connection to 'ws://localhost:9010/' failed: WebSocket is closed before the connection is established.", 'source': 'network', 'timestamp': 1646739318412}
{'level': 'WARNING', 'message': "file:///Applications/lghub.app/Contents/Resources/app.asar/app.min.js 1 WebSocket connection to 'ws://localhost:9010/' failed: WebSocket is closed before the connection is established.", 'source': 'network', 'timestamp': 1646739318412}
{'level': 'WARNING', 'message': "file:///Applications/lghub.app/Contents/Resources/app.asar/app.min.js 1 WebSocket connection to 'ws://localhost:9010/' failed: WebSocket is closed before the connection is established.", 'source': 'network', 'timestamp': 1646739318412}
{'level': 'SEVERE', 'message': "file:///Applications/lghub.app/Contents/Resources/app.asar/app.min.js 1 WebSocket connection to 'ws://localhost:9010/' failed: Error in connection establishment: net::ERR_CONNECTION_REFUSED", 'source': 'network', 'timestamp': 1646739318412}
{'level': 'WARNING', 'message': "file:///Applications/lghub.app/Contents/Resources/app.asar/app.min.js 1 WebSocket connection to 'ws://localhost:9010/' failed: WebSocket is closed before the connection is established.", 'source': 'network', 'timestamp': 1646739318412}
{'level': 'WARNING', 'message': "file:///Applications/lghub.app/Contents/Resources/app.asar/app.min.js 1 WebSocket connection to 'ws://localhost:9010/' failed: WebSocket is closed before the connection is established.", 'source': 'network', 'timestamp': 1646739318412}
{'level': 'WARNING', 'message': "file:///Applications/lghub.app/Contents/Resources/app.asar/app.min.js 1 WebSocket connection to 'ws://localhost:9010/' failed: WebSocket is closed before the connection is established.", 'source': 'network', 'timestamp': 1646739318413}
{'level': 'WARNING', 'message': "file:///Applications/lghub.app/Contents/Resources/app.asar/app.min.js 1 WebSocket connection to 'ws://localhost:9010/' failed: WebSocket is closed before the connection is established.", 'source': 'network', 'timestamp': 1646739318413}
{'level': 'WARNING', 'message': "file:///Applications/lghub.app/Contents/Resources/app.asar/app.min.js 1 WebSocket connection to 'ws://localhost:9010/' failed: WebSocket is closed before the connection is established.", 'source': 'network', 'timestamp': 1646739318413}
{'level': 'SEVERE', 'message': "file:///Applications/lghub.app/Contents/Resources/app.asar/app.min.js 1 WebSocket connection to 'ws://localhost:9010/' failed: Error in connection establishment: net::ERR_CONNECTION_REFUSED", 'source': 'network', 'timestamp': 1646739318413}
{'level': 'WARNING', 'message': "file:///Applications/lghub.app/Contents/Resources/app.asar/app.min.js 1 WebSocket connection to 'ws://localhost:9010/' failed: WebSocket is closed before the connection is established.", 'source': 'network', 'timestamp': 1646739318413}
{'level': 'SEVERE', 'message': "file:///Applications/lghub.app/Contents/Resources/app.asar/app.min.js 1 WebSocket connection to 'ws://localhost:9010/' failed: Error in connection establishment: net::ERR_CONNECTION_REFUSED", 'source': 'network', 'timestamp': 1646739318413}
{'level': 'WARNING', 'message': "file:///Applications/lghub.app/Contents/Resources/app.asar/app.min.js 1 WebSocket connection to 'ws://localhost:9010/' failed: WebSocket is closed before the connection is established.", 'source': 'network', 'timestamp': 1646739318413}
{'level': 'WARNING', 'message': "file:///Applications/lghub.app/Contents/Resources/app.asar/app.min.js 1 WebSocket connection to 'ws://localhost:9010/' failed: WebSocket is closed before the connection is established.", 'source': 'network', 'timestamp': 1646739318413}
{'level': 'SEVERE', 'message': "file:///Applications/lghub.app/Contents/Resources/app.asar/app.min.js 1 WebSocket connection to 'ws://localhost:9010/' failed: Error in connection establishment: net::ERR_CONNECTION_REFUSED", 'source': 'network', 'timestamp': 1646739318413}
{'level': 'WARNING', 'message': "file:///Applications/lghub.app/Contents/Resources/app.asar/app.min.js 1 WebSocket connection to 'ws://localhost:9010/' failed: WebSocket is closed before the connection is established.", 'source': 'network', 'timestamp': 1646739318413}
{'level': 'WARNING', 'message': "file:///Applications/lghub.app/Contents/Resources/app.asar/app.min.js 1 WebSocket connection to 'ws://localhost:9010/' failed: WebSocket is closed before the connection is established.", 'source': 'network', 'timestamp': 1646739318413}
{'level': 'SEVERE', 'message': "file:///Applications/lghub.app/Contents/Resources/app.asar/app.min.js 1 WebSocket connection to 'ws://localhost:9010/' failed: Error in connection establishment: net::ERR_CONNECTION_REFUSED", 'source': 'network', 'timestamp': 1646739318413}
{'level': 'WARNING', 'message': "file:///Applications/lghub.app/Contents/Resources/app.asar/app.min.js 1 WebSocket connection to 'ws://localhost:9010/' failed: WebSocket is closed before the connection is established.", 'source': 'network', 'timestamp': 1646739318413}
{'level': 'WARNING', 'message': "file:///Applications/lghub.app/Contents/Resources/app.asar/app.min.js 1 WebSocket connection to 'ws://localhost:9010/' failed: WebSocket is closed before the connection is established.", 'source': 'network', 'timestamp': 1646739318413}
{'level': 'WARNING', 'message': "file:///Applications/lghub.app/Contents/Resources/app.asar/app.min.js 1 WebSocket connection to 'ws://localhost:9010/' failed: WebSocket is closed before the connection is established.", 'source': 'network', 'timestamp': 1646739318413}
{'level': 'WARNING', 'message': "file:///Applications/lghub.app/Contents/Resources/app.asar/app.min.js 1 WebSocket connection to 'ws://localhost:9010/' failed: WebSocket is closed before the connection is established.", 'source': 'network', 'timestamp': 1646739318413}
{'level': 'WARNING', 'message': "file:///Applications/lghub.app/Contents/Resources/app.asar/app.min.js 1 WebSocket connection to 'ws://localhost:9010/' failed: WebSocket is closed before the connection is established.", 'source': 'network', 'timestamp': 1646739318413}
{'level': 'WARNING', 'message': "file:///Applications/lghub.app/Contents/Resources/app.asar/app.min.js 1 WebSocket connection to 'ws://localhost:9010/' failed: WebSocket is closed before the connection is established.", 'source': 'network', 'timestamp': 1646739318413}
{'level': 'SEVERE', 'message': "file:///Applications/lghub.app/Contents/Resources/app.asar/app.min.js 1 WebSocket connection to 'ws://localhost:9010/' failed: Error in connection establishment: net::ERR_CONNECTION_REFUSED", 'source': 'network', 'timestamp': 1646739318413}
{'level': 'WARNING', 'message': "file:///Applications/lghub.app/Contents/Resources/app.asar/app.min.js 1 WebSocket connection to 'ws://localhost:9010/' failed: WebSocket is closed before the connection is established.", 'source': 'network', 'timestamp': 1646739318413}
{'level': 'SEVERE', 'message': "file:///Applications/lghub.app/Contents/Resources/app.asar/app.min.js 1 WebSocket connection to 'ws://localhost:9010/' failed: Error in connection establishment: net::ERR_CONNECTION_REFUSED", 'source': 'network', 'timestamp': 1646739318413}
{'level': 'WARNING', 'message': "file:///Applications/lghub.app/Contents/Resources/app.asar/app.min.js 1 WebSocket connection to 'ws://localhost:9010/' failed: WebSocket is closed before the connection is established.", 'source': 'network', 'timestamp': 1646739318413}
{'level': 'SEVERE', 'message': "file:///Applications/lghub.app/Contents/Resources/app.asar/app.min.js 1 WebSocket connection to 'ws://localhost:9010/' failed: Error in connection establishment: net::ERR_CONNECTION_REFUSED", 'source': 'network', 'timestamp': 1646739318413}
{'level': 'WARNING', 'message': "file:///Applications/lghub.app/Contents/Resources/app.asar/app.min.js 1 WebSocket connection to 'ws://localhost:9010/' failed: WebSocket is closed before the connection is established.", 'source': 'network', 'timestamp': 1646739318413}
{'level': 'WARNING', 'message': "file:///Applications/lghub.app/Contents/Resources/app.asar/app.min.js 1 WebSocket connection to 'ws://localhost:9010/' failed: WebSocket is closed before the connection is established.", 'source': 'network', 'timestamp': 1646739318413}
{'level': 'WARNING', 'message': "file:///Applications/lghub.app/Contents/Resources/app.asar/app.min.js 1 WebSocket connection to 'ws://localhost:9010/' failed: WebSocket is closed before the connection is established.", 'source': 'network', 'timestamp': 1646739318413}
{'level': 'WARNING', 'message': "file:///Applications/lghub.app/Contents/Resources/app.asar/app.min.js 1 WebSocket connection to 'ws://localhost:9010/' failed: WebSocket is closed before the connection is established.", 'source': 'network', 'timestamp': 1646739318413}
{'level': 'WARNING', 'message': "file:///Applications/lghub.app/Contents/Resources/app.asar/app.min.js 1 WebSocket connection to 'ws://localhost:9010/' failed: WebSocket is closed before the connection is established.", 'source': 'network', 'timestamp': 1646739318413}
{'level': 'WARNING', 'message': "file:///Applications/lghub.app/Contents/Resources/app.asar/app.min.js 1 WebSocket connection to 'ws://localhost:9010/' failed: WebSocket is closed before the connection is established.", 'source': 'network', 'timestamp': 1646739318413}
{'level': 'WARNING', 'message': "file:///Applications/lghub.app/Contents/Resources/app.asar/app.min.js 1 WebSocket connection to 'ws://localhost:9010/' failed: WebSocket is closed before the connection is established.", 'source': 'network', 'timestamp': 1646739318413}
{'level': 'SEVERE', 'message': "file:///Applications/lghub.app/Contents/Resources/app.asar/app.min.js 1 WebSocket connection to 'ws://localhost:9010/' failed: Error in connection establishment: net::ERR_CONNECTION_REFUSED", 'source': 'network', 'timestamp': 1646739318413}
{'level': 'WARNING', 'message': "file:///Applications/lghub.app/Contents/Resources/app.asar/app.min.js 1 WebSocket connection to 'ws://localhost:9010/' failed: WebSocket is closed before the connection is established.", 'source': 'network', 'timestamp': 1646739318413}
{'level': 'SEVERE', 'message': "file:///Applications/lghub.app/Contents/Resources/app.asar/app.min.js 1 WebSocket connection to 'ws://localhost:9010/' failed: Error in connection establishment: net::ERR_CONNECTION_REFUSED", 'source': 'network', 'timestamp': 1646739318414}
{'level': 'SEVERE', 'message': "file:///Applications/lghub.app/Contents/Resources/app.asar/app.min.js 1 WebSocket connection to 'ws://localhost:9010/' failed: Error in connection establishment: net::ERR_CONNECTION_REFUSED", 'source': 'network', 'timestamp': 1646739318414}
{'level': 'SEVERE', 'message': "file:///Applications/lghub.app/Contents/Resources/app.asar/app.min.js 1 WebSocket connection to 'ws://localhost:9010/' failed: Error in connection establishment: net::ERR_CONNECTION_REFUSED", 'source': 'network', 'timestamp': 1646739318414}
{'level': 'SEVERE', 'message': "file:///Applications/lghub.app/Contents/Resources/app.asar/app.min.js 1 WebSocket connection to 'ws://localhost:9010/' failed: Error in connection establishment: net::ERR_CONNECTION_REFUSED", 'source': 'network', 'timestamp': 1646739318414}
