{'level': 'SEVERE', 'message': "file:///Applications/lghub.app/Contents/Resources/app.asar/app.min.js 1 WebSocket connection to 'ws://localhost:9010/' failed: Error in connection establishment: net::ERR_CONNECTION_REFUSED", 'source': 'network', 'timestamp': 1646368111489}
{'level': 'SEVERE', 'message': "file:///Applications/lghub.app/Contents/Resources/app.asar/app.min.js 1 WebSocket connection to 'ws://localhost:9010/' failed: Error in connection establishment: net::ERR_CONNECTION_REFUSED", 'source': 'network', 'timestamp': 1646368112525}
{'level': 'SEVERE', 'message': "file:///Applications/lghub.app/Contents/Resources/app.asar/app.min.js 1 WebSocket connection to 'ws://localhost:9010/' failed: Error in connection establishment: net::ERR_CONNECTION_REFUSED", 'source': 'network', 'timestamp': 1646368113548}
{'level': 'SEVERE', 'message': "file:///Applications/lghub.app/Contents/Resources/app.asar/app.min.js 1 WebSocket connection to 'ws://localhost:9010/' failed: Error in connection establishment: net::ERR_CONNECTION_REFUSED", 'source': 'network', 'timestamp': 1646368114576}
{'level': 'WARNING', 'message': "file:///Applications/lghub.app/Contents/Resources/app.asar/app.min.js 1 WebSocket connection to 'ws://localhost:9010/' failed: WebSocket is closed before the connection is established.", 'source': 'network', 'timestamp': 1646368117599}
{'level': 'SEVERE', 'message': "file:///Applications/lghub.app/Contents/Resources/app.asar/app.min.js 1 WebSocket connection to 'ws://localhost:9010/' failed: Error in connection establishment: net::ERR_CONNECTION_REFUSED", 'source': 'network', 'timestamp': 1646368118629}
{'level': 'SEVERE', 'message': "file:///Applications/lghub.app/Contents/Resources/app.asar/app.min.js 1 WebSocket connection to 'ws://localhost:9010/' failed: Error in connection establishment: net::ERR_CONNECTION_REFUSED", 'source': 'network', 'timestamp': 1646368119658}
{'level': 'SEVERE', 'message': "file:///Applications/lghub.app/Contents/Resources/app.asar/app.min.js 1 WebSocket connection to 'ws://localhost:9010/' failed: Error in connection establishment: net::ERR_CONNECTION_REFUSED", 'source': 'network', 'timestamp': 1646368120685}
{'level': 'SEVERE', 'message': "file:///Applications/lghub.app/Contents/Resources/app.asar/app.min.js 1 WebSocket connection to 'ws://localhost:9010/' failed: Error in connection establishment: net::ERR_CONNECTION_REFUSED", 'source': 'network', 'timestamp': 1646368121720}
{'level': 'SEVERE', 'message': "file:///Applications/lghub.app/Contents/Resources/app.asar/app.min.js 1 WebSocket connection to 'ws://localhost:9010/' failed: Error in connection establishment: net::ERR_CONNECTION_REFUSED", 'source': 'network', 'timestamp': 1646368568818}
{'level': 'SEVERE', 'message': "file:///Applications/lghub.app/Contents/Resources/app.asar/app.min.js 1 WebSocket connection to 'ws://localhost:9010/' failed: Error in connection establishment: net::ERR_CONNECTION_REFUSED", 'source': 'network', 'timestamp': 1646368568818}
{'level': 'SEVERE', 'message': "file:///Applications/lghub.app/Contents/Resources/app.asar/app.min.js 1 WebSocket connection to 'ws://localhost:9010/' failed: Error in connection establishment: net::ERR_CONNECTION_REFUSED", 'source': 'network', 'timestamp': 1646368568818}
{'level': 'SEVERE', 'message': "file:///Applications/lghub.app/Contents/Resources/app.asar/app.min.js 1 WebSocket connection to 'ws://localhost:9010/' failed: Error in connection establishment: net::ERR_CONNECTION_REFUSED", 'source': 'network', 'timestamp': 1646368568818}
{'level': 'SEVERE', 'message': "file:///Applications/lghub.app/Contents/Resources/app.asar/app.min.js 1 WebSocket connection to 'ws://localhost:9010/' failed: Error in connection establishment: net::ERR_CONNECTION_REFUSED", 'source': 'network', 'timestamp': 1646368568818}
{'level': 'SEVERE', 'message': "file:///Applications/lghub.app/Contents/Resources/app.asar/app.min.js 1 WebSocket connection to 'ws://localhost:9010/' failed: Error in connection establishment: net::ERR_CONNECTION_REFUSED", 'source': 'network', 'timestamp': 1646368568818}
{'level': 'SEVERE', 'message': "file:///Applications/lghub.app/Contents/Resources/app.asar/app.min.js 1 WebSocket connection to 'ws://localhost:9010/' failed: Error in connection establishment: net::ERR_CONNECTION_REFUSED", 'source': 'network', 'timestamp': 1646368568818}
{'level': 'SEVERE', 'message': "file:///Applications/lghub.app/Contents/Resources/app.asar/app.min.js 1 WebSocket connection to 'ws://localhost:9010/' failed: Error in connection establishment: net::ERR_CONNECTION_REFUSED", 'source': 'network', 'timestamp': 1646368568818}
{'level': 'SEVERE', 'message': "file:///Applications/lghub.app/Contents/Resources/app.asar/app.min.js 1 WebSocket connection to 'ws://localhost:9010/' failed: Error in connection establishment: net::ERR_CONNECTION_REFUSED", 'source': 'network', 'timestamp': 1646368568818}
{'level': 'SEVERE', 'message': "file:///Applications/lghub.app/Contents/Resources/app.asar/app.min.js 1 WebSocket connection to 'ws://localhost:9010/' failed: Error in connection establishment: net::ERR_CONNECTION_REFUSED", 'source': 'network', 'timestamp': 1646368568818}
{'level': 'SEVERE', 'message': "file:///Applications/lghub.app/Contents/Resources/app.asar/app.min.js 1 WebSocket connection to 'ws://localhost:9010/' failed: Error in connection establishment: net::ERR_CONNECTION_REFUSED", 'source': 'network', 'timestamp': 1646368568818}
{'level': 'SEVERE', 'message': "file:///Applications/lghub.app/Contents/Resources/app.asar/app.min.js 1 WebSocket connection to 'ws://localhost:9010/' failed: Error in connection establishment: net::ERR_CONNECTION_REFUSED", 'source': 'network', 'timestamp': 1646368568818}
{'level': 'SEVERE', 'message': "file:///Applications/lghub.app/Contents/Resources/app.asar/app.min.js 1 WebSocket connection to 'ws://localhost:9010/' failed: Error in connection establishment: net::ERR_CONNECTION_REFUSED", 'source': 'network', 'timestamp': 1646368568818}
{'level': 'SEVERE', 'message': "file:///Applications/lghub.app/Contents/Resources/app.asar/app.min.js 1 WebSocket connection to 'ws://localhost:9010/' failed: Error in connection establishment: net::ERR_CONNECTION_REFUSED", 'source': 'network', 'timestamp': 1646368568818}
{'level': 'SEVERE', 'message': "file:///Applications/lghub.app/Contents/Resources/app.asar/app.min.js 1 WebSocket connection to 'ws://localhost:9010/' failed: Error in connection establishment: net::ERR_CONNECTION_REFUSED", 'source': 'network', 'timestamp': 1646368568818}
{'level': 'SEVERE', 'message': "file:///Applications/lghub.app/Contents/Resources/app.asar/app.min.js 1 WebSocket connection to 'ws://localhost:9010/' failed: Error in connection establishment: net::ERR_CONNECTION_REFUSED", 'source': 'network', 'timestamp': 1646368568818}
{'level': 'SEVERE', 'message': "file:///Applications/lghub.app/Contents/Resources/app.asar/app.min.js 1 WebSocket connection to 'ws://localhost:9010/' failed: Error in connection establishment: net::ERR_CONNECTION_REFUSED", 'source': 'network', 'timestamp': 1646368568818}
{'level': 'SEVERE', 'message': "file:///Applications/lghub.app/Contents/Resources/app.asar/app.min.js 1 WebSocket connection to 'ws://localhost:9010/' failed: Error in connection establishment: net::ERR_CONNECTION_REFUSED", 'source': 'network', 'timestamp': 1646368568818}
{'level': 'SEVERE', 'message': "file:///Applications/lghub.app/Contents/Resources/app.asar/app.min.js 1 WebSocket connection to 'ws://localhost:9010/' failed: Error in connection establishment: net::ERR_CONNECTION_REFUSED", 'source': 'network', 'timestamp': 1646368568818}
{'level': 'SEVERE', 'message': "file:///Applications/lghub.app/Contents/Resources/app.asar/app.min.js 1 WebSocket connection to 'ws://localhost:9010/' failed: Error in connection establishment: net::ERR_CONNECTION_REFUSED", 'source': 'network', 'timestamp': 1646368568818}
{'level': 'SEVERE', 'message': "file:///Applications/lghub.app/Contents/Resources/app.asar/app.min.js 1 WebSocket connection to 'ws://localhost:9010/' failed: Error in connection establishment: net::ERR_CONNECTION_REFUSED", 'source': 'network', 'timestamp': 1646368568818}
{'level': 'SEVERE', 'message': "file:///Applications/lghub.app/Contents/Resources/app.asar/app.min.js 1 WebSocket connection to 'ws://localhost:9010/' failed: Error in connection establishment: net::ERR_CONNECTION_REFUSED", 'source': 'network', 'timestamp': 1646368568818}
{'level': 'SEVERE', 'message': "file:///Applications/lghub.app/Contents/Resources/app.asar/app.min.js 1:440558 DOMException: Failed to execute 'send' on 'WebSocket': Still in CONNECTING state.\n    at e.send (file:///Applications/lghub.app/Contents/Resources/app.asar/app.min.js:2:3626168)\n    at Object.send (file:///Applications/lghub.app/Contents/Resources/app.asar/app.min.js:2:538441)\n    at file:///Applications/lghub.app/Contents/Resources/app.asar/app.min.js:2:953236\n    at I (file:///Applications/lghub.app/Contents/Resources/app.asar/app.min.js:2:8136572)\n    at Generator._invoke (file:///Applications/lghub.app/Contents/Resources/app.asar/app.min.js:2:8136360)\n    at Generator.next (file:///Applications/lghub.app/Contents/Resources/app.asar/app.min.js:2:8136997)\n    at s (file:///Applications/lghub.app/Contents/Resources/app.asar/app.min.js:2:848764)\n    at Dj (file:///Applications/lghub.app/Contents/Resources/app.asar/app.min.js:2:848589)\n    at file:///Applications/lghub.app/Contents/Resources/app.asar/app.min.js:2:845168\n    at ZK (file:///Applications/lghub.app/Contents/Resources/app.asar/app.min.js:2:841579)\n    at Ij.FORK (file:///Applications/lghub.app/Contents/Resources/app.asar/app.min.js:2:845147)\n    at file:///Applications/lghub.app/Contents/Resources/app.asar/app.min.js:2:848394\n    at l (file:///Applications/lghub.app/Contents/Resources/app.asar/app.min.js:2:849312)\n    at s (file:///Applications/lghub.app/Contents/Resources/app.asar/app.min.js:2:848824)\n    at o (file:///Applications/lghub.app/Contents/Resources/app.asar/app.min.js:2:849097)\n    at a (file:///Applications/lghub.app/Contents/Resources/app.asar/app.min.js:2:843602)\n    at e.put (file:///Applications/lghub.app/Contents/Resources/app.asar/app.min.js:2:843085)\n    at file:///Applications/lghub.app/Contents/Resources/app.asar/app.min.js:2:843279\n    at xK (file:///Applications/lghub.app/Contents/Resources/app.asar/app.min.js:2:841488)\n    at QK (file:///Applications/lghub.app/Contents/Resources/app.asar/app.min.js:2:841694)\n    at zK (file:///Applications/lghub.app/Contents/Resources/app.asar/app.min.js:2:841542)\n    at Object.e.put (file:///Applications/lghub.app/Contents/Resources/app.asar/app.min.js:2:843264)\n    at file:///Applications/lghub.app/Contents/Resources/app.asar/app.min.js:2:850609\n    at file:///Applications/lghub.app/Contents/Resources/app.asar/app.min.js:2:851078\n    at file:///Applications/lghub.app/Contents/Resources/app.asar/app.min.js:2:8134333\n    at Object.wakeDeviceLighting (file:///Applications/lghub.app/Contents/Resources/app.asar/app.min.js:2:505983)\n    at r.value (file:///Applications/lghub.app/Contents/Resources/app.asar/app.min.js:2:2404642)\n    at _ (file:///Applications/lghub.app/Contents/Resources/app.asar/app.min.js:2:474202)", 'source': 'console-api', 'timestamp': 1646368568819}
{'level': 'SEVERE', 'message': 'file:///Applications/lghub.app/Contents/Resources/app.asar/app.min.js 1:440558 "The above error occurred in task x$\\n    created by e\\n    created by s3\\nTasks cancelled due to error:\\ne\\nkx\\nzx\\ne\\ne\\ne\\ne\\ne\\ne\\ne\\ne\\ne\\ne\\ne\\ne\\ne\\ne\\ne\\ne\\ne\\ne\\ne\\ne\\ne\\ne\\ne\\ne\\ne\\ne\\ne\\ne\\ne\\ne\\ne\\ne\\ne\\ne\\ne\\ne\\ne\\ne\\ne\\ne\\ne\\ne\\ne\\ne\\ne\\ne\\ne\\ne\\ne\\ne\\ne\\ne\\ne\\ne\\ne\\ne\\ne\\ne\\ne\\ne\\ne\\ne\\ne\\ne\\ne\\ne\\ne\\ne\\ne\\ne\\ne\\ne\\ne\\ne\\ne\\ne\\ne\\ne\\ne\\ne\\ne\\ne\\ne\\ne\\ne\\ne\\ne\\ne\\ne\\ne\\ne\\ne\\ne\\ne\\ne\\ne\\ne\\ne\\ne\\ne\\ne\\ne\\ne\\ne\\ne\\ne\\ne\\ne\\ne\\ne\\ne\\ne\\ne\\ne\\ne\\ne\\ne\\ne\\ne\\ne\\ne\\ne\\ne\\ne\\ne\\ne\\ne\\ne\\ne\\ne\\ne\\ne\\ne\\ne\\ne\\ne\\ne\\ne\\ne\\ne\\ne\\ne\\ne\\ne\\ne\\ne\\ne\\ne\\ne\\ne\\ne\\ne\\ne\\ne\\ne\\ne\\ne\\ne\\ne\\ne\\ne\\ne\\ne\\ne\\ne\\ne\\ne\\ne\\ne\\ne\\ne\\ne\\ne\\ne\\ne\\ne\\ne\\ne\\ne\\ne\\ne\\ne\\ne\\ne\\ne\\ne\\ne\\ne\\ne\\ne\\ne\\ne"', 'source': 'console-api', 'timestamp': 1646368568819}
{'level': 'WARNING', 'message': "file:///Applications/lghub.app/Contents/Resources/app.asar/app.min.js 1 WebSocket connection to 'ws://localhost:9010/' failed: WebSocket is closed before the connection is established.", 'source': 'network', 'timestamp': 1646368568819}
{'level': 'WARNING', 'message': "file:///Applications/lghub.app/Contents/Resources/app.asar/app.min.js 1 WebSocket connection to 'ws://localhost:9010/' failed: WebSocket is closed before the connection is established.", 'source': 'network', 'timestamp': 1646368568819}
{'level': 'WARNING', 'message': "file:///Applications/lghub.app/Contents/Resources/app.asar/app.min.js 1 WebSocket connection to 'ws://localhost:9010/' failed: WebSocket is closed before the connection is established.", 'source': 'network', 'timestamp': 1646368568819}
{'level': 'WARNING', 'message': "file:///Applications/lghub.app/Contents/Resources/app.asar/app.min.js 1 WebSocket connection to 'ws://localhost:9010/' failed: WebSocket is closed before the connection is established.", 'source': 'network', 'timestamp': 1646368568819}
{'level': 'WARNING', 'message': "file:///Applications/lghub.app/Contents/Resources/app.asar/app.min.js 1 WebSocket connection to 'ws://localhost:9010/' failed: WebSocket is closed before the connection is established.", 'source': 'network', 'timestamp': 1646368568819}
{'level': 'WARNING', 'message': "file:///Applications/lghub.app/Contents/Resources/app.asar/app.min.js 1 WebSocket connection to 'ws://localhost:9010/' failed: WebSocket is closed before the connection is established.", 'source': 'network', 'timestamp': 1646368568820}
{'level': 'WARNING', 'message': "file:///Applications/lghub.app/Contents/Resources/app.asar/app.min.js 1 WebSocket connection to 'ws://localhost:9010/' failed: WebSocket is closed before the connection is established.", 'source': 'network', 'timestamp': 1646368568820}
{'level': 'WARNING', 'message': "file:///Applications/lghub.app/Contents/Resources/app.asar/app.min.js 1 WebSocket connection to 'ws://localhost:9010/' failed: WebSocket is closed before the connection is established.", 'source': 'network', 'timestamp': 1646368568820}
{'level': 'WARNING', 'message': "file:///Applications/lghub.app/Contents/Resources/app.asar/app.min.js 1 WebSocket connection to 'ws://localhost:9010/' failed: WebSocket is closed before the connection is established.", 'source': 'network', 'timestamp': 1646368568820}
{'level': 'WARNING', 'message': "file:///Applications/lghub.app/Contents/Resources/app.asar/app.min.js 1 WebSocket connection to 'ws://localhost:9010/' failed: WebSocket is closed before the connection is established.", 'source': 'network', 'timestamp': 1646368568820}
{'level': 'WARNING', 'message': "file:///Applications/lghub.app/Contents/Resources/app.asar/app.min.js 1 WebSocket connection to 'ws://localhost:9010/' failed: WebSocket is closed before the connection is established.", 'source': 'network', 'timestamp': 1646368568820}
{'level': 'SEVERE', 'message': "file:///Applications/lghub.app/Contents/Resources/app.asar/app.min.js 1 WebSocket connection to 'ws://localhost:9010/' failed: Error in connection establishment: net::ERR_CONNECTION_REFUSED", 'source': 'network', 'timestamp': 1646368568820}
{'level': 'SEVERE', 'message': "file:///Applications/lghub.app/Contents/Resources/app.asar/app.min.js 1 WebSocket connection to 'ws://localhost:9010/' failed: Error in connection establishment: net::ERR_CONNECTION_REFUSED", 'source': 'network', 'timestamp': 1646368568820}
{'level': 'WARNING', 'message': "file:///Applications/lghub.app/Contents/Resources/app.asar/app.min.js 1 WebSocket connection to 'ws://localhost:9010/' failed: WebSocket is closed before the connection is established.", 'source': 'network', 'timestamp': 1646368568820}
{'level': 'SEVERE', 'message': "file:///Applications/lghub.app/Contents/Resources/app.asar/app.min.js 1 WebSocket connection to 'ws://localhost:9010/' failed: Error in connection establishment: net::ERR_CONNECTION_REFUSED", 'source': 'network', 'timestamp': 1646368568820}
{'level': 'WARNING', 'message': "file:///Applications/lghub.app/Contents/Resources/app.asar/app.min.js 1 WebSocket connection to 'ws://localhost:9010/' failed: WebSocket is closed before the connection is established.", 'source': 'network', 'timestamp': 1646368568820}
{'level': 'WARNING', 'message': "file:///Applications/lghub.app/Contents/Resources/app.asar/app.min.js 1 WebSocket connection to 'ws://localhost:9010/' failed: WebSocket is closed before the connection is established.", 'source': 'network', 'timestamp': 1646368568820}
{'level': 'WARNING', 'message': "file:///Applications/lghub.app/Contents/Resources/app.asar/app.min.js 1 WebSocket connection to 'ws://localhost:9010/' failed: WebSocket is closed before the connection is established.", 'source': 'network', 'timestamp': 1646368568820}
{'level': 'WARNING', 'message': "file:///Applications/lghub.app/Contents/Resources/app.asar/app.min.js 1 WebSocket connection to 'ws://localhost:9010/' failed: WebSocket is closed before the connection is established.", 'source': 'network', 'timestamp': 1646368568820}
{'level': 'WARNING', 'message': "file:///Applications/lghub.app/Contents/Resources/app.asar/app.min.js 1 WebSocket connection to 'ws://localhost:9010/' failed: WebSocket is closed before the connection is established.", 'source': 'network', 'timestamp': 1646368568820}
{'level': 'WARNING', 'message': "file:///Applications/lghub.app/Contents/Resources/app.asar/app.min.js 1 WebSocket connection to 'ws://localhost:9010/' failed: WebSocket is closed before the connection is established.", 'source': 'network', 'timestamp': 1646368568820}
{'level': 'WARNING', 'message': "file:///Applications/lghub.app/Contents/Resources/app.asar/app.min.js 1 WebSocket connection to 'ws://localhost:9010/' failed: WebSocket is closed before the connection is established.", 'source': 'network', 'timestamp': 1646368568820}
{'level': 'SEVERE', 'message': "file:///Applications/lghub.app/Contents/Resources/app.asar/app.min.js 1 WebSocket connection to 'ws://localhost:9010/' failed: Error in connection establishment: net::ERR_CONNECTION_REFUSED", 'source': 'network', 'timestamp': 1646368568820}
{'level': 'WARNING', 'message': "file:///Applications/lghub.app/Contents/Resources/app.asar/app.min.js 1 WebSocket connection to 'ws://localhost:9010/' failed: WebSocket is closed before the connection is established.", 'source': 'network', 'timestamp': 1646368568820}
{'level': 'WARNING', 'message': "file:///Applications/lghub.app/Contents/Resources/app.asar/app.min.js 1 WebSocket connection to 'ws://localhost:9010/' failed: WebSocket is closed before the connection is established.", 'source': 'network', 'timestamp': 1646368568820}
{'level': 'SEVERE', 'message': "file:///Applications/lghub.app/Contents/Resources/app.asar/app.min.js 1 WebSocket connection to 'ws://localhost:9010/' failed: Error in connection establishment: net::ERR_CONNECTION_REFUSED", 'source': 'network', 'timestamp': 1646368568820}
{'level': 'WARNING', 'message': "file:///Applications/lghub.app/Contents/Resources/app.asar/app.min.js 1 WebSocket connection to 'ws://localhost:9010/' failed: WebSocket is closed before the connection is established.", 'source': 'network', 'timestamp': 1646368568820}
{'level': 'SEVERE', 'message': "file:///Applications/lghub.app/Contents/Resources/app.asar/app.min.js 1 WebSocket connection to 'ws://localhost:9010/' failed: Error in connection establishment: net::ERR_CONNECTION_REFUSED", 'source': 'network', 'timestamp': 1646368568820}
{'level': 'WARNING', 'message': "file:///Applications/lghub.app/Contents/Resources/app.asar/app.min.js 1 WebSocket connection to 'ws://localhost:9010/' failed: WebSocket is closed before the connection is established.", 'source': 'network', 'timestamp': 1646368568820}
{'level': 'WARNING', 'message': "file:///Applications/lghub.app/Contents/Resources/app.asar/app.min.js 1 WebSocket connection to 'ws://localhost:9010/' failed: WebSocket is closed before the connection is established.", 'source': 'network', 'timestamp': 1646368568820}
{'level': 'WARNING', 'message': "file:///Applications/lghub.app/Contents/Resources/app.asar/app.min.js 1 WebSocket connection to 'ws://localhost:9010/' failed: WebSocket is closed before the connection is established.", 'source': 'network', 'timestamp': 1646368568820}
{'level': 'SEVERE', 'message': "file:///Applications/lghub.app/Contents/Resources/app.asar/app.min.js 1 WebSocket connection to 'ws://localhost:9010/' failed: Error in connection establishment: net::ERR_CONNECTION_REFUSED", 'source': 'network', 'timestamp': 1646368568820}
{'level': 'WARNING', 'message': "file:///Applications/lghub.app/Contents/Resources/app.asar/app.min.js 1 WebSocket connection to 'ws://localhost:9010/' failed: WebSocket is closed before the connection is established.", 'source': 'network', 'timestamp': 1646368568820}
{'level': 'WARNING', 'message': "file:///Applications/lghub.app/Contents/Resources/app.asar/app.min.js 1 WebSocket connection to 'ws://localhost:9010/' failed: WebSocket is closed before the connection is established.", 'source': 'network', 'timestamp': 1646368568820}
{'level': 'SEVERE', 'message': "file:///Applications/lghub.app/Contents/Resources/app.asar/app.min.js 1 WebSocket connection to 'ws://localhost:9010/' failed: Error in connection establishment: net::ERR_CONNECTION_REFUSED", 'source': 'network', 'timestamp': 1646368568820}
{'level': 'WARNING', 'message': "file:///Applications/lghub.app/Contents/Resources/app.asar/app.min.js 1 WebSocket connection to 'ws://localhost:9010/' failed: WebSocket is closed before the connection is established.", 'source': 'network', 'timestamp': 1646368568820}
{'level': 'SEVERE', 'message': "file:///Applications/lghub.app/Contents/Resources/app.asar/app.min.js 1 WebSocket connection to 'ws://localhost:9010/' failed: Error in connection establishment: net::ERR_CONNECTION_REFUSED", 'source': 'network', 'timestamp': 1646368568820}
{'level': 'WARNING', 'message': "file:///Applications/lghub.app/Contents/Resources/app.asar/app.min.js 1 WebSocket connection to 'ws://localhost:9010/' failed: WebSocket is closed before the connection is established.", 'source': 'network', 'timestamp': 1646368568820}
{'level': 'SEVERE', 'message': "file:///Applications/lghub.app/Contents/Resources/app.asar/app.min.js 1 WebSocket connection to 'ws://localhost:9010/' failed: Error in connection establishment: net::ERR_CONNECTION_REFUSED", 'source': 'network', 'timestamp': 1646368568820}
{'level': 'WARNING', 'message': "file:///Applications/lghub.app/Contents/Resources/app.asar/app.min.js 1 WebSocket connection to 'ws://localhost:9010/' failed: WebSocket is closed before the connection is established.", 'source': 'network', 'timestamp': 1646368568820}
{'level': 'WARNING', 'message': "file:///Applications/lghub.app/Contents/Resources/app.asar/app.min.js 1 WebSocket connection to 'ws://localhost:9010/' failed: WebSocket is closed before the connection is established.", 'source': 'network', 'timestamp': 1646368568820}
{'level': 'WARNING', 'message': "file:///Applications/lghub.app/Contents/Resources/app.asar/app.min.js 1 WebSocket connection to 'ws://localhost:9010/' failed: WebSocket is closed before the connection is established.", 'source': 'network', 'timestamp': 1646368568820}
{'level': 'SEVERE', 'message': "file:///Applications/lghub.app/Contents/Resources/app.asar/app.min.js 1 WebSocket connection to 'ws://localhost:9010/' failed: Error in connection establishment: net::ERR_CONNECTION_REFUSED", 'source': 'network', 'timestamp': 1646368568820}
{'level': 'SEVERE', 'message': "file:///Applications/lghub.app/Contents/Resources/app.asar/app.min.js 1 WebSocket connection to 'ws://localhost:9010/' failed: Error in connection establishment: net::ERR_CONNECTION_REFUSED", 'source': 'network', 'timestamp': 1646368568820}
{'level': 'SEVERE', 'message': "file:///Applications/lghub.app/Contents/Resources/app.asar/app.min.js 1 WebSocket connection to 'ws://localhost:9010/' failed: Error in connection establishment: net::ERR_CONNECTION_REFUSED", 'source': 'network', 'timestamp': 1646368568821}
{'level': 'WARNING', 'message': "file:///Applications/lghub.app/Contents/Resources/app.asar/app.min.js 1 WebSocket connection to 'ws://localhost:9010/' failed: WebSocket is closed before the connection is established.", 'source': 'network', 'timestamp': 1646368568821}
{'level': 'SEVERE', 'message': "file:///Applications/lghub.app/Contents/Resources/app.asar/app.min.js 1 WebSocket connection to 'ws://localhost:9010/' failed: Error in connection establishment: net::ERR_CONNECTION_REFUSED", 'source': 'network', 'timestamp': 1646368568821}
{'level': 'WARNING', 'message': "file:///Applications/lghub.app/Contents/Resources/app.asar/app.min.js 1 WebSocket connection to 'ws://localhost:9010/' failed: WebSocket is closed before the connection is established.", 'source': 'network', 'timestamp': 1646368568821}
{'level': 'WARNING', 'message': "file:///Applications/lghub.app/Contents/Resources/app.asar/app.min.js 1 WebSocket connection to 'ws://localhost:9010/' failed: WebSocket is closed before the connection is established.", 'source': 'network', 'timestamp': 1646368568821}
{'level': 'WARNING', 'message': "file:///Applications/lghub.app/Contents/Resources/app.asar/app.min.js 1 WebSocket connection to 'ws://localhost:9010/' failed: WebSocket is closed before the connection is established.", 'source': 'network', 'timestamp': 1646368568821}
{'level': 'WARNING', 'message': "file:///Applications/lghub.app/Contents/Resources/app.asar/app.min.js 1 WebSocket connection to 'ws://localhost:9010/' failed: WebSocket is closed before the connection is established.", 'source': 'network', 'timestamp': 1646368568821}
{'level': 'WARNING', 'message': "file:///Applications/lghub.app/Contents/Resources/app.asar/app.min.js 1 WebSocket connection to 'ws://localhost:9010/' failed: WebSocket is closed before the connection is established.", 'source': 'network', 'timestamp': 1646368568821}
{'level': 'WARNING', 'message': "file:///Applications/lghub.app/Contents/Resources/app.asar/app.min.js 1 WebSocket connection to 'ws://localhost:9010/' failed: WebSocket is closed before the connection is established.", 'source': 'network', 'timestamp': 1646368568821}
{'level': 'WARNING', 'message': "file:///Applications/lghub.app/Contents/Resources/app.asar/app.min.js 1 WebSocket connection to 'ws://localhost:9010/' failed: WebSocket is closed before the connection is established.", 'source': 'network', 'timestamp': 1646368568821}
{'level': 'WARNING', 'message': "file:///Applications/lghub.app/Contents/Resources/app.asar/app.min.js 1 WebSocket connection to 'ws://localhost:9010/' failed: WebSocket is closed before the connection is established.", 'source': 'network', 'timestamp': 1646368568821}
{'level': 'WARNING', 'message': "file:///Applications/lghub.app/Contents/Resources/app.asar/app.min.js 1 WebSocket connection to 'ws://localhost:9010/' failed: WebSocket is closed before the connection is established.", 'source': 'network', 'timestamp': 1646368568821}
{'level': 'WARNING', 'message': "file:///Applications/lghub.app/Contents/Resources/app.asar/app.min.js 1 WebSocket connection to 'ws://localhost:9010/' failed: WebSocket is closed before the connection is established.", 'source': 'network', 'timestamp': 1646368568821}
{'level': 'WARNING', 'message': "file:///Applications/lghub.app/Contents/Resources/app.asar/app.min.js 1 WebSocket connection to 'ws://localhost:9010/' failed: WebSocket is closed before the connection is established.", 'source': 'network', 'timestamp': 1646368568821}
{'level': 'SEVERE', 'message': "file:///Applications/lghub.app/Contents/Resources/app.asar/app.min.js 1 WebSocket connection to 'ws://localhost:9010/' failed: Error in connection establishment: net::ERR_CONNECTION_REFUSED", 'source': 'network', 'timestamp': 1646368568821}
{'level': 'SEVERE', 'message': "file:///Applications/lghub.app/Contents/Resources/app.asar/app.min.js 1 WebSocket connection to 'ws://localhost:9010/' failed: Error in connection establishment: net::ERR_CONNECTION_REFUSED", 'source': 'network', 'timestamp': 1646368568821}
{'level': 'SEVERE', 'message': "file:///Applications/lghub.app/Contents/Resources/app.asar/app.min.js 1 WebSocket connection to 'ws://localhost:9010/' failed: Error in connection establishment: net::ERR_CONNECTION_REFUSED", 'source': 'network', 'timestamp': 1646368568821}
{'level': 'SEVERE', 'message': "file:///Applications/lghub.app/Contents/Resources/app.asar/app.min.js 1 WebSocket connection to 'ws://localhost:9010/' failed: Error in connection establishment: net::ERR_CONNECTION_REFUSED", 'source': 'network', 'timestamp': 1646368568821}
{'level': 'SEVERE', 'message': "file:///Applications/lghub.app/Contents/Resources/app.asar/app.min.js 1 WebSocket connection to 'ws://localhost:9010/' failed: Error in connection establishment: net::ERR_CONNECTION_REFUSED", 'source': 'network', 'timestamp': 1646368568821}
{'level': 'SEVERE', 'message': "file:///Applications/lghub.app/Contents/Resources/app.asar/app.min.js 1 WebSocket connection to 'ws://localhost:9010/' failed: Error in connection establishment: net::ERR_CONNECTION_REFUSED", 'source': 'network', 'timestamp': 1646368568821}
{'level': 'SEVERE', 'message': "file:///Applications/lghub.app/Contents/Resources/app.asar/app.min.js 1 WebSocket connection to 'ws://localhost:9010/' failed: Error in connection establishment: net::ERR_CONNECTION_REFUSED", 'source': 'network', 'timestamp': 1646368568821}
{'level': 'SEVERE', 'message': "file:///Applications/lghub.app/Contents/Resources/app.asar/app.min.js 1 WebSocket connection to 'ws://localhost:9010/' failed: Error in connection establishment: net::ERR_CONNECTION_REFUSED", 'source': 'network', 'timestamp': 1646368568821}
{'level': 'SEVERE', 'message': "file:///Applications/lghub.app/Contents/Resources/app.asar/app.min.js 1 WebSocket connection to 'ws://localhost:9010/' failed: Error in connection establishment: net::ERR_CONNECTION_REFUSED", 'source': 'network', 'timestamp': 1646368568821}
{'level': 'SEVERE', 'message': "file:///Applications/lghub.app/Contents/Resources/app.asar/app.min.js 1 WebSocket connection to 'ws://localhost:9010/' failed: Error in connection establishment: net::ERR_CONNECTION_REFUSED", 'source': 'network', 'timestamp': 1646368568821}
{'level': 'SEVERE', 'message': "file:///Applications/lghub.app/Contents/Resources/app.asar/app.min.js 1 WebSocket connection to 'ws://localhost:9010/' failed: Error in connection establishment: net::ERR_CONNECTION_REFUSED", 'source': 'network', 'timestamp': 1646368568821}
{'level': 'SEVERE', 'message': "file:///Applications/lghub.app/Contents/Resources/app.asar/app.min.js 1 WebSocket connection to 'ws://localhost:9010/' failed: Error in connection establishment: net::ERR_CONNECTION_REFUSED", 'source': 'network', 'timestamp': 1646368568821}
{'level': 'SEVERE', 'message': "file:///Applications/lghub.app/Contents/Resources/app.asar/app.min.js 1 WebSocket connection to 'ws://localhost:9010/' failed: Error in connection establishment: net::ERR_CONNECTION_REFUSED", 'source': 'network', 'timestamp': 1646368568821}
{'level': 'SEVERE', 'message': "file:///Applications/lghub.app/Contents/Resources/app.asar/app.min.js 1 WebSocket connection to 'ws://localhost:9010/' failed: Error in connection establishment: net::ERR_CONNECTION_REFUSED", 'source': 'network', 'timestamp': 1646368568821}
{'level': 'SEVERE', 'message': "file:///Applications/lghub.app/Contents/Resources/app.asar/app.min.js 1 WebSocket connection to 'ws://localhost:9010/' failed: Error in connection establishment: net::ERR_CONNECTION_REFUSED", 'source': 'network', 'timestamp': 1646368568821}
{'level': 'SEVERE', 'message': "file:///Applications/lghub.app/Contents/Resources/app.asar/app.min.js 1 WebSocket connection to 'ws://localhost:9010/' failed: Error in connection establishment: net::ERR_CONNECTION_REFUSED", 'source': 'network', 'timestamp': 1646368568821}
{'level': 'WARNING', 'message': "file:///Applications/lghub.app/Contents/Resources/app.asar/app.min.js 1 WebSocket connection to 'ws://localhost:9010/' failed: WebSocket is closed before the connection is established.", 'source': 'network', 'timestamp': 1646368568821}
{'level': 'WARNING', 'message': "file:///Applications/lghub.app/Contents/Resources/app.asar/app.min.js 1 WebSocket connection to 'ws://localhost:9010/' failed: WebSocket is closed before the connection is established.", 'source': 'network', 'timestamp': 1646368568821}
{'level': 'WARNING', 'message': "file:///Applications/lghub.app/Contents/Resources/app.asar/app.min.js 1 WebSocket connection to 'ws://localhost:9010/' failed: WebSocket is closed before the connection is established.", 'source': 'network', 'timestamp': 1646368568821}
{'level': 'WARNING', 'message': "file:///Applications/lghub.app/Contents/Resources/app.asar/app.min.js 1 WebSocket connection to 'ws://localhost:9010/' failed: WebSocket is closed before the connection is established.", 'source': 'network', 'timestamp': 1646368568821}
{'level': 'WARNING', 'message': "file:///Applications/lghub.app/Contents/Resources/app.asar/app.min.js 1 WebSocket connection to 'ws://localhost:9010/' failed: WebSocket is closed before the connection is established.", 'source': 'network', 'timestamp': 1646368568821}
{'level': 'WARNING', 'message': "file:///Applications/lghub.app/Contents/Resources/app.asar/app.min.js 1 WebSocket connection to 'ws://localhost:9010/' failed: WebSocket is closed before the connection is established.", 'source': 'network', 'timestamp': 1646368568821}
{'level': 'WARNING', 'message': "file:///Applications/lghub.app/Contents/Resources/app.asar/app.min.js 1 WebSocket connection to 'ws://localhost:9010/' failed: WebSocket is closed before the connection is established.", 'source': 'network', 'timestamp': 1646368568821}
{'level': 'WARNING', 'message': "file:///Applications/lghub.app/Contents/Resources/app.asar/app.min.js 1 WebSocket connection to 'ws://localhost:9010/' failed: WebSocket is closed before the connection is established.", 'source': 'network', 'timestamp': 1646368568821}
{'level': 'WARNING', 'message': "file:///Applications/lghub.app/Contents/Resources/app.asar/app.min.js 1 WebSocket connection to 'ws://localhost:9010/' failed: WebSocket is closed before the connection is established.", 'source': 'network', 'timestamp': 1646368568821}
{'level': 'SEVERE', 'message': "file:///Applications/lghub.app/Contents/Resources/app.asar/app.min.js 1 WebSocket connection to 'ws://localhost:9010/' failed: Error in connection establishment: net::ERR_CONNECTION_REFUSED", 'source': 'network', 'timestamp': 1646368568821}
{'level': 'WARNING', 'message': "file:///Applications/lghub.app/Contents/Resources/app.asar/app.min.js 1 WebSocket connection to 'ws://localhost:9010/' failed: WebSocket is closed before the connection is established.", 'source': 'network', 'timestamp': 1646368568821}
{'level': 'WARNING', 'message': "file:///Applications/lghub.app/Contents/Resources/app.asar/app.min.js 1 WebSocket connection to 'ws://localhost:9010/' failed: WebSocket is closed before the connection is established.", 'source': 'network', 'timestamp': 1646368568821}
{'level': 'WARNING', 'message': "file:///Applications/lghub.app/Contents/Resources/app.asar/app.min.js 1 WebSocket connection to 'ws://localhost:9010/' failed: WebSocket is closed before the connection is established.", 'source': 'network', 'timestamp': 1646368568821}
{'level': 'WARNING', 'message': "file:///Applications/lghub.app/Contents/Resources/app.asar/app.min.js 1 WebSocket connection to 'ws://localhost:9010/' failed: WebSocket is closed before the connection is established.", 'source': 'network', 'timestamp': 1646368568822}
{'level': 'SEVERE', 'message': "file:///Applications/lghub.app/Contents/Resources/app.asar/app.min.js 1 WebSocket connection to 'ws://localhost:9010/' failed: Error in connection establishment: net::ERR_CONNECTION_REFUSED", 'source': 'network', 'timestamp': 1646368568822}
{'level': 'SEVERE', 'message': "file:///Applications/lghub.app/Contents/Resources/app.asar/app.min.js 1 WebSocket connection to 'ws://localhost:9010/' failed: Error in connection establishment: net::ERR_CONNECTION_REFUSED", 'source': 'network', 'timestamp': 1646368568822}
{'level': 'WARNING', 'message': "file:///Applications/lghub.app/Contents/Resources/app.asar/app.min.js 1 WebSocket connection to 'ws://localhost:9010/' failed: WebSocket is closed before the connection is established.", 'source': 'network', 'timestamp': 1646368568822}
{'level': 'WARNING', 'message': "file:///Applications/lghub.app/Contents/Resources/app.asar/app.min.js 1 WebSocket connection to 'ws://localhost:9010/' failed: WebSocket is closed before the connection is established.", 'source': 'network', 'timestamp': 1646368568822}
{'level': 'WARNING', 'message': "file:///Applications/lghub.app/Contents/Resources/app.asar/app.min.js 1 WebSocket connection to 'ws://localhost:9010/' failed: WebSocket is closed before the connection is established.", 'source': 'network', 'timestamp': 1646368568822}
{'level': 'WARNING', 'message': "file:///Applications/lghub.app/Contents/Resources/app.asar/app.min.js 1 WebSocket connection to 'ws://localhost:9010/' failed: WebSocket is closed before the connection is established.", 'source': 'network', 'timestamp': 1646368568822}
{'level': 'WARNING', 'message': "file:///Applications/lghub.app/Contents/Resources/app.asar/app.min.js 1 WebSocket connection to 'ws://localhost:9010/' failed: WebSocket is closed before the connection is established.", 'source': 'network', 'timestamp': 1646368568822}
{'level': 'WARNING', 'message': "file:///Applications/lghub.app/Contents/Resources/app.asar/app.min.js 1 WebSocket connection to 'ws://localhost:9010/' failed: WebSocket is closed before the connection is established.", 'source': 'network', 'timestamp': 1646368568822}
{'level': 'SEVERE', 'message': "file:///Applications/lghub.app/Contents/Resources/app.asar/app.min.js 1 WebSocket connection to 'ws://localhost:9010/' failed: Error in connection establishment: net::ERR_CONNECTION_REFUSED", 'source': 'network', 'timestamp': 1646368568822}
{'level': 'WARNING', 'message': "file:///Applications/lghub.app/Contents/Resources/app.asar/app.min.js 1 WebSocket connection to 'ws://localhost:9010/' failed: WebSocket is closed before the connection is established.", 'source': 'network', 'timestamp': 1646368568822}
{'level': 'WARNING', 'message': "file:///Applications/lghub.app/Contents/Resources/app.asar/app.min.js 1 WebSocket connection to 'ws://localhost:9010/' failed: WebSocket is closed before the connection is established.", 'source': 'network', 'timestamp': 1646368568822}
{'level': 'SEVERE', 'message': "file:///Applications/lghub.app/Contents/Resources/app.asar/app.min.js 1 WebSocket connection to 'ws://localhost:9010/' failed: Error in connection establishment: net::ERR_CONNECTION_REFUSED", 'source': 'network', 'timestamp': 1646368568822}
{'level': 'WARNING', 'message': "file:///Applications/lghub.app/Contents/Resources/app.asar/app.min.js 1 WebSocket connection to 'ws://localhost:9010/' failed: WebSocket is closed before the connection is established.", 'source': 'network', 'timestamp': 1646368568822}
{'level': 'SEVERE', 'message': "file:///Applications/lghub.app/Contents/Resources/app.asar/app.min.js 1 WebSocket connection to 'ws://localhost:9010/' failed: Error in connection establishment: net::ERR_CONNECTION_REFUSED", 'source': 'network', 'timestamp': 1646368568822}
{'level': 'WARNING', 'message': "file:///Applications/lghub.app/Contents/Resources/app.asar/app.min.js 1 WebSocket connection to 'ws://localhost:9010/' failed: WebSocket is closed before the connection is established.", 'source': 'network', 'timestamp': 1646368568822}
{'level': 'WARNING', 'message': "file:///Applications/lghub.app/Contents/Resources/app.asar/app.min.js 1 WebSocket connection to 'ws://localhost:9010/' failed: WebSocket is closed before the connection is established.", 'source': 'network', 'timestamp': 1646368568822}
{'level': 'WARNING', 'message': "file:///Applications/lghub.app/Contents/Resources/app.asar/app.min.js 1 WebSocket connection to 'ws://localhost:9010/' failed: WebSocket is closed before the connection is established.", 'source': 'network', 'timestamp': 1646368568822}
{'level': 'SEVERE', 'message': "file:///Applications/lghub.app/Contents/Resources/app.asar/app.min.js 1 WebSocket connection to 'ws://localhost:9010/' failed: Error in connection establishment: net::ERR_CONNECTION_REFUSED", 'source': 'network', 'timestamp': 1646368568822}
{'level': 'WARNING', 'message': "file:///Applications/lghub.app/Contents/Resources/app.asar/app.min.js 1 WebSocket connection to 'ws://localhost:9010/' failed: WebSocket is closed before the connection is established.", 'source': 'network', 'timestamp': 1646368568822}
{'level': 'SEVERE', 'message': "file:///Applications/lghub.app/Contents/Resources/app.asar/app.min.js 1 WebSocket connection to 'ws://localhost:9010/' failed: Error in connection establishment: net::ERR_CONNECTION_REFUSED", 'source': 'network', 'timestamp': 1646368568822}
{'level': 'WARNING', 'message': "file:///Applications/lghub.app/Contents/Resources/app.asar/app.min.js 1 WebSocket connection to 'ws://localhost:9010/' failed: WebSocket is closed before the connection is established.", 'source': 'network', 'timestamp': 1646368568822}
{'level': 'SEVERE', 'message': "file:///Applications/lghub.app/Contents/Resources/app.asar/app.min.js 1 WebSocket connection to 'ws://localhost:9010/' failed: Error in connection establishment: net::ERR_CONNECTION_REFUSED", 'source': 'network', 'timestamp': 1646368568822}
{'level': 'SEVERE', 'message': "file:///Applications/lghub.app/Contents/Resources/app.asar/app.min.js 1 WebSocket connection to 'ws://localhost:9010/' failed: Error in connection establishment: net::ERR_CONNECTION_REFUSED", 'source': 'network', 'timestamp': 1646368568822}
{'level': 'SEVERE', 'message': "file:///Applications/lghub.app/Contents/Resources/app.asar/app.min.js 1 WebSocket connection to 'ws://localhost:9010/' failed: Error in connection establishment: net::ERR_CONNECTION_REFUSED", 'source': 'network', 'timestamp': 1646368568822}
{'level': 'SEVERE', 'message': "file:///Applications/lghub.app/Contents/Resources/app.asar/app.min.js 1 WebSocket connection to 'ws://localhost:9010/' failed: Error in connection establishment: net::ERR_CONNECTION_REFUSED", 'source': 'network', 'timestamp': 1646368568822}
{'level': 'SEVERE', 'message': "file:///Applications/lghub.app/Contents/Resources/app.asar/app.min.js 1 WebSocket connection to 'ws://localhost:9010/' failed: Error in connection establishment: net::ERR_CONNECTION_REFUSED", 'source': 'network', 'timestamp': 1646368568822}
{'level': 'SEVERE', 'message': "file:///Applications/lghub.app/Contents/Resources/app.asar/app.min.js 1 WebSocket connection to 'ws://localhost:9010/' failed: Error in connection establishment: net::ERR_CONNECTION_REFUSED", 'source': 'network', 'timestamp': 1646368568822}
{'level': 'SEVERE', 'message': "file:///Applications/lghub.app/Contents/Resources/app.asar/app.min.js 1 WebSocket connection to 'ws://localhost:9010/' failed: Error in connection establishment: net::ERR_CONNECTION_REFUSED", 'source': 'network', 'timestamp': 1646368568822}
{'level': 'SEVERE', 'message': "file:///Applications/lghub.app/Contents/Resources/app.asar/app.min.js 1 WebSocket connection to 'ws://localhost:9010/' failed: Error in connection establishment: net::ERR_CONNECTION_REFUSED", 'source': 'network', 'timestamp': 1646368568822}
{'level': 'SEVERE', 'message': "file:///Applications/lghub.app/Contents/Resources/app.asar/app.min.js 1 WebSocket connection to 'ws://localhost:9010/' failed: Error in connection establishment: net::ERR_CONNECTION_REFUSED", 'source': 'network', 'timestamp': 1646368568822}
{'level': 'SEVERE', 'message': "file:///Applications/lghub.app/Contents/Resources/app.asar/app.min.js 1 WebSocket connection to 'ws://localhost:9010/' failed: Error in connection establishment: net::ERR_CONNECTION_REFUSED", 'source': 'network', 'timestamp': 1646368568822}
{'level': 'SEVERE', 'message': "file:///Applications/lghub.app/Contents/Resources/app.asar/app.min.js 1 WebSocket connection to 'ws://localhost:9010/' failed: Error in connection establishment: net::ERR_CONNECTION_REFUSED", 'source': 'network', 'timestamp': 1646368568822}
{'level': 'SEVERE', 'message': "file:///Applications/lghub.app/Contents/Resources/app.asar/app.min.js 1 WebSocket connection to 'ws://localhost:9010/' failed: Error in connection establishment: net::ERR_CONNECTION_REFUSED", 'source': 'network', 'timestamp': 1646368568822}
{'level': 'SEVERE', 'message': "file:///Applications/lghub.app/Contents/Resources/app.asar/app.min.js 1 WebSocket connection to 'ws://localhost:9010/' failed: Error in connection establishment: net::ERR_CONNECTION_REFUSED", 'source': 'network', 'timestamp': 1646368568822}
{'level': 'SEVERE', 'message': "file:///Applications/lghub.app/Contents/Resources/app.asar/app.min.js 1 WebSocket connection to 'ws://localhost:9010/' failed: Error in connection establishment: net::ERR_CONNECTION_REFUSED", 'source': 'network', 'timestamp': 1646368568822}
{'level': 'SEVERE', 'message': "file:///Applications/lghub.app/Contents/Resources/app.asar/app.min.js 1 WebSocket connection to 'ws://localhost:9010/' failed: Error in connection establishment: net::ERR_CONNECTION_REFUSED", 'source': 'network', 'timestamp': 1646368568822}
{'level': 'WARNING', 'message': "file:///Applications/lghub.app/Contents/Resources/app.asar/app.min.js 1 WebSocket connection to 'ws://localhost:9010/' failed: WebSocket is closed before the connection is established.", 'source': 'network', 'timestamp': 1646368568822}
{'level': 'WARNING', 'message': "file:///Applications/lghub.app/Contents/Resources/app.asar/app.min.js 1 WebSocket connection to 'ws://localhost:9010/' failed: WebSocket is closed before the connection is established.", 'source': 'network', 'timestamp': 1646368568822}
{'level': 'WARNING', 'message': "file:///Applications/lghub.app/Contents/Resources/app.asar/app.min.js 1 WebSocket connection to 'ws://localhost:9010/' failed: WebSocket is closed before the connection is established.", 'source': 'network', 'timestamp': 1646368568822}
{'level': 'WARNING', 'message': "file:///Applications/lghub.app/Contents/Resources/app.asar/app.min.js 1 WebSocket connection to 'ws://localhost:9010/' failed: WebSocket is closed before the connection is established.", 'source': 'network', 'timestamp': 1646368568822}
{'level': 'WARNING', 'message': "file:///Applications/lghub.app/Contents/Resources/app.asar/app.min.js 1 WebSocket connection to 'ws://localhost:9010/' failed: WebSocket is closed before the connection is established.", 'source': 'network', 'timestamp': 1646368568823}
{'level': 'SEVERE', 'message': "file:///Applications/lghub.app/Contents/Resources/app.asar/app.min.js 1 WebSocket connection to 'ws://localhost:9010/' failed: Error in connection establishment: net::ERR_CONNECTION_REFUSED", 'source': 'network', 'timestamp': 1646368568823}
{'level': 'WARNING', 'message': "file:///Applications/lghub.app/Contents/Resources/app.asar/app.min.js 1 WebSocket connection to 'ws://localhost:9010/' failed: WebSocket is closed before the connection is established.", 'source': 'network', 'timestamp': 1646368568823}
{'level': 'WARNING', 'message': "file:///Applications/lghub.app/Contents/Resources/app.asar/app.min.js 1 WebSocket connection to 'ws://localhost:9010/' failed: WebSocket is closed before the connection is established.", 'source': 'network', 'timestamp': 1646368568823}
{'level': 'WARNING', 'message': "file:///Applications/lghub.app/Contents/Resources/app.asar/app.min.js 1 WebSocket connection to 'ws://localhost:9010/' failed: WebSocket is closed before the connection is established.", 'source': 'network', 'timestamp': 1646368568823}
{'level': 'WARNING', 'message': "file:///Applications/lghub.app/Contents/Resources/app.asar/app.min.js 1 WebSocket connection to 'ws://localhost:9010/' failed: WebSocket is closed before the connection is established.", 'source': 'network', 'timestamp': 1646368568823}
{'level': 'SEVERE', 'message': "file:///Applications/lghub.app/Contents/Resources/app.asar/app.min.js 1 WebSocket connection to 'ws://localhost:9010/' failed: Error in connection establishment: net::ERR_CONNECTION_REFUSED", 'source': 'network', 'timestamp': 1646368568823}
{'level': 'WARNING', 'message': "file:///Applications/lghub.app/Contents/Resources/app.asar/app.min.js 1 WebSocket connection to 'ws://localhost:9010/' failed: WebSocket is closed before the connection is established.", 'source': 'network', 'timestamp': 1646368568823}
{'level': 'WARNING', 'message': "file:///Applications/lghub.app/Contents/Resources/app.asar/app.min.js 1 WebSocket connection to 'ws://localhost:9010/' failed: WebSocket is closed before the connection is established.", 'source': 'network', 'timestamp': 1646368568823}
{'level': 'SEVERE', 'message': "file:///Applications/lghub.app/Contents/Resources/app.asar/app.min.js 1 WebSocket connection to 'ws://localhost:9010/' failed: Error in connection establishment: net::ERR_CONNECTION_REFUSED", 'source': 'network', 'timestamp': 1646368568823}
{'level': 'WARNING', 'message': "file:///Applications/lghub.app/Contents/Resources/app.asar/app.min.js 1 WebSocket connection to 'ws://localhost:9010/' failed: WebSocket is closed before the connection is established.", 'source': 'network', 'timestamp': 1646368568823}
{'level': 'WARNING', 'message': "file:///Applications/lghub.app/Contents/Resources/app.asar/app.min.js 1 WebSocket connection to 'ws://localhost:9010/' failed: WebSocket is closed before the connection is established.", 'source': 'network', 'timestamp': 1646368568823}
{'level': 'WARNING', 'message': "file:///Applications/lghub.app/Contents/Resources/app.asar/app.min.js 1 WebSocket connection to 'ws://localhost:9010/' failed: WebSocket is closed before the connection is established.", 'source': 'network', 'timestamp': 1646368568823}
{'level': 'WARNING', 'message': "file:///Applications/lghub.app/Contents/Resources/app.asar/app.min.js 1 WebSocket connection to 'ws://localhost:9010/' failed: WebSocket is closed before the connection is established.", 'source': 'network', 'timestamp': 1646368568823}
{'level': 'WARNING', 'message': "file:///Applications/lghub.app/Contents/Resources/app.asar/app.min.js 1 WebSocket connection to 'ws://localhost:9010/' failed: WebSocket is closed before the connection is established.", 'source': 'network', 'timestamp': 1646368568823}
{'level': 'WARNING', 'message': "file:///Applications/lghub.app/Contents/Resources/app.asar/app.min.js 1 WebSocket connection to 'ws://localhost:9010/' failed: WebSocket is closed before the connection is established.", 'source': 'network', 'timestamp': 1646368568823}
{'level': 'SEVERE', 'message': "file:///Applications/lghub.app/Contents/Resources/app.asar/app.min.js 1 WebSocket connection to 'ws://localhost:9010/' failed: Error in connection establishment: net::ERR_CONNECTION_REFUSED", 'source': 'network', 'timestamp': 1646368568823}
{'level': 'WARNING', 'message': "file:///Applications/lghub.app/Contents/Resources/app.asar/app.min.js 1 WebSocket connection to 'ws://localhost:9010/' failed: WebSocket is closed before the connection is established.", 'source': 'network', 'timestamp': 1646368568823}
{'level': 'WARNING', 'message': "file:///Applications/lghub.app/Contents/Resources/app.asar/app.min.js 1 WebSocket connection to 'ws://localhost:9010/' failed: WebSocket is closed before the connection is established.", 'source': 'network', 'timestamp': 1646368568823}
{'level': 'SEVERE', 'message': "file:///Applications/lghub.app/Contents/Resources/app.asar/app.min.js 1 WebSocket connection to 'ws://localhost:9010/' failed: Error in connection establishment: net::ERR_CONNECTION_REFUSED", 'source': 'network', 'timestamp': 1646368568823}
{'level': 'WARNING', 'message': "file:///Applications/lghub.app/Contents/Resources/app.asar/app.min.js 1 WebSocket connection to 'ws://localhost:9010/' failed: WebSocket is closed before the connection is established.", 'source': 'network', 'timestamp': 1646368568823}
{'level': 'WARNING', 'message': "file:///Applications/lghub.app/Contents/Resources/app.asar/app.min.js 1 WebSocket connection to 'ws://localhost:9010/' failed: WebSocket is closed before the connection is established.", 'source': 'network', 'timestamp': 1646368568823}
{'level': 'WARNING', 'message': "file:///Applications/lghub.app/Contents/Resources/app.asar/app.min.js 1 WebSocket connection to 'ws://localhost:9010/' failed: WebSocket is closed before the connection is established.", 'source': 'network', 'timestamp': 1646368568823}
{'level': 'SEVERE', 'message': "file:///Applications/lghub.app/Contents/Resources/app.asar/app.min.js 1 WebSocket connection to 'ws://localhost:9010/' failed: Error in connection establishment: net::ERR_CONNECTION_REFUSED", 'source': 'network', 'timestamp': 1646368568823}
{'level': 'SEVERE', 'message': "file:///Applications/lghub.app/Contents/Resources/app.asar/app.min.js 1 WebSocket connection to 'ws://localhost:9010/' failed: Error in connection establishment: net::ERR_CONNECTION_REFUSED", 'source': 'network', 'timestamp': 1646368568823}
{'level': 'WARNING', 'message': "file:///Applications/lghub.app/Contents/Resources/app.asar/app.min.js 1 WebSocket connection to 'ws://localhost:9010/' failed: WebSocket is closed before the connection is established.", 'source': 'network', 'timestamp': 1646368568823}
{'level': 'WARNING', 'message': "file:///Applications/lghub.app/Contents/Resources/app.asar/app.min.js 1 WebSocket connection to 'ws://localhost:9010/' failed: WebSocket is closed before the connection is established.", 'source': 'network', 'timestamp': 1646368568823}
{'level': 'SEVERE', 'message': "file:///Applications/lghub.app/Contents/Resources/app.asar/app.min.js 1 WebSocket connection to 'ws://localhost:9010/' failed: Error in connection establishment: net::ERR_CONNECTION_REFUSED", 'source': 'network', 'timestamp': 1646368568823}
{'level': 'SEVERE', 'message': "file:///Applications/lghub.app/Contents/Resources/app.asar/app.min.js 1 WebSocket connection to 'ws://localhost:9010/' failed: Error in connection establishment: net::ERR_CONNECTION_REFUSED", 'source': 'network', 'timestamp': 1646368568823}
{'level': 'WARNING', 'message': "file:///Applications/lghub.app/Contents/Resources/app.asar/app.min.js 1 WebSocket connection to 'ws://localhost:9010/' failed: WebSocket is closed before the connection is established.", 'source': 'network', 'timestamp': 1646368568823}
{'level': 'WARNING', 'message': "file:///Applications/lghub.app/Contents/Resources/app.asar/app.min.js 1 WebSocket connection to 'ws://localhost:9010/' failed: WebSocket is closed before the connection is established.", 'source': 'network', 'timestamp': 1646368568823}
{'level': 'WARNING', 'message': "file:///Applications/lghub.app/Contents/Resources/app.asar/app.min.js 1 WebSocket connection to 'ws://localhost:9010/' failed: WebSocket is closed before the connection is established.", 'source': 'network', 'timestamp': 1646368568823}
{'level': 'SEVERE', 'message': "file:///Applications/lghub.app/Contents/Resources/app.asar/app.min.js 1 WebSocket connection to 'ws://localhost:9010/' failed: Error in connection establishment: net::ERR_CONNECTION_REFUSED", 'source': 'network', 'timestamp': 1646368568823}
{'level': 'SEVERE', 'message': "file:///Applications/lghub.app/Contents/Resources/app.asar/app.min.js 1 WebSocket connection to 'ws://localhost:9010/' failed: Error in connection establishment: net::ERR_CONNECTION_REFUSED", 'source': 'network', 'timestamp': 1646368568823}
